+ source /root/mugen/libs/locallibs/common_lib.sh
++ python3 --version
++ '[' 0 -eq 0 ']'
++ source /root/mugen/libs/locallibs/common_lib_python.sh
+ main
++ type -t post_test
+ '[' -n function ']'
+ trap post_test EXIT INT HUP TERM
+ rpm -qa
+ grep expect
++ type -t config_params
+ '[' -n '' ']'
++ type -t pre_test
+ '[' -n function ']'
+ pre_test
+ LOG_INFO 'Start environment preparation.'
+ message='Start environment preparation.'
+ python3 /root/mugen/libs/locallibs/mugen_log.py --level info --message 'Start environment preparation.'
Wed Sep 27 10:49:15 2023 - INFO  - Start environment preparation.
+ DNF_INSTALL gcc-c++
+ pkgs=gcc-c++
+ node=1
+ '[' -z '' ']'
+ tmpfile=
++ python3 /root/mugen/libs/locallibs/rpm_manage.py install --pkgs gcc-c++ --node 1 --tempfile ''
+ tmpfile2='Last metadata expiration check: 0:26:29 ago on Wed 27 Sep 2023 10:23:30 AM UTC.
Dependencies resolved.
================================================================================
 Package                Architecture   Version                  Repo       Size
================================================================================
Installing:
 gcc-c++                riscv64        12.3.1-16.oe2309         OS         10 M
Installing dependencies:
 libstdc++-devel        riscv64        12.3.1-16.oe2309         OS        3.1 M

Transaction Summary
================================================================================
Install  2 Packages

Total download size: 13 M
Installed size: 44 M
Downloading Packages:
(1/2): libstdc++-devel-12.3.1-16.oe2309.riscv64 2.5 MB/s | 3.1 MB     00:01    
[MIRROR] gcc-c++-12.3.1-16.oe2309.riscv64.rpm: Curl error (28): Timeout was reached for https://mirror.iscas.ac.cn/openeuler-sig-riscv/openEuler-RISC-V/testing/20230926/v0.2/repo/23.09/mainline/riscv64/gcc-c%2b%2b-12.3.1-16.oe2309.riscv64.rpm [Operation too slow. Less than 1000 bytes/sec transferred the last 30 seconds]
[MIRROR] gcc-c++-12.3.1-16.oe2309.riscv64.rpm: Curl error (28): Timeout was reached for https://mirror.iscas.ac.cn/openeuler-sig-riscv/openEuler-RISC-V/testing/20230926/v0.2/repo/23.09/mainline/riscv64/gcc-c%2b%2b-12.3.1-16.oe2309.riscv64.rpm [Operation too slow. Less than 1000 bytes/sec transferred the last 30 seconds]
[MIRROR] gcc-c++-12.3.1-16.oe2309.riscv64.rpm: Curl error (28): Timeout was reached for https://mirror.iscas.ac.cn/openeuler-sig-riscv/openEuler-RISC-V/testing/20230926/v0.2/repo/23.09/mainline/riscv64/gcc-c%2b%2b-12.3.1-16.oe2309.riscv64.rpm [Operation too slow. Less than 1000 bytes/sec transferred the last 30 seconds]
[MIRROR] gcc-c++-12.3.1-16.oe2309.riscv64.rpm: Curl error (28): Timeout was reached for https://mirror.iscas.ac.cn/openeuler-sig-riscv/openEuler-RISC-V/testing/20230926/v0.2/repo/23.09/mainline/riscv64/gcc-c%2b%2b-12.3.1-16.oe2309.riscv64.rpm [Operation too slow. Less than 1000 bytes/sec transferred the last 30 seconds]
[FAILED] gcc-c++-12.3.1-16.oe2309.riscv64.rpm: No more mirrors to try - All mirrors were already tried without success

The downloaded packages were saved in cache until the next successful transaction.
You can remove cached packages by executing '\''dnf clean packages'\''.
Error: Error downloading packages:
  gcc-c++-12.3.1-16.oe2309.riscv64: Cannot download, all mirrors were already tried without success'
+ '[' -z '' ']'
+ tmpfile='Last metadata expiration check: 0:26:29 ago on Wed 27 Sep 2023 10:23:30 AM UTC.
Dependencies resolved.
================================================================================
 Package                Architecture   Version                  Repo       Size
================================================================================
Installing:
 gcc-c++                riscv64        12.3.1-16.oe2309         OS         10 M
Installing dependencies:
 libstdc++-devel        riscv64        12.3.1-16.oe2309         OS        3.1 M

Transaction Summary
================================================================================
Install  2 Packages

Total download size: 13 M
Installed size: 44 M
Downloading Packages:
(1/2): libstdc++-devel-12.3.1-16.oe2309.riscv64 2.5 MB/s | 3.1 MB     00:01    
[MIRROR] gcc-c++-12.3.1-16.oe2309.riscv64.rpm: Curl error (28): Timeout was reached for https://mirror.iscas.ac.cn/openeuler-sig-riscv/openEuler-RISC-V/testing/20230926/v0.2/repo/23.09/mainline/riscv64/gcc-c%2b%2b-12.3.1-16.oe2309.riscv64.rpm [Operation too slow. Less than 1000 bytes/sec transferred the last 30 seconds]
[MIRROR] gcc-c++-12.3.1-16.oe2309.riscv64.rpm: Curl error (28): Timeout was reached for https://mirror.iscas.ac.cn/openeuler-sig-riscv/openEuler-RISC-V/testing/20230926/v0.2/repo/23.09/mainline/riscv64/gcc-c%2b%2b-12.3.1-16.oe2309.riscv64.rpm [Operation too slow. Less than 1000 bytes/sec transferred the last 30 seconds]
[MIRROR] gcc-c++-12.3.1-16.oe2309.riscv64.rpm: Curl error (28): Timeout was reached for https://mirror.iscas.ac.cn/openeuler-sig-riscv/openEuler-RISC-V/testing/20230926/v0.2/repo/23.09/mainline/riscv64/gcc-c%2b%2b-12.3.1-16.oe2309.riscv64.rpm [Operation too slow. Less than 1000 bytes/sec transferred the last 30 seconds]
[MIRROR] gcc-c++-12.3.1-16.oe2309.riscv64.rpm: Curl error (28): Timeout was reached for https://mirror.iscas.ac.cn/openeuler-sig-riscv/openEuler-RISC-V/testing/20230926/v0.2/repo/23.09/mainline/riscv64/gcc-c%2b%2b-12.3.1-16.oe2309.riscv64.rpm [Operation too slow. Less than 1000 bytes/sec transferred the last 30 seconds]
[FAILED] gcc-c++-12.3.1-16.oe2309.riscv64.rpm: No more mirrors to try - All mirrors were already tried without success

The downloaded packages were saved in cache until the next successful transaction.
You can remove cached packages by executing '\''dnf clean packages'\''.
Error: Error downloading packages:
  gcc-c++-12.3.1-16.oe2309.riscv64: Cannot download, all mirrors were already tried without success'
+ mkdir -p /tmp/test /tmp/person
+ path1=/tmp/test
+ path2=/tmp/person
+ cat
+ cat
+ cat
+ LOG_INFO 'End of environmental preparation!'
+ message='End of environmental preparation!'
+ python3 /root/mugen/libs/locallibs/mugen_log.py --level info --message 'End of environmental preparation!'
Wed Sep 27 10:52:10 2023 - INFO  - End of environmental preparation!
++ type -t run_test
+ '[' -n function ']'
+ run_test
+ LOG_INFO 'Start testing...'
+ message='Start testing...'
+ python3 /root/mugen/libs/locallibs/mugen_log.py --level info --message 'Start testing...'
Wed Sep 27 10:52:11 2023 - INFO  - Start testing...
+ cd /tmp/person
+ gcc person.cpp -fpic -shared -o libperson.so
gcc: fatal error: cannot execute ‘cc1plus’: execvp: No such file or directory
compilation terminated.
+ test -f /tmp/person/libperson.so
+ CHECK_RESULT 1 0 0 'libperson file fails'
+ actual_result=1
+ expect_result=0
+ mode=0
+ error_log='libperson file fails'
+ exit_mode=0
+ '[' -z 1 ']'
+ '[' 0 -eq 0 ']'
+ test 1x '!=' 0x
+ test -n 'libperson file fails'
+ LOG_ERROR 'libperson file fails'
+ message='libperson file fails'
+ python3 /root/mugen/libs/locallibs/mugen_log.py --level error --message 'libperson file fails'
Wed Sep 27 10:52:12 2023 - ERROR - libperson file fails
+ (( exec_result++ ))
+ LOG_ERROR 'oe_test_gcc_002.sh line 64'
+ message='oe_test_gcc_002.sh line 64'
+ python3 /root/mugen/libs/locallibs/mugen_log.py --level error --message 'oe_test_gcc_002.sh line 64'
Wed Sep 27 10:52:12 2023 - ERROR - oe_test_gcc_002.sh line 64
+ '[' 0 -eq 1 ']'
+ return 0
+ cd /tmp/test
+ g++ main.cpp -o main -I../person -L../person -lperson
oe_test_gcc_002.sh: line 65: g++: command not found
+ test -f /tmp/test/main
+ CHECK_RESULT 1 0 0 'main file fails'
+ actual_result=1
+ expect_result=0
+ mode=0
+ error_log='main file fails'
+ exit_mode=0
+ '[' -z 1 ']'
+ '[' 0 -eq 0 ']'
+ test 1x '!=' 0x
+ test -n 'main file fails'
+ LOG_ERROR 'main file fails'
+ message='main file fails'
+ python3 /root/mugen/libs/locallibs/mugen_log.py --level error --message 'main file fails'
Wed Sep 27 10:52:13 2023 - ERROR - main file fails
+ (( exec_result++ ))
+ LOG_ERROR 'oe_test_gcc_002.sh line 67'
+ message='oe_test_gcc_002.sh line 67'
+ python3 /root/mugen/libs/locallibs/mugen_log.py --level error --message 'oe_test_gcc_002.sh line 67'
Wed Sep 27 10:52:14 2023 - ERROR - oe_test_gcc_002.sh line 67
+ '[' 0 -eq 1 ']'
+ return 0
+ export LD_LIBRARY_PATH=../person
+ LD_LIBRARY_PATH=../person
+ ./main
oe_test_gcc_002.sh: line 69: ./main: No such file or directory
+ grep 'test g++' /tmp/test/main.txt
+ CHECK_RESULT 1 0 0 'main.txt file fails'
+ actual_result=1
+ expect_result=0
+ mode=0
+ error_log='main.txt file fails'
+ exit_mode=0
+ '[' -z 1 ']'
+ '[' 0 -eq 0 ']'
+ test 1x '!=' 0x
+ test -n 'main.txt file fails'
+ LOG_ERROR 'main.txt file fails'
+ message='main.txt file fails'
+ python3 /root/mugen/libs/locallibs/mugen_log.py --level error --message 'main.txt file fails'
Wed Sep 27 10:52:14 2023 - ERROR - main.txt file fails
+ (( exec_result++ ))
+ LOG_ERROR 'oe_test_gcc_002.sh line 71'
+ message='oe_test_gcc_002.sh line 71'
+ python3 /root/mugen/libs/locallibs/mugen_log.py --level error --message 'oe_test_gcc_002.sh line 71'
Wed Sep 27 10:52:15 2023 - ERROR - oe_test_gcc_002.sh line 71
+ '[' 0 -eq 1 ']'
+ return 0
+ ldd main
ldd: ./main: No such file or directory
+ grep linux-vdso.so.1 /tmp/test/lddmain.txt
+ CHECK_RESULT 1 0 0 'lddmain.txt file fails'
+ actual_result=1
+ expect_result=0
+ mode=0
+ error_log='lddmain.txt file fails'
+ exit_mode=0
+ '[' -z 1 ']'
+ '[' 0 -eq 0 ']'
+ test 1x '!=' 0x
+ test -n 'lddmain.txt file fails'
+ LOG_ERROR 'lddmain.txt file fails'
+ message='lddmain.txt file fails'
+ python3 /root/mugen/libs/locallibs/mugen_log.py --level error --message 'lddmain.txt file fails'
Wed Sep 27 10:52:16 2023 - ERROR - lddmain.txt file fails
+ (( exec_result++ ))
+ LOG_ERROR 'oe_test_gcc_002.sh line 74'
+ message='oe_test_gcc_002.sh line 74'
+ python3 /root/mugen/libs/locallibs/mugen_log.py --level error --message 'oe_test_gcc_002.sh line 74'
Wed Sep 27 10:52:16 2023 - ERROR - oe_test_gcc_002.sh line 74
+ '[' 0 -eq 1 ']'
+ return 0
+ CASE_RESULT 0
+ case_re=0
+ test -z 4
+ test 4 -gt 0
+ LOG_ERROR 'failed to execute the case.'
+ message='failed to execute the case.'
+ python3 /root/mugen/libs/locallibs/mugen_log.py --level error --message 'failed to execute the case.'
Wed Sep 27 10:52:17 2023 - ERROR - failed to execute the case.
+ exit 4
+ post_test
+ LOG_INFO 'start environment cleanup.'
+ message='start environment cleanup.'
+ python3 /root/mugen/libs/locallibs/mugen_log.py --level info --message 'start environment cleanup.'
Wed Sep 27 10:52:18 2023 - INFO  - start environment cleanup.
+ rm -rf /tmp/test /tmp/person
+ DNF_REMOVE
+ node=1
+ pkg_list=
+ mode=0
+ [[ -z Last metadata expiration check: 0:26:29 ago on Wed 27 Sep 2023 10:23:30 AM UTC.
Dependencies resolved.
================================================================================
 Package                Architecture   Version                  Repo       Size
================================================================================
Installing:
 gcc-c++                riscv64        12.3.1-16.oe2309         OS         10 M
Installing dependencies:
 libstdc++-devel        riscv64        12.3.1-16.oe2309         OS        3.1 M

Transaction Summary
================================================================================
Install  2 Packages

Total download size: 13 M
Installed size: 44 M
Downloading Packages:
(1/2): libstdc++-devel-12.3.1-16.oe2309.riscv64 2.5 MB/s | 3.1 MB     00:01    
[MIRROR] gcc-c++-12.3.1-16.oe2309.riscv64.rpm: Curl error (28): Timeout was reached for https://mirror.iscas.ac.cn/openeuler-sig-riscv/openEuler-RISC-V/testing/20230926/v0.2/repo/23.09/mainline/riscv64/gcc-c%2b%2b-12.3.1-16.oe2309.riscv64.rpm [Operation too slow. Less than 1000 bytes/sec transferred the last 30 seconds]
[MIRROR] gcc-c++-12.3.1-16.oe2309.riscv64.rpm: Curl error (28): Timeout was reached for https://mirror.iscas.ac.cn/openeuler-sig-riscv/openEuler-RISC-V/testing/20230926/v0.2/repo/23.09/mainline/riscv64/gcc-c%2b%2b-12.3.1-16.oe2309.riscv64.rpm [Operation too slow. Less than 1000 bytes/sec transferred the last 30 seconds]
[MIRROR] gcc-c++-12.3.1-16.oe2309.riscv64.rpm: Curl error (28): Timeout was reached for https://mirror.iscas.ac.cn/openeuler-sig-riscv/openEuler-RISC-V/testing/20230926/v0.2/repo/23.09/mainline/riscv64/gcc-c%2b%2b-12.3.1-16.oe2309.riscv64.rpm [Operation too slow. Less than 1000 bytes/sec transferred the last 30 seconds]
[MIRROR] gcc-c++-12.3.1-16.oe2309.riscv64.rpm: Curl error (28): Timeout was reached for https://mirror.iscas.ac.cn/openeuler-sig-riscv/openEuler-RISC-V/testing/20230926/v0.2/repo/23.09/mainline/riscv64/gcc-c%2b%2b-12.3.1-16.oe2309.riscv64.rpm [Operation too slow. Less than 1000 bytes/sec transferred the last 30 seconds]
[FAILED] gcc-c++-12.3.1-16.oe2309.riscv64.rpm: No more mirrors to try - All mirrors were already tried without success

The downloaded packages were saved in cache until the next successful transaction.
You can remove cached packages by executing 'dnf clean packages'.
Error: Error downloading packages:
  gcc-c++-12.3.1-16.oe2309.riscv64: Cannot download, all mirrors were already tried without success ]]
+ '[' 0 -ne 0 ']'
+ '[' 1 == 0 ']'
+ python3 /root/mugen/libs/locallibs/rpm_manage.py remove --node 1 --pkgs '' --tempfile 'Last metadata expiration check: 0:26:29 ago on Wed 27 Sep 2023 10:23:30 AM UTC.
Dependencies resolved.
================================================================================
 Package                Architecture   Version                  Repo       Size
================================================================================
Installing:
 gcc-c++                riscv64        12.3.1-16.oe2309         OS         10 M
Installing dependencies:
 libstdc++-devel        riscv64        12.3.1-16.oe2309         OS        3.1 M

Transaction Summary
================================================================================
Install  2 Packages

Total download size: 13 M
Installed size: 44 M
Downloading Packages:
(1/2): libstdc++-devel-12.3.1-16.oe2309.riscv64 2.5 MB/s | 3.1 MB     00:01    
[MIRROR] gcc-c++-12.3.1-16.oe2309.riscv64.rpm: Curl error (28): Timeout was reached for https://mirror.iscas.ac.cn/openeuler-sig-riscv/openEuler-RISC-V/testing/20230926/v0.2/repo/23.09/mainline/riscv64/gcc-c%2b%2b-12.3.1-16.oe2309.riscv64.rpm [Operation too slow. Less than 1000 bytes/sec transferred the last 30 seconds]
[MIRROR] gcc-c++-12.3.1-16.oe2309.riscv64.rpm: Curl error (28): Timeout was reached for https://mirror.iscas.ac.cn/openeuler-sig-riscv/openEuler-RISC-V/testing/20230926/v0.2/repo/23.09/mainline/riscv64/gcc-c%2b%2b-12.3.1-16.oe2309.riscv64.rpm [Operation too slow. Less than 1000 bytes/sec transferred the last 30 seconds]
[MIRROR] gcc-c++-12.3.1-16.oe2309.riscv64.rpm: Curl error (28): Timeout was reached for https://mirror.iscas.ac.cn/openeuler-sig-riscv/openEuler-RISC-V/testing/20230926/v0.2/repo/23.09/mainline/riscv64/gcc-c%2b%2b-12.3.1-16.oe2309.riscv64.rpm [Operation too slow. Less than 1000 bytes/sec transferred the last 30 seconds]
[MIRROR] gcc-c++-12.3.1-16.oe2309.riscv64.rpm: Curl error (28): Timeout was reached for https://mirror.iscas.ac.cn/openeuler-sig-riscv/openEuler-RISC-V/testing/20230926/v0.2/repo/23.09/mainline/riscv64/gcc-c%2b%2b-12.3.1-16.oe2309.riscv64.rpm [Operation too slow. Less than 1000 bytes/sec transferred the last 30 seconds]
[FAILED] gcc-c++-12.3.1-16.oe2309.riscv64.rpm: No more mirrors to try - All mirrors were already tried without success

The downloaded packages were saved in cache until the next successful transaction.
You can remove cached packages by executing '\''dnf clean packages'\''.
Error: Error downloading packages:
  gcc-c++-12.3.1-16.oe2309.riscv64: Cannot download, all mirrors were already tried without success'
Traceback (most recent call last):
  File "/root/mugen/libs/locallibs/rpm_manage.py", line 192, in <module>
    exitcode = rpm_remove(args.node, args.pkgs, args.tempfile)
               ^^^^^^^^^^^^^^^^^^^^^^^^^^^^^^^^^^^^^^^^^^^^^^^
  File "/root/mugen/libs/locallibs/rpm_manage.py", line 163, in rpm_remove
    with open(tmpfile, "r") as f:
         ^^^^^^^^^^^^^^^^^^
FileNotFoundError: [Errno 2] No such file or directory: "Last metadata expiration check: 0:26:29 ago on Wed 27 Sep 2023 10:23:30 AM UTC.\nDependencies resolved.\n================================================================================\n Package                Architecture   Version                  Repo       Size\n================================================================================\nInstalling:\n gcc-c++                riscv64        12.3.1-16.oe2309         OS         10 M\nInstalling dependencies:\n libstdc++-devel        riscv64        12.3.1-16.oe2309         OS        3.1 M\n\nTransaction Summary\n================================================================================\nInstall  2 Packages\n\nTotal download size: 13 M\nInstalled size: 44 M\nDownloading Packages:\n(1/2): libstdc++-devel-12.3.1-16.oe2309.riscv64 2.5 MB/s | 3.1 MB     00:01    \n[MIRROR] gcc-c++-12.3.1-16.oe2309.riscv64.rpm: Curl error (28): Timeout was reached for https://mirror.iscas.ac.cn/openeuler-sig-riscv/openEuler-RISC-V/testing/20230926/v0.2/repo/23.09/mainline/riscv64/gcc-c%2b%2b-12.3.1-16.oe2309.riscv64.rpm [Operation too slow. Less than 1000 bytes/sec transferred the last 30 seconds]\n[MIRROR] gcc-c++-12.3.1-16.oe2309.riscv64.rpm: Curl error (28): Timeout was reached for https://mirror.iscas.ac.cn/openeuler-sig-riscv/openEuler-RISC-V/testing/20230926/v0.2/repo/23.09/mainline/riscv64/gcc-c%2b%2b-12.3.1-16.oe2309.riscv64.rpm [Operation too slow. Less than 1000 bytes/sec transferred the last 30 seconds]\n[MIRROR] gcc-c++-12.3.1-16.oe2309.riscv64.rpm: Curl error (28): Timeout was reached for https://mirror.iscas.ac.cn/openeuler-sig-riscv/openEuler-RISC-V/testing/20230926/v0.2/repo/23.09/mainline/riscv64/gcc-c%2b%2b-12.3.1-16.oe2309.riscv64.rpm [Operation too slow. Less than 1000 bytes/sec transferred the last 30 seconds]\n[MIRROR] gcc-c++-12.3.1-16.oe2309.riscv64.rpm: Curl error (28): Timeout was reached for https://mirror.iscas.ac.cn/openeuler-sig-riscv/openEuler-RISC-V/testing/20230926/v0.2/repo/23.09/mainline/riscv64/gcc-c%2b%2b-12.3.1-16.oe2309.riscv64.rpm [Operation too slow. Less than 1000 bytes/sec transferred the last 30 seconds]\n[FAILED] gcc-c++-12.3.1-16.oe2309.riscv64.rpm: No more mirrors to try - All mirrors were already tried without success\n\nThe downloaded packages were saved in cache until the next successful transaction.\nYou can remove cached packages by executing 'dnf clean packages'.\nError: Error downloading packages:\n  gcc-c++-12.3.1-16.oe2309.riscv64: Cannot download, all mirrors were already tried without success"
+ '[' 0 -ne 0 ']'
+ LOG_INFO 'Finish environment cleanup!'
+ message='Finish environment cleanup!'
+ python3 /root/mugen/libs/locallibs/mugen_log.py --level info --message 'Finish environment cleanup!'
Wed Sep 27 10:52:21 2023 - INFO  - Finish environment cleanup!
