+ source ../common/disk_lib.sh
++ source /root/mugen-riscv/libs/locallibs/common_lib.sh
+++ python3 --version
+++ '[' 0 -eq 0 ']'
+++ source /root/mugen-riscv/libs/locallibs/common_lib_python.sh
+ main
++ type -t post_test
+ '[' -n function ']'
+ trap post_test EXIT INT HUP TERM
+ rpm -qa
+ grep expect
++ type -t config_params
+ '[' -n function ']'
+ config_params
+ LOG_INFO 'Start to config the test environment.'
+ message='Start to config the test environment.'
+ python3 /root/mugen-riscv/libs/locallibs/mugen_log.py --level info --message 'Start to config the test environment.'
Wed Sep 13 12:28:17 2023 - INFO  - Start to config the test environment.
+ check_free_disk
++ TEST_DISK
++ id=1
++ python3 /root/mugen-riscv/libs/locallibs/get_test_device.py --device disk --node 1
+ disks=
+ disk_list=($disks)
+ local_disk=
+ local_disk1=
+ local_disk2=
+ local_disk3=
+ LOG_INFO 'Start to config the test environment.'
+ message='Start to config the test environment.'
+ python3 /root/mugen-riscv/libs/locallibs/mugen_log.py --level info --message 'Start to config the test environment.'
Wed Sep 13 12:28:24 2023 - INFO  - Start to config the test environment.
++ type -t pre_test
+ '[' -n function ']'
+ pre_test
+ LOG_INFO 'Start to prepare the test environment.'
+ message='Start to prepare the test environment.'
+ python3 /root/mugen-riscv/libs/locallibs/mugen_log.py --level info --message 'Start to prepare the test environment.'
Wed Sep 13 12:28:25 2023 - INFO  - Start to prepare the test environment.
+ DNF_INSTALL 'tuned dmidecode'
+ pkgs='tuned dmidecode'
+ node=1
+ '[' -z '' ']'
+ tmpfile=
++ python3 /root/mugen-riscv/libs/locallibs/rpm_manage.py install --pkgs 'tuned dmidecode' --node 1 --tempfile ''
Wed Sep 13 12:28:34 2023 - INFO  - pkgs:(tuned dmidecode) is already installed
+ tmpfile2=
+ '[' -z '' ']'
+ tmpfile=
+ [[ physicalx == \k\v\mx ]]
+ systemctl enable --now tuned
+ mkdir /etc/tuned/my-profile_new
+ echo '[main]
summary=General non-specialized tuned profile
[cpu]
governor=conservative
energy_perf_bias=normal
[audio]
timeout=10
[video]
radeon_powersave=dpm-balanced, auto'
++ tuned-adm active
++ awk '{print $4}'
Traceback (most recent call last):
  File "/usr/lib/python3.11/site-packages/tuned/utils/global_config.py", line 44, in load_config
    with open(file_name) as f:
         ^^^^^^^^^^^^^^^
FileNotFoundError: [Errno 2] No such file or directory: '/etc/tuned/tuned-main.conf'

During handling of the above exception, another exception occurred:

Traceback (most recent call last):
  File "/usr/sbin/tuned-adm", line 50, in <module>
    config = GlobalConfig()
             ^^^^^^^^^^^^^^
  File "/usr/lib/python3.11/site-packages/tuned/utils/global_config.py", line 15, in __init__
    self.load_config(file_name=config_file)
  File "/usr/lib/python3.11/site-packages/tuned/utils/global_config.py", line 59, in load_config
    raise TunedException("Global TuneD configuration file '%s' not found." % file_name)
tuned.exceptions.TunedException: Global TuneD configuration file '/etc/tuned/tuned-main.conf' not found.
+ old_profile=
+ mkdir /etc/tuned/my-profile
++ udevadm info --query=property --name=/dev/
++ grep WWN=
Unknown device "/dev/": No such device
+ ID_WWN=
+ echo '[main]
include=my-profile_new
[disk]
devices_udev_regex=
elevator=mq-deadline'
+ LOG_INFO 'End to prepare the test environment.'
+ message='End to prepare the test environment.'
+ python3 /root/mugen-riscv/libs/locallibs/mugen_log.py --level info --message 'End to prepare the test environment.'
Wed Sep 13 12:28:39 2023 - INFO  - End to prepare the test environment.
++ type -t run_test
+ '[' -n function ']'
+ run_test
+ LOG_INFO 'Start to run test.'
+ message='Start to run test.'
+ python3 /root/mugen-riscv/libs/locallibs/mugen_log.py --level info --message 'Start to run test.'
Wed Sep 13 12:28:39 2023 - INFO  - Start to run test.
+ tuned-adm profile my-profile
Traceback (most recent call last):
  File "/usr/lib/python3.11/site-packages/tuned/utils/global_config.py", line 44, in load_config
    with open(file_name) as f:
         ^^^^^^^^^^^^^^^
FileNotFoundError: [Errno 2] No such file or directory: '/etc/tuned/tuned-main.conf'

During handling of the above exception, another exception occurred:

Traceback (most recent call last):
  File "/usr/sbin/tuned-adm", line 50, in <module>
    config = GlobalConfig()
             ^^^^^^^^^^^^^^
  File "/usr/lib/python3.11/site-packages/tuned/utils/global_config.py", line 15, in __init__
    self.load_config(file_name=config_file)
  File "/usr/lib/python3.11/site-packages/tuned/utils/global_config.py", line 59, in load_config
    raise TunedException("Global TuneD configuration file '%s' not found." % file_name)
tuned.exceptions.TunedException: Global TuneD configuration file '/etc/tuned/tuned-main.conf' not found.
+ CHECK_RESULT 1
+ actual_result=1
+ expect_result=0
+ mode=0
+ error_log=
+ '[' -z 1 ']'
+ '[' 0 -eq 0 ']'
+ test 1x '!=' 0x
+ test -n ''
+ (( exec_result++ ))
+ LOG_ERROR 'oe_test_disk_tuned_set.sh line 58'
+ message='oe_test_disk_tuned_set.sh line 58'
+ python3 /root/mugen-riscv/libs/locallibs/mugen_log.py --level error --message 'oe_test_disk_tuned_set.sh line 58'
Wed Sep 13 12:28:41 2023 - ERROR - oe_test_disk_tuned_set.sh line 58
+ return 0
+ tuned-adm active
+ grep my-profile
Traceback (most recent call last):
  File "/usr/lib/python3.11/site-packages/tuned/utils/global_config.py", line 44, in load_config
    with open(file_name) as f:
         ^^^^^^^^^^^^^^^
FileNotFoundError: [Errno 2] No such file or directory: '/etc/tuned/tuned-main.conf'

During handling of the above exception, another exception occurred:

Traceback (most recent call last):
  File "/usr/sbin/tuned-adm", line 50, in <module>
    config = GlobalConfig()
             ^^^^^^^^^^^^^^
  File "/usr/lib/python3.11/site-packages/tuned/utils/global_config.py", line 15, in __init__
    self.load_config(file_name=config_file)
  File "/usr/lib/python3.11/site-packages/tuned/utils/global_config.py", line 59, in load_config
    raise TunedException("Global TuneD configuration file '%s' not found." % file_name)
tuned.exceptions.TunedException: Global TuneD configuration file '/etc/tuned/tuned-main.conf' not found.
+ CHECK_RESULT 1
+ actual_result=1
+ expect_result=0
+ mode=0
+ error_log=
+ '[' -z 1 ']'
+ '[' 0 -eq 0 ']'
+ test 1x '!=' 0x
+ test -n ''
+ (( exec_result++ ))
+ LOG_ERROR 'oe_test_disk_tuned_set.sh line 60'
+ message='oe_test_disk_tuned_set.sh line 60'
+ python3 /root/mugen-riscv/libs/locallibs/mugen_log.py --level error --message 'oe_test_disk_tuned_set.sh line 60'
Wed Sep 13 12:28:43 2023 - ERROR - oe_test_disk_tuned_set.sh line 60
+ return 0
+ tuned-adm verify
+ grep succeeded
Traceback (most recent call last):
  File "/usr/lib/python3.11/site-packages/tuned/utils/global_config.py", line 44, in load_config
    with open(file_name) as f:
         ^^^^^^^^^^^^^^^
FileNotFoundError: [Errno 2] No such file or directory: '/etc/tuned/tuned-main.conf'

During handling of the above exception, another exception occurred:

Traceback (most recent call last):
  File "/usr/sbin/tuned-adm", line 50, in <module>
    config = GlobalConfig()
             ^^^^^^^^^^^^^^
  File "/usr/lib/python3.11/site-packages/tuned/utils/global_config.py", line 15, in __init__
    self.load_config(file_name=config_file)
  File "/usr/lib/python3.11/site-packages/tuned/utils/global_config.py", line 59, in load_config
    raise TunedException("Global TuneD configuration file '%s' not found." % file_name)
tuned.exceptions.TunedException: Global TuneD configuration file '/etc/tuned/tuned-main.conf' not found.
+ CHECK_RESULT 1
+ actual_result=1
+ expect_result=0
+ mode=0
+ error_log=
+ '[' -z 1 ']'
+ '[' 0 -eq 0 ']'
+ test 1x '!=' 0x
+ test -n ''
+ (( exec_result++ ))
+ LOG_ERROR 'oe_test_disk_tuned_set.sh line 62'
+ message='oe_test_disk_tuned_set.sh line 62'
+ python3 /root/mugen-riscv/libs/locallibs/mugen_log.py --level error --message 'oe_test_disk_tuned_set.sh line 62'
Wed Sep 13 12:28:46 2023 - ERROR - oe_test_disk_tuned_set.sh line 62
+ return 0
+ awk -F '[' '{print$2}' /sys/block//queue/scheduler
+ awk -F ']' '{print$1}'
+ grep mq-deadline
awk: fatal: cannot open file `/sys/block//queue/scheduler' for reading: No such file or directory
+ CHECK_RESULT 1
+ actual_result=1
+ expect_result=0
+ mode=0
+ error_log=
+ '[' -z 1 ']'
+ '[' 0 -eq 0 ']'
+ test 1x '!=' 0x
+ test -n ''
+ (( exec_result++ ))
+ LOG_ERROR 'oe_test_disk_tuned_set.sh line 64'
+ message='oe_test_disk_tuned_set.sh line 64'
+ python3 /root/mugen-riscv/libs/locallibs/mugen_log.py --level error --message 'oe_test_disk_tuned_set.sh line 64'
Wed Sep 13 12:28:46 2023 - ERROR - oe_test_disk_tuned_set.sh line 64
+ return 0
+ tuned-adm profile ''
Traceback (most recent call last):
  File "/usr/lib/python3.11/site-packages/tuned/utils/global_config.py", line 44, in load_config
    with open(file_name) as f:
         ^^^^^^^^^^^^^^^
FileNotFoundError: [Errno 2] No such file or directory: '/etc/tuned/tuned-main.conf'

During handling of the above exception, another exception occurred:

Traceback (most recent call last):
  File "/usr/sbin/tuned-adm", line 50, in <module>
    config = GlobalConfig()
             ^^^^^^^^^^^^^^
  File "/usr/lib/python3.11/site-packages/tuned/utils/global_config.py", line 15, in __init__
    self.load_config(file_name=config_file)
  File "/usr/lib/python3.11/site-packages/tuned/utils/global_config.py", line 59, in load_config
    raise TunedException("Global TuneD configuration file '%s' not found." % file_name)
tuned.exceptions.TunedException: Global TuneD configuration file '/etc/tuned/tuned-main.conf' not found.
+ CHECK_RESULT 1
+ actual_result=1
+ expect_result=0
+ mode=0
+ error_log=
+ '[' -z 1 ']'
+ '[' 0 -eq 0 ']'
+ test 1x '!=' 0x
+ test -n ''
+ (( exec_result++ ))
+ LOG_ERROR 'oe_test_disk_tuned_set.sh line 66'
+ message='oe_test_disk_tuned_set.sh line 66'
+ python3 /root/mugen-riscv/libs/locallibs/mugen_log.py --level error --message 'oe_test_disk_tuned_set.sh line 66'
Wed Sep 13 12:28:48 2023 - ERROR - oe_test_disk_tuned_set.sh line 66
+ return 0
+ LOG_INFO 'End to run test.'
+ message='End to run test.'
+ python3 /root/mugen-riscv/libs/locallibs/mugen_log.py --level info --message 'End to run test.'
Wed Sep 13 12:28:49 2023 - INFO  - End to run test.
+ CASE_RESULT 0
+ case_re=0
+ test -z 5
+ test 5 -gt 0
+ LOG_ERROR 'failed to execute the case.'
+ message='failed to execute the case.'
+ python3 /root/mugen-riscv/libs/locallibs/mugen_log.py --level error --message 'failed to execute the case.'
Wed Sep 13 12:28:49 2023 - ERROR - failed to execute the case.
+ exit 5
+ post_test
+ LOG_INFO 'Start to restore the test environment.'
+ message='Start to restore the test environment.'
+ python3 /root/mugen-riscv/libs/locallibs/mugen_log.py --level info --message 'Start to restore the test environment.'
Wed Sep 13 12:28:50 2023 - INFO  - Start to restore the test environment.
+ rm -rf /etc/tuned/my-profile /etc/tuned/my-profile_new
+ DNF_REMOVE
+ node=1
+ pkg_list=
+ mode=0
+ [[ -z '' ]]
+ [[ -z '' ]]
+ LOG_WARN 'no thing to do.'
+ message='no thing to do.'
+ python3 /root/mugen-riscv/libs/locallibs/mugen_log.py --level warn --message 'no thing to do.'
Wed Sep 13 12:28:50 2023 - WARN  - no thing to do.
+ return 0
+ LOG_INFO 'End to restore the test environment.'
+ message='End to restore the test environment.'
+ python3 /root/mugen-riscv/libs/locallibs/mugen_log.py --level info --message 'End to restore the test environment.'
Wed Sep 13 12:28:50 2023 - INFO  - End to restore the test environment.
