+ source /root/mugen-riscv/libs/locallibs/common_lib.sh
++ python3 --version
++ '[' 0 -eq 0 ']'
++ source /root/mugen-riscv/libs/locallibs/common_lib_python.sh
+ main
++ type -t post_test
+ '[' -n function ']'
+ trap post_test EXIT INT HUP TERM
+ rpm -qa
+ grep expect
++ type -t config_params
+ '[' -n '' ']'
++ type -t pre_test
+ '[' -n function ']'
+ pre_test
+ LOG_INFO 'Start to prepare the test environment.'
+ message='Start to prepare the test environment.'
+ python3 /root/mugen-riscv/libs/locallibs/mugen_log.py --level info --message 'Start to prepare the test environment.'
Thu Sep 21 19:44:04 2023 - INFO  - Start to prepare the test environment.
+ DNF_INSTALL rpmlint
+ pkgs=rpmlint
+ node=1
+ '[' -z '' ']'
+ tmpfile=
++ python3 /root/mugen-riscv/libs/locallibs/rpm_manage.py install --pkgs rpmlint --node 1 --tempfile ''
Thu Sep 21 19:44:17 2023 - INFO  - pkgs:(rpmlint) is already installed
+ tmpfile2=
+ '[' -z '' ']'
+ tmpfile=
+ wget https://repo.openeuler.org/openEuler-20.03-LTS/everything/aarch64/Packages/LibRaw-0.19.0-9.oe1.aarch64.rpm
--2023-09-21 19:44:17--  https://repo.openeuler.org/openEuler-20.03-LTS/everything/aarch64/Packages/LibRaw-0.19.0-9.oe1.aarch64.rpm
Resolving repo.openeuler.org (repo.openeuler.org)... 49.0.230.196
Connecting to repo.openeuler.org (repo.openeuler.org)|49.0.230.196|:443... connected.
HTTP request sent, awaiting response... 200 OK
Length: 298520 (292K) [application/x-redhat-package-manager]
Saving to: ‘LibRaw-0.19.0-9.oe1.aarch64.rpm’

     0K .......... .......... .......... .......... .......... 17%  969K 0s
    50K .......... .......... .......... .......... .......... 34% 2.12M 0s
   100K .......... .......... .......... .......... .......... 51% 2.24M 0s
   150K .......... .......... .......... .......... .......... 68% 2.88M 0s
   200K .......... .......... .......... .......... .......... 85% 6.74M 0s
   250K .......... .......... .......... .......... .         100% 11.3M=0.1s

2023-09-21 19:44:18 (2.29 MB/s) - ‘LibRaw-0.19.0-9.oe1.aarch64.rpm’ saved [298520/298520]

+ wget https://repo.openeuler.org/openEuler-20.03-LTS/update/aarch64/Packages/LibRaw-0.19.0-10.oe1.aarch64.rpm
--2023-09-21 19:44:18--  https://repo.openeuler.org/openEuler-20.03-LTS/update/aarch64/Packages/LibRaw-0.19.0-10.oe1.aarch64.rpm
Resolving repo.openeuler.org (repo.openeuler.org)... 49.0.230.196
Connecting to repo.openeuler.org (repo.openeuler.org)|49.0.230.196|:443... failed: Connection refused.
+ LOG_INFO 'End to prepare the test environment.'
+ message='End to prepare the test environment.'
+ python3 /root/mugen-riscv/libs/locallibs/mugen_log.py --level info --message 'End to prepare the test environment.'
Thu Sep 21 19:44:40 2023 - INFO  - End to prepare the test environment.
++ type -t run_test
+ '[' -n function ']'
+ run_test
+ LOG_INFO 'Start to run test1.'
+ message='Start to run test1.'
+ python3 /root/mugen-riscv/libs/locallibs/mugen_log.py --level info --message 'Start to run test1.'
Thu Sep 21 19:44:41 2023 - INFO  - Start to run test1.
+ rpmdiff LibRaw-0.19.0-10.oe1.aarch64.rpm LibRaw-0.19.0-9.oe1.aarch64.rpm
+ grep 'S.5.......T /usr/lib64/libraw.so.19.0.0'
'No installed packages by name LibRaw-0.19.0-10.oe1.aarch64.rpm'
+ CHECK_RESULT 1 0 0 'rpmdiff failed'
+ actual_result=1
+ expect_result=0
+ mode=0
+ error_log='rpmdiff failed'
+ '[' -z 1 ']'
+ '[' 0 -eq 0 ']'
+ test 1x '!=' 0x
+ test -n 'rpmdiff failed'
+ LOG_ERROR 'rpmdiff failed'
+ message='rpmdiff failed'
+ python3 /root/mugen-riscv/libs/locallibs/mugen_log.py --level error --message 'rpmdiff failed'
Thu Sep 21 19:44:43 2023 - ERROR - rpmdiff failed
+ (( exec_result++ ))
+ LOG_ERROR 'oe_test_rpmdiff.sh line 35'
+ message='oe_test_rpmdiff.sh line 35'
+ python3 /root/mugen-riscv/libs/locallibs/mugen_log.py --level error --message 'oe_test_rpmdiff.sh line 35'
Thu Sep 21 19:44:44 2023 - ERROR - oe_test_rpmdiff.sh line 35
+ return 0
+ LOG_INFO 'End to run test1.'
+ message='End to run test1.'
+ python3 /root/mugen-riscv/libs/locallibs/mugen_log.py --level info --message 'End to run test1.'
Thu Sep 21 19:44:45 2023 - INFO  - End to run test1.
+ LOG_INFO 'Start to run test2.'
+ message='Start to run test2.'
+ python3 /root/mugen-riscv/libs/locallibs/mugen_log.py --level info --message 'Start to run test2.'
Thu Sep 21 19:44:45 2023 - INFO  - Start to run test2.
+ rpmdiff -i 5 LibRaw-0.19.0-10.oe1.aarch64.rpm LibRaw-0.19.0-9.oe1.aarch64.rpm
+ grep 'S.........T /usr/lib64/libraw.so.19.0.0'
usage: rpmdiff [-h] [-V]
               [-i {S,M,5,D,N,L,V,U,G,F,T} [{S,M,5,D,N,L,V,U,G,F,T} ...]]
               [-e GLOB [GLOB ...]]
               RPM_ORIG RPM_NEW
rpmdiff: error: argument -i/--ignore: invalid choice: 'LibRaw-0.19.0-10.oe1.aarch64.rpm' (choose from 'S', 'M', '5', 'D', 'N', 'L', 'V', 'U', 'G', 'F', 'T')
+ CHECK_RESULT 1 0 0 'rpmdiff -i 5 failed'
+ actual_result=1
+ expect_result=0
+ mode=0
+ error_log='rpmdiff -i 5 failed'
+ '[' -z 1 ']'
+ '[' 0 -eq 0 ']'
+ test 1x '!=' 0x
+ test -n 'rpmdiff -i 5 failed'
+ LOG_ERROR 'rpmdiff -i 5 failed'
+ message='rpmdiff -i 5 failed'
+ python3 /root/mugen-riscv/libs/locallibs/mugen_log.py --level error --message 'rpmdiff -i 5 failed'
Thu Sep 21 19:44:47 2023 - ERROR - rpmdiff -i 5 failed
+ (( exec_result++ ))
+ LOG_ERROR 'oe_test_rpmdiff.sh line 41'
+ message='oe_test_rpmdiff.sh line 41'
+ python3 /root/mugen-riscv/libs/locallibs/mugen_log.py --level error --message 'oe_test_rpmdiff.sh line 41'
Thu Sep 21 19:44:48 2023 - ERROR - oe_test_rpmdiff.sh line 41
+ return 0
+ LOG_INFO 'End to run test2.'
+ message='End to run test2.'
+ python3 /root/mugen-riscv/libs/locallibs/mugen_log.py --level info --message 'End to run test2.'
Thu Sep 21 19:44:48 2023 - INFO  - End to run test2.
+ LOG_INFO 'Start to run test3.'
+ message='Start to run test3.'
+ python3 /root/mugen-riscv/libs/locallibs/mugen_log.py --level info --message 'Start to run test3.'
Thu Sep 21 19:44:49 2023 - INFO  - Start to run test3.
+ rpmdiff -i T LibRaw-0.19.0-10.oe1.aarch64.rpm LibRaw-0.19.0-9.oe1.aarch64.rpm
+ grep 'S.5........ /usr/lib64/libraw.so.19.0.0'
usage: rpmdiff [-h] [-V]
               [-i {S,M,5,D,N,L,V,U,G,F,T} [{S,M,5,D,N,L,V,U,G,F,T} ...]]
               [-e GLOB [GLOB ...]]
               RPM_ORIG RPM_NEW
rpmdiff: error: argument -i/--ignore: invalid choice: 'LibRaw-0.19.0-10.oe1.aarch64.rpm' (choose from 'S', 'M', '5', 'D', 'N', 'L', 'V', 'U', 'G', 'F', 'T')
+ CHECK_RESULT 1 0 0 'rpmdiff -i T failed'
+ actual_result=1
+ expect_result=0
+ mode=0
+ error_log='rpmdiff -i T failed'
+ '[' -z 1 ']'
+ '[' 0 -eq 0 ']'
+ test 1x '!=' 0x
+ test -n 'rpmdiff -i T failed'
+ LOG_ERROR 'rpmdiff -i T failed'
+ message='rpmdiff -i T failed'
+ python3 /root/mugen-riscv/libs/locallibs/mugen_log.py --level error --message 'rpmdiff -i T failed'
Thu Sep 21 19:44:51 2023 - ERROR - rpmdiff -i T failed
+ (( exec_result++ ))
+ LOG_ERROR 'oe_test_rpmdiff.sh line 47'
+ message='oe_test_rpmdiff.sh line 47'
+ python3 /root/mugen-riscv/libs/locallibs/mugen_log.py --level error --message 'oe_test_rpmdiff.sh line 47'
Thu Sep 21 19:44:52 2023 - ERROR - oe_test_rpmdiff.sh line 47
+ return 0
+ LOG_INFO 'End to run test3.'
+ message='End to run test3.'
+ python3 /root/mugen-riscv/libs/locallibs/mugen_log.py --level info --message 'End to run test3.'
Thu Sep 21 19:44:52 2023 - INFO  - End to run test3.
+ CASE_RESULT 0
+ case_re=0
+ test -z 3
+ test 3 -gt 0
+ LOG_ERROR 'failed to execute the case.'
+ message='failed to execute the case.'
+ python3 /root/mugen-riscv/libs/locallibs/mugen_log.py --level error --message 'failed to execute the case.'
Thu Sep 21 19:44:53 2023 - ERROR - failed to execute the case.
+ exit 3
+ post_test
+ LOG_INFO 'Start to restore the test environment.'
+ message='Start to restore the test environment.'
+ python3 /root/mugen-riscv/libs/locallibs/mugen_log.py --level info --message 'Start to restore the test environment.'
Thu Sep 21 19:44:53 2023 - INFO  - Start to restore the test environment.
+ DNF_REMOVE
+ node=1
+ pkg_list=
+ mode=0
+ [[ -z '' ]]
+ [[ -z '' ]]
+ LOG_WARN 'no thing to do.'
+ message='no thing to do.'
+ python3 /root/mugen-riscv/libs/locallibs/mugen_log.py --level warn --message 'no thing to do.'
Thu Sep 21 19:44:54 2023 - WARN  - no thing to do.
+ return 0
+ rm -rf LibRaw-0.19.0-10.oe1.aarch64.rpm LibRaw-0.19.0-9.oe1.aarch64.rpm
+ LOG_INFO 'End to restore the test environment.'
+ message='End to restore the test environment.'
+ python3 /root/mugen-riscv/libs/locallibs/mugen_log.py --level info --message 'End to restore the test environment.'
Thu Sep 21 19:44:54 2023 - INFO  - End to restore the test environment.
