+ source /root/mugen/libs/locallibs/common_lib.sh
++ python3 --version
++ '[' 0 -eq 0 ']'
++ source /root/mugen/libs/locallibs/common_lib_python.sh
+ main
++ type -t post_test
+ '[' -n function ']'
+ trap post_test EXIT INT HUP TERM
+ rpm -qa
+ grep expect
++ type -t config_params
+ '[' -n '' ']'
++ type -t pre_test
+ '[' -n function ']'
+ pre_test
+ LOG_INFO 'Start to prepare the test environment.'
+ message='Start to prepare the test environment.'
+ python3 /root/mugen/libs/locallibs/mugen_log.py --level info --message 'Start to prepare the test environment.'
Fri Oct 20 03:04:54 2023 - INFO  - Start to prepare the test environment.
+ DNF_INSTALL rpmlint
+ pkgs=rpmlint
+ node=1
+ '[' -z '' ']'
+ tmpfile=
++ python3 /root/mugen/libs/locallibs/rpm_manage.py install --pkgs rpmlint --node 1 --tempfile ''
+ tmpfile2=/tmp/tmp78anim6a
+ '[' -z '' ']'
+ tmpfile=/tmp/tmp78anim6a
+ wget https://repo.openeuler.org/openEuler-20.03-LTS/everything/aarch64/Packages/LibRaw-0.19.0-9.oe1.aarch64.rpm
--2023-10-20 03:05:37--  https://repo.openeuler.org/openEuler-20.03-LTS/everything/aarch64/Packages/LibRaw-0.19.0-9.oe1.aarch64.rpm
Resolving repo.openeuler.org (repo.openeuler.org)... 49.0.230.196
Connecting to repo.openeuler.org (repo.openeuler.org)|49.0.230.196|:443... connected.
HTTP request sent, awaiting response... 200 OK
Length: 298520 (292K) [application/x-redhat-package-manager]
Saving to: ‘LibRaw-0.19.0-9.oe1.aarch64.rpm’

     0K .......... .......... .......... .......... .......... 17%  662K 0s
    50K .......... .......... .......... .......... .......... 34% 1.25M 0s
   100K .......... .......... .......... .......... .......... 51% 6.14M 0s
   150K .......... .......... .......... .......... .......... 68% 1.38M 0s
   200K .......... .......... .......... .......... .......... 85% 5.98M 0s
   250K .......... .......... .......... .......... .         100% 5.94M=0.2s

2023-10-20 03:05:38 (1.65 MB/s) - ‘LibRaw-0.19.0-9.oe1.aarch64.rpm’ saved [298520/298520]

+ wget https://repo.openeuler.org/openEuler-20.03-LTS/update/aarch64/Packages/LibRaw-0.19.0-10.oe1.aarch64.rpm
--2023-10-20 03:05:38--  https://repo.openeuler.org/openEuler-20.03-LTS/update/aarch64/Packages/LibRaw-0.19.0-10.oe1.aarch64.rpm
Resolving repo.openeuler.org (repo.openeuler.org)... 49.0.230.196
Connecting to repo.openeuler.org (repo.openeuler.org)|49.0.230.196|:443... connected.
HTTP request sent, awaiting response... 200 OK
Length: 298764 (292K) [application/x-redhat-package-manager]
Saving to: ‘LibRaw-0.19.0-10.oe1.aarch64.rpm’

     0K .......... .......... .......... .......... .......... 17%  624K 0s
    50K .......... .......... .......... .......... .......... 34% 1.31M 0s
   100K .......... .......... .......... .......... .......... 51% 3.77M 0s
   150K .......... .......... .......... .......... .......... 68% 1.54M 0s
   200K .......... .......... .......... .......... .......... 85% 3.59M 0s
   250K .......... .......... .......... .......... .         100% 4.02M=0.2s

2023-10-20 03:05:39 (1.53 MB/s) - ‘LibRaw-0.19.0-10.oe1.aarch64.rpm’ saved [298764/298764]

+ LOG_INFO 'End to prepare the test environment.'
+ message='End to prepare the test environment.'
+ python3 /root/mugen/libs/locallibs/mugen_log.py --level info --message 'End to prepare the test environment.'
Fri Oct 20 03:05:40 2023 - INFO  - End to prepare the test environment.
++ type -t run_test
+ '[' -n function ']'
+ run_test
+ LOG_INFO 'Start to run test1.'
+ message='Start to run test1.'
+ python3 /root/mugen/libs/locallibs/mugen_log.py --level info --message 'Start to run test1.'
Fri Oct 20 03:05:41 2023 - INFO  - Start to run test1.
+ rpmdiff LibRaw-0.19.0-10.oe1.aarch64.rpm LibRaw-0.19.0-9.oe1.aarch64.rpm
+ grep 'S.5.......T /usr/lib64/libraw.so.19.0.0'
S.5.......T /usr/lib64/libraw.so.19.0.0
+ CHECK_RESULT 0 0 0 'rpmdiff failed'
+ actual_result=0
+ expect_result=0
+ mode=0
+ error_log='rpmdiff failed'
+ exit_mode=0
+ '[' -z 0 ']'
+ '[' 0 -eq 0 ']'
+ test 0x '!=' 0x
+ return 0
+ LOG_INFO 'End to run test1.'
+ message='End to run test1.'
+ python3 /root/mugen/libs/locallibs/mugen_log.py --level info --message 'End to run test1.'
Fri Oct 20 03:05:46 2023 - INFO  - End to run test1.
+ LOG_INFO 'Start to run test2.'
+ message='Start to run test2.'
+ python3 /root/mugen/libs/locallibs/mugen_log.py --level info --message 'Start to run test2.'
Fri Oct 20 03:05:47 2023 - INFO  - Start to run test2.
+ rpmdiff -i 5 LibRaw-0.19.0-10.oe1.aarch64.rpm LibRaw-0.19.0-9.oe1.aarch64.rpm
+ grep 'S.........T /usr/lib64/libraw.so.19.0.0'
usage: rpmdiff [-h] [-V]
               [-i {S,M,5,D,N,L,V,U,G,F,T} [{S,M,5,D,N,L,V,U,G,F,T} ...]]
               [-e GLOB [GLOB ...]]
               RPM_ORIG RPM_NEW
rpmdiff: error: argument -i/--ignore: invalid choice: 'LibRaw-0.19.0-10.oe1.aarch64.rpm' (choose from 'S', 'M', '5', 'D', 'N', 'L', 'V', 'U', 'G', 'F', 'T')
+ CHECK_RESULT 1 0 0 'rpmdiff -i 5 failed'
+ actual_result=1
+ expect_result=0
+ mode=0
+ error_log='rpmdiff -i 5 failed'
+ exit_mode=0
+ '[' -z 1 ']'
+ '[' 0 -eq 0 ']'
+ test 1x '!=' 0x
+ test -n 'rpmdiff -i 5 failed'
+ LOG_ERROR 'rpmdiff -i 5 failed'
+ message='rpmdiff -i 5 failed'
+ python3 /root/mugen/libs/locallibs/mugen_log.py --level error --message 'rpmdiff -i 5 failed'
Fri Oct 20 03:05:50 2023 - ERROR - rpmdiff -i 5 failed
+ (( exec_result++ ))
+ LOG_ERROR 'oe_test_rpmdiff.sh line 41'
+ message='oe_test_rpmdiff.sh line 41'
+ python3 /root/mugen/libs/locallibs/mugen_log.py --level error --message 'oe_test_rpmdiff.sh line 41'
Fri Oct 20 03:05:51 2023 - ERROR - oe_test_rpmdiff.sh line 41
+ '[' 0 -eq 1 ']'
+ return 0
+ LOG_INFO 'End to run test2.'
+ message='End to run test2.'
+ python3 /root/mugen/libs/locallibs/mugen_log.py --level info --message 'End to run test2.'
Fri Oct 20 03:05:52 2023 - INFO  - End to run test2.
+ LOG_INFO 'Start to run test3.'
+ message='Start to run test3.'
+ python3 /root/mugen/libs/locallibs/mugen_log.py --level info --message 'Start to run test3.'
Fri Oct 20 03:05:53 2023 - INFO  - Start to run test3.
+ rpmdiff -i T LibRaw-0.19.0-10.oe1.aarch64.rpm LibRaw-0.19.0-9.oe1.aarch64.rpm
+ grep 'S.5........ /usr/lib64/libraw.so.19.0.0'
usage: rpmdiff [-h] [-V]
               [-i {S,M,5,D,N,L,V,U,G,F,T} [{S,M,5,D,N,L,V,U,G,F,T} ...]]
               [-e GLOB [GLOB ...]]
               RPM_ORIG RPM_NEW
rpmdiff: error: argument -i/--ignore: invalid choice: 'LibRaw-0.19.0-10.oe1.aarch64.rpm' (choose from 'S', 'M', '5', 'D', 'N', 'L', 'V', 'U', 'G', 'F', 'T')
+ CHECK_RESULT 1 0 0 'rpmdiff -i T failed'
+ actual_result=1
+ expect_result=0
+ mode=0
+ error_log='rpmdiff -i T failed'
+ exit_mode=0
+ '[' -z 1 ']'
+ '[' 0 -eq 0 ']'
+ test 1x '!=' 0x
+ test -n 'rpmdiff -i T failed'
+ LOG_ERROR 'rpmdiff -i T failed'
+ message='rpmdiff -i T failed'
+ python3 /root/mugen/libs/locallibs/mugen_log.py --level error --message 'rpmdiff -i T failed'
Fri Oct 20 03:05:57 2023 - ERROR - rpmdiff -i T failed
+ (( exec_result++ ))
+ LOG_ERROR 'oe_test_rpmdiff.sh line 47'
+ message='oe_test_rpmdiff.sh line 47'
+ python3 /root/mugen/libs/locallibs/mugen_log.py --level error --message 'oe_test_rpmdiff.sh line 47'
Fri Oct 20 03:05:58 2023 - ERROR - oe_test_rpmdiff.sh line 47
+ '[' 0 -eq 1 ']'
+ return 0
+ LOG_INFO 'End to run test3.'
+ message='End to run test3.'
+ python3 /root/mugen/libs/locallibs/mugen_log.py --level info --message 'End to run test3.'
Fri Oct 20 03:05:59 2023 - INFO  - End to run test3.
+ CASE_RESULT 0
+ case_re=0
+ test -z 2
+ test 2 -gt 0
+ LOG_ERROR 'failed to execute the case.'
+ message='failed to execute the case.'
+ python3 /root/mugen/libs/locallibs/mugen_log.py --level error --message 'failed to execute the case.'
Fri Oct 20 03:05:59 2023 - ERROR - failed to execute the case.
+ exit 2
+ post_test
+ LOG_INFO 'Start to restore the test environment.'
+ message='Start to restore the test environment.'
+ python3 /root/mugen/libs/locallibs/mugen_log.py --level info --message 'Start to restore the test environment.'
Fri Oct 20 03:06:00 2023 - INFO  - Start to restore the test environment.
+ DNF_REMOVE
+ node=1
+ pkg_list=
+ mode=0
+ [[ -z /tmp/tmp78anim6a ]]
+ '[' 0 -ne 0 ']'
+ '[' 1 == 0 ']'
+ python3 /root/mugen/libs/locallibs/rpm_manage.py remove --node 1 --pkgs '' --tempfile /tmp/tmp78anim6a
+ '[' 0 -ne 0 ']'
+ rm -rf LibRaw-0.19.0-10.oe1.aarch64.rpm LibRaw-0.19.0-9.oe1.aarch64.rpm
+ LOG_INFO 'End to restore the test environment.'
+ message='End to restore the test environment.'
+ python3 /root/mugen/libs/locallibs/mugen_log.py --level info --message 'End to restore the test environment.'
Fri Oct 20 03:06:17 2023 - INFO  - End to restore the test environment.
