+ source /root/mugen/libs/locallibs/common_lib.sh
++ python3 --version
++ '[' 0 -eq 0 ']'
++ source /root/mugen/libs/locallibs/common_lib_python.sh
+ main
++ type -t post_test
+ '[' -n function ']'
+ trap post_test EXIT INT HUP TERM
+ rpm -qa
+ grep expect
++ type -t config_params
+ '[' -n '' ']'
++ type -t pre_test
+ '[' -n function ']'
+ pre_test
+ LOG_INFO 'Start to prepare the test environment.'
+ message='Start to prepare the test environment.'
+ python3 /root/mugen/libs/locallibs/mugen_log.py --level info --message 'Start to prepare the test environment.'
Fri Oct 20 04:54:19 2023 - INFO  - Start to prepare the test environment.
+ DNF_INSTALL 'httpd mod_ssl'
+ pkgs='httpd mod_ssl'
+ node=1
+ '[' -z '' ']'
+ tmpfile=
++ python3 /root/mugen/libs/locallibs/rpm_manage.py install --pkgs 'httpd mod_ssl' --node 1 --tempfile ''
+ tmpfile2='Last metadata expiration check: 0:33:06 ago on Fri Oct 20 04:22:23 2023.
Dependencies resolved.
================================================================================
 Package                    Architecture Version                  Repo     Size
================================================================================
Installing:
 httpd                      riscv64      2.4.55-3.oe2309          OS      1.2 M
 mod_ssl                    riscv64      1:2.4.55-3.oe2309        OS       97 k
Installing dependencies:
 apr                        riscv64      1.7.0-5.oe2309           OS      106 k
 apr-util                   riscv64      1.6.1-14.oe2309          OS      111 k
 httpd-filesystem           noarch       2.4.55-3.oe2309          OS       11 k
 httpd-tools                riscv64      2.4.55-3.oe2309          OS       69 k
 mariadb-connector-c        riscv64      3.3.5-1.oe2309           OS      188 k
 mod_http2                  riscv64      2.0.20-1.oe2309          OS      119 k
 openEuler-logos-httpd      noarch       1.0-8.oe2309             OS       11 k
 sscg                       riscv64      3.0.5-1.oe2309           OS       43 k

Transaction Summary
================================================================================
Install  10 Packages

Total download size: 2.0 M
Installed size: 6.0 M
Downloading Packages:
[MIRROR] apr-util-1.6.1-14.oe2309.riscv64.rpm: Curl error (6): Couldn'\''t resolve host name for http://repo.tarsier-infra.com/openEuler-RISC-V/obs/hwobs_2309/riscv64/apr-util-1.6.1-14.oe2309.riscv64.rpm [Could not resolve host: repo.tarsier-infra.com]
[MIRROR] httpd-2.4.55-3.oe2309.riscv64.rpm: Curl error (6): Couldn'\''t resolve host name for http://repo.tarsier-infra.com/openEuler-RISC-V/obs/hwobs_2309/riscv64/httpd-2.4.55-3.oe2309.riscv64.rpm [Could not resolve host: repo.tarsier-infra.com]
[MIRROR] apr-1.7.0-5.oe2309.riscv64.rpm: Curl error (6): Couldn'\''t resolve host name for http://repo.tarsier-infra.com/openEuler-RISC-V/obs/hwobs_2309/riscv64/apr-1.7.0-5.oe2309.riscv64.rpm [Could not resolve host: repo.tarsier-infra.com]
[MIRROR] apr-util-1.6.1-14.oe2309.riscv64.rpm: Curl error (6): Couldn'\''t resolve host name for http://repo.tarsier-infra.com/openEuler-RISC-V/obs/hwobs_2309/riscv64/apr-util-1.6.1-14.oe2309.riscv64.rpm [Could not resolve host: repo.tarsier-infra.com]
[MIRROR] httpd-2.4.55-3.oe2309.riscv64.rpm: Curl error (6): Couldn'\''t resolve host name for http://repo.tarsier-infra.com/openEuler-RISC-V/obs/hwobs_2309/riscv64/httpd-2.4.55-3.oe2309.riscv64.rpm [Could not resolve host: repo.tarsier-infra.com]
[MIRROR] apr-1.7.0-5.oe2309.riscv64.rpm: Curl error (6): Couldn'\''t resolve host name for http://repo.tarsier-infra.com/openEuler-RISC-V/obs/hwobs_2309/riscv64/apr-1.7.0-5.oe2309.riscv64.rpm [Could not resolve host: repo.tarsier-infra.com]
[FAILED] apr-1.7.0-5.oe2309.riscv64.rpm: No more mirrors to try - All mirrors were already tried without success

The downloaded packages were saved in cache until the next successful transaction.
You can remove cached packages by executing '\''dnf clean packages'\''.
Error: Error downloading packages:
  apr-1.7.0-5.oe2309.riscv64: Cannot download, all mirrors were already tried without success'
+ '[' -z '' ']'
+ tmpfile='Last metadata expiration check: 0:33:06 ago on Fri Oct 20 04:22:23 2023.
Dependencies resolved.
================================================================================
 Package                    Architecture Version                  Repo     Size
================================================================================
Installing:
 httpd                      riscv64      2.4.55-3.oe2309          OS      1.2 M
 mod_ssl                    riscv64      1:2.4.55-3.oe2309        OS       97 k
Installing dependencies:
 apr                        riscv64      1.7.0-5.oe2309           OS      106 k
 apr-util                   riscv64      1.6.1-14.oe2309          OS      111 k
 httpd-filesystem           noarch       2.4.55-3.oe2309          OS       11 k
 httpd-tools                riscv64      2.4.55-3.oe2309          OS       69 k
 mariadb-connector-c        riscv64      3.3.5-1.oe2309           OS      188 k
 mod_http2                  riscv64      2.0.20-1.oe2309          OS      119 k
 openEuler-logos-httpd      noarch       1.0-8.oe2309             OS       11 k
 sscg                       riscv64      3.0.5-1.oe2309           OS       43 k

Transaction Summary
================================================================================
Install  10 Packages

Total download size: 2.0 M
Installed size: 6.0 M
Downloading Packages:
[MIRROR] apr-util-1.6.1-14.oe2309.riscv64.rpm: Curl error (6): Couldn'\''t resolve host name for http://repo.tarsier-infra.com/openEuler-RISC-V/obs/hwobs_2309/riscv64/apr-util-1.6.1-14.oe2309.riscv64.rpm [Could not resolve host: repo.tarsier-infra.com]
[MIRROR] httpd-2.4.55-3.oe2309.riscv64.rpm: Curl error (6): Couldn'\''t resolve host name for http://repo.tarsier-infra.com/openEuler-RISC-V/obs/hwobs_2309/riscv64/httpd-2.4.55-3.oe2309.riscv64.rpm [Could not resolve host: repo.tarsier-infra.com]
[MIRROR] apr-1.7.0-5.oe2309.riscv64.rpm: Curl error (6): Couldn'\''t resolve host name for http://repo.tarsier-infra.com/openEuler-RISC-V/obs/hwobs_2309/riscv64/apr-1.7.0-5.oe2309.riscv64.rpm [Could not resolve host: repo.tarsier-infra.com]
[MIRROR] apr-util-1.6.1-14.oe2309.riscv64.rpm: Curl error (6): Couldn'\''t resolve host name for http://repo.tarsier-infra.com/openEuler-RISC-V/obs/hwobs_2309/riscv64/apr-util-1.6.1-14.oe2309.riscv64.rpm [Could not resolve host: repo.tarsier-infra.com]
[MIRROR] httpd-2.4.55-3.oe2309.riscv64.rpm: Curl error (6): Couldn'\''t resolve host name for http://repo.tarsier-infra.com/openEuler-RISC-V/obs/hwobs_2309/riscv64/httpd-2.4.55-3.oe2309.riscv64.rpm [Could not resolve host: repo.tarsier-infra.com]
[MIRROR] apr-1.7.0-5.oe2309.riscv64.rpm: Curl error (6): Couldn'\''t resolve host name for http://repo.tarsier-infra.com/openEuler-RISC-V/obs/hwobs_2309/riscv64/apr-1.7.0-5.oe2309.riscv64.rpm [Could not resolve host: repo.tarsier-infra.com]
[FAILED] apr-1.7.0-5.oe2309.riscv64.rpm: No more mirrors to try - All mirrors were already tried without success

The downloaded packages were saved in cache until the next successful transaction.
You can remove cached packages by executing '\''dnf clean packages'\''.
Error: Error downloading packages:
  apr-1.7.0-5.oe2309.riscv64: Cannot download, all mirrors were already tried without success'
+ LOG_INFO 'End to prepare the test environment.'
+ message='End to prepare the test environment.'
+ python3 /root/mugen/libs/locallibs/mugen_log.py --level info --message 'End to prepare the test environment.'
Fri Oct 20 04:55:59 2023 - INFO  - End to prepare the test environment.
++ type -t run_test
+ '[' -n function ']'
+ run_test
+ LOG_INFO 'Start to run test.'
+ message='Start to run test.'
+ python3 /root/mugen/libs/locallibs/mugen_log.py --level info --message 'Start to run test.'
Fri Oct 20 04:56:00 2023 - INFO  - Start to run test.
+ systemctl enable httpd
Failed to enable unit: Unit file httpd.service does not exist.
+ systemctl start httpd
Failed to start httpd.service: Unit httpd.service not found.
+ SLEEP_WAIT 1
+ wait_time=1
+ cmd=
+ mode=1
+ python3 /root/mugen/libs/locallibs/sleep_wait.py --time 1 --cmd '' --mode 1
+ systemctl status httpd
+ grep running
Unit httpd.service could not be found.
+ CHECK_RESULT 1
+ actual_result=1
+ expect_result=0
+ mode=0
+ error_log=
+ exit_mode=0
+ '[' -z 1 ']'
+ '[' 0 -eq 0 ']'
+ test 1x '!=' 0x
+ test -n ''
+ (( exec_result++ ))
+ LOG_ERROR 'oe_test_server_httpd_tls.sh line 33'
+ message='oe_test_server_httpd_tls.sh line 33'
+ python3 /root/mugen/libs/locallibs/mugen_log.py --level error --message 'oe_test_server_httpd_tls.sh line 33'
Fri Oct 20 04:56:02 2023 - ERROR - oe_test_server_httpd_tls.sh line 33
+ '[' 0 -eq 1 ']'
+ return 0
+ sed -i 's/#SSLProtocol all -SSLv3/SSLProtocol -all +TLSv1.3/g' /etc/httpd/conf.d/ssl.conf
sed: can't read /etc/httpd/conf.d/ssl.conf: No such file or directory
+ grep 'SSLProtocol -all +TLSv1.3' /etc/httpd/conf.d/ssl.conf
grep: /etc/httpd/conf.d/ssl.conf: No such file or directory
+ CHECK_RESULT 2
+ actual_result=2
+ expect_result=0
+ mode=0
+ error_log=
+ exit_mode=0
+ '[' -z 2 ']'
+ '[' 0 -eq 0 ']'
+ test 2x '!=' 0x
+ test -n ''
+ (( exec_result++ ))
+ LOG_ERROR 'oe_test_server_httpd_tls.sh line 36'
+ message='oe_test_server_httpd_tls.sh line 36'
+ python3 /root/mugen/libs/locallibs/mugen_log.py --level error --message 'oe_test_server_httpd_tls.sh line 36'
Fri Oct 20 04:56:02 2023 - ERROR - oe_test_server_httpd_tls.sh line 36
+ '[' 0 -eq 1 ']'
+ return 0
+ systemctl restart httpd
Failed to restart httpd.service: Unit httpd.service not found.
+ CHECK_RESULT 5
+ actual_result=5
+ expect_result=0
+ mode=0
+ error_log=
+ exit_mode=0
+ '[' -z 5 ']'
+ '[' 0 -eq 0 ']'
+ test 5x '!=' 0x
+ test -n ''
+ (( exec_result++ ))
+ LOG_ERROR 'oe_test_server_httpd_tls.sh line 38'
+ message='oe_test_server_httpd_tls.sh line 38'
+ python3 /root/mugen/libs/locallibs/mugen_log.py --level error --message 'oe_test_server_httpd_tls.sh line 38'
Fri Oct 20 04:56:03 2023 - ERROR - oe_test_server_httpd_tls.sh line 38
+ '[' 0 -eq 1 ']'
+ return 0
+ openssl s_client -connect 192.168.114.1:443 -tls1_3
20441FBD3F000000:error:8000006F:system library:BIO_connect:Connection refused:crypto/bio/bio_sock2.c:114:calling connect()
20441FBD3F000000:error:10000067:BIO routines:BIO_connect:connect error:crypto/bio/bio_sock2.c:116:
connect:errno=111
+ CHECK_RESULT 1
+ actual_result=1
+ expect_result=0
+ mode=0
+ error_log=
+ exit_mode=0
+ '[' -z 1 ']'
+ '[' 0 -eq 0 ']'
+ test 1x '!=' 0x
+ test -n ''
+ (( exec_result++ ))
+ LOG_ERROR 'oe_test_server_httpd_tls.sh line 42'
+ message='oe_test_server_httpd_tls.sh line 42'
+ python3 /root/mugen/libs/locallibs/mugen_log.py --level error --message 'oe_test_server_httpd_tls.sh line 42'
Fri Oct 20 04:56:04 2023 - ERROR - oe_test_server_httpd_tls.sh line 42
+ '[' 0 -eq 1 ']'
+ return 0
+ sed -i 's/SSLProtocol -all +TLSv1.3/#SSLProtocol all -SSLv3/g' /etc/httpd/conf.d/ssl.conf
sed: can't read /etc/httpd/conf.d/ssl.conf: No such file or directory
+ CHECK_RESULT 2
+ actual_result=2
+ expect_result=0
+ mode=0
+ error_log=
+ exit_mode=0
+ '[' -z 2 ']'
+ '[' 0 -eq 0 ']'
+ test 2x '!=' 0x
+ test -n ''
+ (( exec_result++ ))
+ LOG_ERROR 'oe_test_server_httpd_tls.sh line 44'
+ message='oe_test_server_httpd_tls.sh line 44'
+ python3 /root/mugen/libs/locallibs/mugen_log.py --level error --message 'oe_test_server_httpd_tls.sh line 44'
Fri Oct 20 04:56:05 2023 - ERROR - oe_test_server_httpd_tls.sh line 44
+ '[' 0 -eq 1 ']'
+ return 0
+ LOG_INFO 'End to run test.'
+ message='End to run test.'
+ python3 /root/mugen/libs/locallibs/mugen_log.py --level info --message 'End to run test.'
Fri Oct 20 04:56:05 2023 - INFO  - End to run test.
+ CASE_RESULT 0
+ case_re=0
+ test -z 5
+ test 5 -gt 0
+ LOG_ERROR 'failed to execute the case.'
+ message='failed to execute the case.'
+ python3 /root/mugen/libs/locallibs/mugen_log.py --level error --message 'failed to execute the case.'
Fri Oct 20 04:56:05 2023 - ERROR - failed to execute the case.
+ exit 5
+ post_test
+ LOG_INFO 'Start to restore the test environment.'
+ message='Start to restore the test environment.'
+ python3 /root/mugen/libs/locallibs/mugen_log.py --level info --message 'Start to restore the test environment.'
Fri Oct 20 04:56:06 2023 - INFO  - Start to restore the test environment.
+ systemctl reload httpd
Failed to reload httpd.service: Unit httpd.service not found.
+ systemctl stop httpd
Failed to stop httpd.service: Unit httpd.service not loaded.
+ DNF_REMOVE
+ node=1
+ pkg_list=
+ mode=0
+ [[ -z Last metadata expiration check: 0:33:06 ago on Fri Oct 20 04:22:23 2023.
Dependencies resolved.
================================================================================
 Package                    Architecture Version                  Repo     Size
================================================================================
Installing:
 httpd                      riscv64      2.4.55-3.oe2309          OS      1.2 M
 mod_ssl                    riscv64      1:2.4.55-3.oe2309        OS       97 k
Installing dependencies:
 apr                        riscv64      1.7.0-5.oe2309           OS      106 k
 apr-util                   riscv64      1.6.1-14.oe2309          OS      111 k
 httpd-filesystem           noarch       2.4.55-3.oe2309          OS       11 k
 httpd-tools                riscv64      2.4.55-3.oe2309          OS       69 k
 mariadb-connector-c        riscv64      3.3.5-1.oe2309           OS      188 k
 mod_http2                  riscv64      2.0.20-1.oe2309          OS      119 k
 openEuler-logos-httpd      noarch       1.0-8.oe2309             OS       11 k
 sscg                       riscv64      3.0.5-1.oe2309           OS       43 k

Transaction Summary
================================================================================
Install  10 Packages

Total download size: 2.0 M
Installed size: 6.0 M
Downloading Packages:
[MIRROR] apr-util-1.6.1-14.oe2309.riscv64.rpm: Curl error (6): Couldn't resolve host name for http://repo.tarsier-infra.com/openEuler-RISC-V/obs/hwobs_2309/riscv64/apr-util-1.6.1-14.oe2309.riscv64.rpm [Could not resolve host: repo.tarsier-infra.com]
[MIRROR] httpd-2.4.55-3.oe2309.riscv64.rpm: Curl error (6): Couldn't resolve host name for http://repo.tarsier-infra.com/openEuler-RISC-V/obs/hwobs_2309/riscv64/httpd-2.4.55-3.oe2309.riscv64.rpm [Could not resolve host: repo.tarsier-infra.com]
[MIRROR] apr-1.7.0-5.oe2309.riscv64.rpm: Curl error (6): Couldn't resolve host name for http://repo.tarsier-infra.com/openEuler-RISC-V/obs/hwobs_2309/riscv64/apr-1.7.0-5.oe2309.riscv64.rpm [Could not resolve host: repo.tarsier-infra.com]
[MIRROR] apr-util-1.6.1-14.oe2309.riscv64.rpm: Curl error (6): Couldn't resolve host name for http://repo.tarsier-infra.com/openEuler-RISC-V/obs/hwobs_2309/riscv64/apr-util-1.6.1-14.oe2309.riscv64.rpm [Could not resolve host: repo.tarsier-infra.com]
[MIRROR] httpd-2.4.55-3.oe2309.riscv64.rpm: Curl error (6): Couldn't resolve host name for http://repo.tarsier-infra.com/openEuler-RISC-V/obs/hwobs_2309/riscv64/httpd-2.4.55-3.oe2309.riscv64.rpm [Could not resolve host: repo.tarsier-infra.com]
[MIRROR] apr-1.7.0-5.oe2309.riscv64.rpm: Curl error (6): Couldn't resolve host name for http://repo.tarsier-infra.com/openEuler-RISC-V/obs/hwobs_2309/riscv64/apr-1.7.0-5.oe2309.riscv64.rpm [Could not resolve host: repo.tarsier-infra.com]
[FAILED] apr-1.7.0-5.oe2309.riscv64.rpm: No more mirrors to try - All mirrors were already tried without success

The downloaded packages were saved in cache until the next successful transaction.
You can remove cached packages by executing 'dnf clean packages'.
Error: Error downloading packages:
  apr-1.7.0-5.oe2309.riscv64: Cannot download, all mirrors were already tried without success ]]
+ '[' 0 -ne 0 ']'
+ '[' 1 == 0 ']'
+ python3 /root/mugen/libs/locallibs/rpm_manage.py remove --node 1 --pkgs '' --tempfile 'Last metadata expiration check: 0:33:06 ago on Fri Oct 20 04:22:23 2023.
Dependencies resolved.
================================================================================
 Package                    Architecture Version                  Repo     Size
================================================================================
Installing:
 httpd                      riscv64      2.4.55-3.oe2309          OS      1.2 M
 mod_ssl                    riscv64      1:2.4.55-3.oe2309        OS       97 k
Installing dependencies:
 apr                        riscv64      1.7.0-5.oe2309           OS      106 k
 apr-util                   riscv64      1.6.1-14.oe2309          OS      111 k
 httpd-filesystem           noarch       2.4.55-3.oe2309          OS       11 k
 httpd-tools                riscv64      2.4.55-3.oe2309          OS       69 k
 mariadb-connector-c        riscv64      3.3.5-1.oe2309           OS      188 k
 mod_http2                  riscv64      2.0.20-1.oe2309          OS      119 k
 openEuler-logos-httpd      noarch       1.0-8.oe2309             OS       11 k
 sscg                       riscv64      3.0.5-1.oe2309           OS       43 k

Transaction Summary
================================================================================
Install  10 Packages

Total download size: 2.0 M
Installed size: 6.0 M
Downloading Packages:
[MIRROR] apr-util-1.6.1-14.oe2309.riscv64.rpm: Curl error (6): Couldn'\''t resolve host name for http://repo.tarsier-infra.com/openEuler-RISC-V/obs/hwobs_2309/riscv64/apr-util-1.6.1-14.oe2309.riscv64.rpm [Could not resolve host: repo.tarsier-infra.com]
[MIRROR] httpd-2.4.55-3.oe2309.riscv64.rpm: Curl error (6): Couldn'\''t resolve host name for http://repo.tarsier-infra.com/openEuler-RISC-V/obs/hwobs_2309/riscv64/httpd-2.4.55-3.oe2309.riscv64.rpm [Could not resolve host: repo.tarsier-infra.com]
[MIRROR] apr-1.7.0-5.oe2309.riscv64.rpm: Curl error (6): Couldn'\''t resolve host name for http://repo.tarsier-infra.com/openEuler-RISC-V/obs/hwobs_2309/riscv64/apr-1.7.0-5.oe2309.riscv64.rpm [Could not resolve host: repo.tarsier-infra.com]
[MIRROR] apr-util-1.6.1-14.oe2309.riscv64.rpm: Curl error (6): Couldn'\''t resolve host name for http://repo.tarsier-infra.com/openEuler-RISC-V/obs/hwobs_2309/riscv64/apr-util-1.6.1-14.oe2309.riscv64.rpm [Could not resolve host: repo.tarsier-infra.com]
[MIRROR] httpd-2.4.55-3.oe2309.riscv64.rpm: Curl error (6): Couldn'\''t resolve host name for http://repo.tarsier-infra.com/openEuler-RISC-V/obs/hwobs_2309/riscv64/httpd-2.4.55-3.oe2309.riscv64.rpm [Could not resolve host: repo.tarsier-infra.com]
[MIRROR] apr-1.7.0-5.oe2309.riscv64.rpm: Curl error (6): Couldn'\''t resolve host name for http://repo.tarsier-infra.com/openEuler-RISC-V/obs/hwobs_2309/riscv64/apr-1.7.0-5.oe2309.riscv64.rpm [Could not resolve host: repo.tarsier-infra.com]
[FAILED] apr-1.7.0-5.oe2309.riscv64.rpm: No more mirrors to try - All mirrors were already tried without success

The downloaded packages were saved in cache until the next successful transaction.
You can remove cached packages by executing '\''dnf clean packages'\''.
Error: Error downloading packages:
  apr-1.7.0-5.oe2309.riscv64: Cannot download, all mirrors were already tried without success'
Traceback (most recent call last):
  File "/root/mugen/libs/locallibs/rpm_manage.py", line 192, in <module>
    exitcode = rpm_remove(args.node, args.pkgs, args.tempfile)
               ^^^^^^^^^^^^^^^^^^^^^^^^^^^^^^^^^^^^^^^^^^^^^^^
  File "/root/mugen/libs/locallibs/rpm_manage.py", line 163, in rpm_remove
    with open(tmpfile, "r") as f:
         ^^^^^^^^^^^^^^^^^^
OSError: [Errno 36] File name too long: "Last metadata expiration check: 0:33:06 ago on Fri Oct 20 04:22:23 2023.\nDependencies resolved.\n================================================================================\n Package                    Architecture Version                  Repo     Size\n================================================================================\nInstalling:\n httpd                      riscv64      2.4.55-3.oe2309          OS      1.2 M\n mod_ssl                    riscv64      1:2.4.55-3.oe2309        OS       97 k\nInstalling dependencies:\n apr                        riscv64      1.7.0-5.oe2309           OS      106 k\n apr-util                   riscv64      1.6.1-14.oe2309          OS      111 k\n httpd-filesystem           noarch       2.4.55-3.oe2309          OS       11 k\n httpd-tools                riscv64      2.4.55-3.oe2309          OS       69 k\n mariadb-connector-c        riscv64      3.3.5-1.oe2309           OS      188 k\n mod_http2                  riscv64      2.0.20-1.oe2309          OS      119 k\n openEuler-logos-httpd      noarch       1.0-8.oe2309             OS       11 k\n sscg                       riscv64      3.0.5-1.oe2309           OS       43 k\n\nTransaction Summary\n================================================================================\nInstall  10 Packages\n\nTotal download size: 2.0 M\nInstalled size: 6.0 M\nDownloading Packages:\n[MIRROR] apr-util-1.6.1-14.oe2309.riscv64.rpm: Curl error (6): Couldn't resolve host name for http://repo.tarsier-infra.com/openEuler-RISC-V/obs/hwobs_2309/riscv64/apr-util-1.6.1-14.oe2309.riscv64.rpm [Could not resolve host: repo.tarsier-infra.com]\n[MIRROR] httpd-2.4.55-3.oe2309.riscv64.rpm: Curl error (6): Couldn't resolve host name for http://repo.tarsier-infra.com/openEuler-RISC-V/obs/hwobs_2309/riscv64/httpd-2.4.55-3.oe2309.riscv64.rpm [Could not resolve host: repo.tarsier-infra.com]\n[MIRROR] apr-1.7.0-5.oe2309.riscv64.rpm: Curl error (6): Couldn't resolve host name for http://repo.tarsier-infra.com/openEuler-RISC-V/obs/hwobs_2309/riscv64/apr-1.7.0-5.oe2309.riscv64.rpm [Could not resolve host: repo.tarsier-infra.com]\n[MIRROR] apr-util-1.6.1-14.oe2309.riscv64.rpm: Curl error (6): Couldn't resolve host name for http://repo.tarsier-infra.com/openEuler-RISC-V/obs/hwobs_2309/riscv64/apr-util-1.6.1-14.oe2309.riscv64.rpm [Could not resolve host: repo.tarsier-infra.com]\n[MIRROR] httpd-2.4.55-3.oe2309.riscv64.rpm: Curl error (6): Couldn't resolve host name for http://repo.tarsier-infra.com/openEuler-RISC-V/obs/hwobs_2309/riscv64/httpd-2.4.55-3.oe2309.riscv64.rpm [Could not resolve host: repo.tarsier-infra.com]\n[MIRROR] apr-1.7.0-5.oe2309.riscv64.rpm: Curl error (6): Couldn't resolve host name for http://repo.tarsier-infra.com/openEuler-RISC-V/obs/hwobs_2309/riscv64/apr-1.7.0-5.oe2309.riscv64.rpm [Could not resolve host: repo.tarsier-infra.com]\n[FAILED] apr-1.7.0-5.oe2309.riscv64.rpm: No more mirrors to try - All mirrors were already tried without success\n\nThe downloaded packages were saved in cache until the next successful transaction.\nYou can remove cached packages by executing 'dnf clean packages'.\nError: Error downloading packages:\n  apr-1.7.0-5.oe2309.riscv64: Cannot download, all mirrors were already tried without success"
+ '[' 0 -ne 0 ']'
+ LOG_INFO 'End to restore the test environment.'
+ message='End to restore the test environment.'
+ python3 /root/mugen/libs/locallibs/mugen_log.py --level info --message 'End to restore the test environment.'
Fri Oct 20 04:56:09 2023 - INFO  - End to restore the test environment.
