+ source /root/mugen/libs/locallibs/common_lib.sh
++ python3 --version
++ '[' 0 -eq 0 ']'
++ source /root/mugen/libs/locallibs/common_lib_python.sh
+ main
++ type -t post_test
+ '[' -n function ']'
+ trap post_test EXIT INT HUP TERM
+ rpm -qa
+ grep expect
++ type -t config_params
+ '[' -n '' ']'
++ type -t pre_test
+ '[' -n function ']'
+ pre_test
+ LOG_INFO 'Start to prepare the test environment.'
+ message='Start to prepare the test environment.'
+ python3 /root/mugen/libs/locallibs/mugen_log.py --level info --message 'Start to prepare the test environment.'
Tue Oct 10 23:58:59 2023 - INFO  - Start to prepare the test environment.
+ DNF_INSTALL 'amanda openssl'
+ pkgs='amanda openssl'
+ node=1
+ '[' -z '' ']'
+ tmpfile=
++ python3 /root/mugen/libs/locallibs/rpm_manage.py install --pkgs 'amanda openssl' --node 1 --tempfile ''
+ tmpfile2=/tmp/tmp__kht3kl
+ '[' -z '' ']'
+ tmpfile=/tmp/tmp__kht3kl
+ wget https://loop-aes.sourceforge.net/aespipe-latest.tar.bz2
--2023-10-10 23:59:41--  https://loop-aes.sourceforge.net/aespipe-latest.tar.bz2
Resolving loop-aes.sourceforge.net (loop-aes.sourceforge.net)... 172.64.150.145, 104.18.37.111, 2606:4700:4400::6812:256f, ...
Connecting to loop-aes.sourceforge.net (loop-aes.sourceforge.net)|172.64.150.145|:443... connected.
HTTP request sent, awaiting response... 200 OK
Length: 107663 (105K) [application/x-bzip2]
Saving to: ‘aespipe-latest.tar.bz2’

     0K .......... .......... .......... .......... .......... 47%  110K 0s
    50K .......... .......... .......... .......... .......... 95% 54.0K 0s
   100K .....                                                 100% 6.45M=1.4s

2023-10-10 23:59:47 (76.2 KB/s) - ‘aespipe-latest.tar.bz2’ saved [107663/107663]

+ tar -xvf aespipe-latest.tar.bz2
aespipe-v2.4f/
aespipe-v2.4f/ChangeLog
aespipe-v2.4f/Makefile.in
aespipe-v2.4f/README
aespipe-v2.4f/aes-GPL.diff
aespipe-v2.4f/aes-amd64.S
aespipe-v2.4f/aes-intel32.S
aespipe-v2.4f/aes-intel64.S
aespipe-v2.4f/aes-x86.S
aespipe-v2.4f/aes.c
aespipe-v2.4f/aes.h
aespipe-v2.4f/aespipe.1
aespipe-v2.4f/aespipe.c
aespipe-v2.4f/bz2aespipe
aespipe-v2.4f/configure
aespipe-v2.4f/configure.ac
aespipe-v2.4f/gpgkey1.asc
aespipe-v2.4f/gpgkey2.asc
aespipe-v2.4f/gpgkey3.asc
aespipe-v2.4f/md5-2x-amd64.S
aespipe-v2.4f/md5-amd64.S
aespipe-v2.4f/md5-x86.S
aespipe-v2.4f/md5.c
aespipe-v2.4f/md5.h
aespipe-v2.4f/rmd160.c
aespipe-v2.4f/rmd160.h
aespipe-v2.4f/sha512.c
aespipe-v2.4f/sha512.h
+ cd aespipe-v2.4f
+ ./configure
checking for gcc... no
checking for cc... no
checking for cl.exe... no
configure: error: in `/root/mugen/testcases/cli-test/amanda/aespipe-v2.4f':
configure: error: no acceptable C compiler found in $PATH
See `config.log' for more details
+ make
make: *** No targets specified and no makefile found.  Stop.
+ cd -
/root/mugen/testcases/cli-test/amanda
+ rm -rf aespipe-latest.tar.bz2 aespipe-v2.4f
+ mkdir -p /var/lib/amanda/.gnupg
+ touch /var/lib/amanda/.gnupg/am_key.gpg
+ mkdir -p /root/.gnupg/
+ touch /root/.gnupg/gpg.conf
+ echo use-agent
+ echo 'pinentry-mode loopback'
+ echo allow-loopback-pinentry
+ expect
spawn sh -c head -c 2925 /dev/random | uuencode -m - | head -n 66 | tail -n 65 | gpg --symmetric -a > /var/lib/amanda/.gnupg/am_key.gpg
gpg: WARNING: unsafe permissions on homedir '/root/.gnupg'
gpg: keybox '/root/.gnupg/pubring.kbx' created
Enter passphrase:                   + echo abc
+ chown amandabackup:disk /var/lib/amanda/.am_passphrase
+ chmod 700 /var/lib/amanda/.am_passphrase
+ LOG_INFO 'End to prepare the test environment.'
+ message='End to prepare the test environment.'
+ python3 /root/mugen/libs/locallibs/mugen_log.py --level info --message 'End to prepare the test environment.'
Tue Oct 10 23:59:50 2023 - INFO  - End to prepare the test environment.
++ type -t run_test
+ '[' -n function ']'
+ run_test
+ LOG_INFO 'Start to run test.'
+ message='Start to run test.'
+ python3 /root/mugen/libs/locallibs/mugen_log.py --level info --message 'Start to run test.'
Tue Oct 10 23:59:50 2023 - INFO  - Start to run test.
+ amaespipe
bz2aespipe       1002023Co4DWJCR0uNCTwCEaFumrp/usr/sbin/amaespipe: line 90: aespipe: command not found
+ CHECK_RESULT 0 0 0 'Check amaespipe failed'
+ actual_result=0
+ expect_result=0
+ mode=0
+ error_log='Check amaespipe failed'
+ exit_mode=0
+ '[' -z 0 ']'
+ '[' 0 -eq 0 ']'
+ test 0x '!=' 0x
+ return 0
+ pgrep -fa amcrypt
+ nohup amcrypt
which: no aespipe in (/usr/sbin:/usr/lib64/amanda:/usr/local/sbin:/usr/local/bin:/usr/sbin:/usr/bin:/sbin:/bin:/usr/sbin:/sbin:/usr/ucb:/opt/csw/bin)
/usr/lib64/amanda/amanda-sh-lib.sh: line 40: /usr/bin/gettext: No such file or directory

+ CHECK_RESULT 1 0 0 'Check amcrypt failed'
+ actual_result=1
+ expect_result=0
+ mode=0
+ error_log='Check amcrypt failed'
+ exit_mode=0
+ '[' -z 1 ']'
+ '[' 0 -eq 0 ']'
+ test 1x '!=' 0x
+ test -n 'Check amcrypt failed'
+ LOG_ERROR 'Check amcrypt failed'
+ message='Check amcrypt failed'
+ python3 /root/mugen/libs/locallibs/mugen_log.py --level error --message 'Check amcrypt failed'
Tue Oct 10 23:59:51 2023 - ERROR - Check amcrypt failed
+ (( exec_result++ ))
+ LOG_ERROR 'oe_test_amanda_aespipe.sh line 56'
+ message='oe_test_amanda_aespipe.sh line 56'
+ python3 /root/mugen/libs/locallibs/mugen_log.py --level error --message 'oe_test_amanda_aespipe.sh line 56'
Tue Oct 10 23:59:51 2023 - ERROR - oe_test_amanda_aespipe.sh line 56
+ '[' 0 -eq 1 ']'
+ return 0
+ LOG_INFO 'End to run test.'
+ message='End to run test.'
+ python3 /root/mugen/libs/locallibs/mugen_log.py --level info --message 'End to run test.'
Tue Oct 10 23:59:52 2023 - INFO  - End to run test.
+ CASE_RESULT 0
+ case_re=0
+ test -z 1
+ test 1 -gt 0
+ LOG_ERROR 'failed to execute the case.'
+ message='failed to execute the case.'
+ python3 /root/mugen/libs/locallibs/mugen_log.py --level error --message 'failed to execute the case.'
Tue Oct 10 23:59:52 2023 - ERROR - failed to execute the case.
+ exit 1
+ post_test
+ LOG_INFO 'Start to restore the test environment.'
+ message='Start to restore the test environment.'
+ python3 /root/mugen/libs/locallibs/mugen_log.py --level info --message 'Start to restore the test environment.'
Tue Oct 10 23:59:52 2023 - INFO  - Start to restore the test environment.
++ pgrep -f amcrypt
+ kill -9 ''
oe_test_amanda_aespipe.sh: line 62: kill: `': not a pid or valid job spec
+ DNF_REMOVE
+ node=1
+ pkg_list=
+ mode=0
+ [[ -z /tmp/tmp__kht3kl ]]
+ '[' 0 -ne 0 ']'
+ '[' 1 == 0 ']'
+ python3 /root/mugen/libs/locallibs/rpm_manage.py remove --node 1 --pkgs '' --tempfile /tmp/tmp__kht3kl
+ '[' 0 -ne 0 ']'
+ rm -rf /amanda /etc/amanda tmp.txt /root/.gnupg/ /var/lib/amanda/amanda-client.conf-windowsdesktop.company.com /var/lib/amanda/amandates.rpmsave /var/lib/amanda/backup-pubkey.pem /var/lib/amanda/gnutar-lists
+ LOG_INFO 'End to restore the test environment.'
+ message='End to restore the test environment.'
+ python3 /root/mugen/libs/locallibs/mugen_log.py --level info --message 'End to restore the test environment.'
Wed Oct 11 00:00:04 2023 - INFO  - End to restore the test environment.
