+ source /root/mugen/libs/locallibs/common_lib.sh
++ python3 --version
++ '[' 0 -eq 0 ']'
++ source /root/mugen/libs/locallibs/common_lib_python.sh
+ main
++ type -t post_test
+ '[' -n function ']'
+ trap post_test EXIT INT HUP TERM
+ rpm -qa
+ grep expect
++ type -t config_params
+ '[' -n '' ']'
++ type -t pre_test
+ '[' -n function ']'
+ pre_test
+ LOG_INFO 'Start to prepare the test environment.'
+ message='Start to prepare the test environment.'
+ python3 /root/mugen/libs/locallibs/mugen_log.py --level info --message 'Start to prepare the test environment.'
Thu Oct 19 23:43:35 2023 - INFO  - Start to prepare the test environment.
+ DNF_INSTALL python3-pip
+ pkgs=python3-pip
+ node=1
+ '[' -z '' ']'
+ tmpfile=
++ python3 /root/mugen/libs/locallibs/rpm_manage.py install --pkgs python3-pip --node 1 --tempfile ''
Thu Oct 19 23:43:41 2023 - INFO  - pkgs:(python3-pip) is already installed
+ tmpfile2=
+ '[' -z '' ']'
+ tmpfile=
+ LOG_INFO 'End to prepare the test environment.'
+ message='End to prepare the test environment.'
+ python3 /root/mugen/libs/locallibs/mugen_log.py --level info --message 'End to prepare the test environment.'
Thu Oct 19 23:43:41 2023 - INFO  - End to prepare the test environment.
++ type -t run_test
+ '[' -n function ']'
+ run_test
+ LOG_INFO 'Start to run test.'
+ message='Start to run test.'
+ python3 /root/mugen/libs/locallibs/mugen_log.py --level info --message 'Start to run test.'
Thu Oct 19 23:43:42 2023 - INFO  - Start to run test.
+ pip3 install --user requests
Collecting requests
  WARNING: Retrying (Retry(total=4, connect=None, read=None, redirect=None, status=None)) after connection broken by 'NewConnectionError('<pip._vendor.urllib3.connection.HTTPSConnection object at 0x3fb68dd310>: Failed to establish a new connection: [Errno 101] Network is unreachable')': /packages/70/8e/0e2d847013cb52cd35b38c009bb167a1a26b2ce6cd6965bf26b47bc0bf44/requests-2.31.0-py3-none-any.whl
  WARNING: Retrying (Retry(total=3, connect=None, read=None, redirect=None, status=None)) after connection broken by 'NewConnectionError('<pip._vendor.urllib3.connection.HTTPSConnection object at 0x3fb68e2b50>: Failed to establish a new connection: [Errno 101] Network is unreachable')': /packages/70/8e/0e2d847013cb52cd35b38c009bb167a1a26b2ce6cd6965bf26b47bc0bf44/requests-2.31.0-py3-none-any.whl
  Downloading requests-2.31.0-py3-none-any.whl (62 kB)
     ━━━━━━━━━━━━━━━━━━━━━━━━━━━━━━━━━━━━━━━━ 62.6/62.6 kB 1.5 kB/s eta 0:00:00
INFO: pip is looking at multiple versions of requests to determine which version is compatible with other requirements. This could take a while.
  Downloading requests-2.30.0-py3-none-any.whl (62 kB)
     ━━━━━━╸                                  10.2/62.5 kB ? eta -:--:--
ERROR: Exception:
Traceback (most recent call last):
  File "/usr/lib/python3.11/site-packages/pip/_vendor/urllib3/response.py", line 438, in _error_catcher
    yield
  File "/usr/lib/python3.11/site-packages/pip/_vendor/urllib3/response.py", line 561, in read
    data = self._fp_read(amt) if not fp_closed else b""
           ^^^^^^^^^^^^^^^^^^
  File "/usr/lib/python3.11/site-packages/pip/_vendor/urllib3/response.py", line 527, in _fp_read
    return self._fp.read(amt) if amt is not None else self._fp.read()
           ^^^^^^^^^^^^^^^^^^
  File "/usr/lib/python3.11/site-packages/pip/_vendor/cachecontrol/filewrapper.py", line 90, in read
    data = self.__fp.read(amt)
           ^^^^^^^^^^^^^^^^^^^
  File "/usr/lib64/python3.11/http/client.py", line 466, in read
    s = self.fp.read(amt)
        ^^^^^^^^^^^^^^^^^
  File "/usr/lib64/python3.11/socket.py", line 706, in readinto
    return self._sock.recv_into(b)
           ^^^^^^^^^^^^^^^^^^^^^^^
  File "/usr/lib64/python3.11/ssl.py", line 1278, in recv_into
    return self.read(nbytes, buffer)
           ^^^^^^^^^^^^^^^^^^^^^^^^^
  File "/usr/lib64/python3.11/ssl.py", line 1134, in read
    return self._sslobj.read(len, buffer)
           ^^^^^^^^^^^^^^^^^^^^^^^^^^^^^^
TimeoutError: The read operation timed out

During handling of the above exception, another exception occurred:

Traceback (most recent call last):
  File "/usr/lib/python3.11/site-packages/pip/_internal/cli/base_command.py", line 169, in exc_logging_wrapper
    status = run_func(*args)
             ^^^^^^^^^^^^^^^
  File "/usr/lib/python3.11/site-packages/pip/_internal/cli/req_command.py", line 248, in wrapper
    return func(self, options, args)
           ^^^^^^^^^^^^^^^^^^^^^^^^^
  File "/usr/lib/python3.11/site-packages/pip/_internal/commands/install.py", line 377, in run
    requirement_set = resolver.resolve(
                      ^^^^^^^^^^^^^^^^^
  File "/usr/lib/python3.11/site-packages/pip/_internal/resolution/resolvelib/resolver.py", line 92, in resolve
    result = self._result = resolver.resolve(
                            ^^^^^^^^^^^^^^^^^
  File "/usr/lib/python3.11/site-packages/pip/_vendor/resolvelib/resolvers.py", line 546, in resolve
    state = resolution.resolve(requirements, max_rounds=max_rounds)
            ^^^^^^^^^^^^^^^^^^^^^^^^^^^^^^^^^^^^^^^^^^^^^^^^^^^^^^^
  File "/usr/lib/python3.11/site-packages/pip/_vendor/resolvelib/resolvers.py", line 427, in resolve
    failure_causes = self._attempt_to_pin_criterion(name)
                     ^^^^^^^^^^^^^^^^^^^^^^^^^^^^^^^^^^^^
  File "/usr/lib/python3.11/site-packages/pip/_vendor/resolvelib/resolvers.py", line 237, in _attempt_to_pin_criterion
    for candidate in criterion.candidates:
  File "/usr/lib/python3.11/site-packages/pip/_internal/resolution/resolvelib/found_candidates.py", line 143, in <genexpr>
    return (c for c in iterator if id(c) not in self._incompatible_ids)
           ^^^^^^^^^^^^^^^^^^^^^^^^^^^^^^^^^^^^^^^^^^^^^^^^^^^^^^^^^^^^
  File "/usr/lib/python3.11/site-packages/pip/_internal/resolution/resolvelib/found_candidates.py", line 47, in _iter_built
    candidate = func()
                ^^^^^^
  File "/usr/lib/python3.11/site-packages/pip/_internal/resolution/resolvelib/factory.py", line 208, in _make_candidate_from_link
    self._link_candidate_cache[link] = LinkCandidate(
                                       ^^^^^^^^^^^^^^
  File "/usr/lib/python3.11/site-packages/pip/_internal/resolution/resolvelib/candidates.py", line 293, in __init__
    super().__init__(
  File "/usr/lib/python3.11/site-packages/pip/_internal/resolution/resolvelib/candidates.py", line 156, in __init__
    self.dist = self._prepare()
                ^^^^^^^^^^^^^^^
  File "/usr/lib/python3.11/site-packages/pip/_internal/resolution/resolvelib/candidates.py", line 225, in _prepare
    dist = self._prepare_distribution()
           ^^^^^^^^^^^^^^^^^^^^^^^^^^^^
  File "/usr/lib/python3.11/site-packages/pip/_internal/resolution/resolvelib/candidates.py", line 304, in _prepare_distribution
    return preparer.prepare_linked_requirement(self._ireq, parallel_builds=True)
           ^^^^^^^^^^^^^^^^^^^^^^^^^^^^^^^^^^^^^^^^^^^^^^^^^^^^^^^^^^^^^^^^^^^^^
  File "/usr/lib/python3.11/site-packages/pip/_internal/operations/prepare.py", line 516, in prepare_linked_requirement
    return self._prepare_linked_requirement(req, parallel_builds)
           ^^^^^^^^^^^^^^^^^^^^^^^^^^^^^^^^^^^^^^^^^^^^^^^^^^^^^^
  File "/usr/lib/python3.11/site-packages/pip/_internal/operations/prepare.py", line 587, in _prepare_linked_requirement
    local_file = unpack_url(
                 ^^^^^^^^^^^
  File "/usr/lib/python3.11/site-packages/pip/_internal/operations/prepare.py", line 166, in unpack_url
    file = get_http_url(
           ^^^^^^^^^^^^^
  File "/usr/lib/python3.11/site-packages/pip/_internal/operations/prepare.py", line 107, in get_http_url
    from_path, content_type = download(link, temp_dir.path)
                              ^^^^^^^^^^^^^^^^^^^^^^^^^^^^^
  File "/usr/lib/python3.11/site-packages/pip/_internal/network/download.py", line 147, in __call__
    for chunk in chunks:
  File "/usr/lib/python3.11/site-packages/pip/_internal/cli/progress_bars.py", line 53, in _rich_progress_bar
    for chunk in iterable:
  File "/usr/lib/python3.11/site-packages/pip/_internal/network/utils.py", line 63, in response_chunks
    for chunk in response.raw.stream(
  File "/usr/lib/python3.11/site-packages/pip/_vendor/urllib3/response.py", line 622, in stream
    data = self.read(amt=amt, decode_content=decode_content)
           ^^^^^^^^^^^^^^^^^^^^^^^^^^^^^^^^^^^^^^^^^^^^^^^^^
  File "/usr/lib/python3.11/site-packages/pip/_vendor/urllib3/response.py", line 560, in read
    with self._error_catcher():
  File "/usr/lib64/python3.11/contextlib.py", line 155, in __exit__
    self.gen.throw(typ, value, traceback)
  File "/usr/lib/python3.11/site-packages/pip/_vendor/urllib3/response.py", line 443, in _error_catcher
    raise ReadTimeoutError(self._pool, None, "Read timed out.")
pip._vendor.urllib3.exceptions.ReadTimeoutError: HTTPSConnectionPool(host='files.pythonhosted.org', port=443): Read timed out.
+ CHECK_RESULT 2 0 0 'Failed to execute pip3 install --user'
+ actual_result=2
+ expect_result=0
+ mode=0
+ error_log='Failed to execute pip3 install --user'
+ exit_mode=0
+ '[' -z 2 ']'
+ '[' 0 -eq 0 ']'
+ test 2x '!=' 0x
+ test -n 'Failed to execute pip3 install --user'
+ LOG_ERROR 'Failed to execute pip3 install --user'
+ message='Failed to execute pip3 install --user'
+ python3 /root/mugen/libs/locallibs/mugen_log.py --level error --message 'Failed to execute pip3 install --user'
Thu Oct 19 23:46:32 2023 - ERROR - Failed to execute pip3 install --user
+ (( exec_result++ ))
+ LOG_ERROR 'oe_test_python_pip_install.sh line 31'
+ message='oe_test_python_pip_install.sh line 31'
+ python3 /root/mugen/libs/locallibs/mugen_log.py --level error --message 'oe_test_python_pip_install.sh line 31'
Thu Oct 19 23:46:32 2023 - ERROR - oe_test_python_pip_install.sh line 31
+ '[' 0 -eq 1 ']'
+ return 0
+ SLEEP_WAIT 3
+ wait_time=3
+ cmd=
+ mode=1
+ python3 /root/mugen/libs/locallibs/sleep_wait.py --time 3 --cmd '' --mode 1
+ test -d '/root/.local/lib/python*/site-packages/requests'
+ test -d '/usr/lib/python*/site-packages/requests'
+ CHECK_RESULT 1 0 0 'Failed to find site-packages/requests in /root'
+ actual_result=1
+ expect_result=0
+ mode=0
+ error_log='Failed to find site-packages/requests in /root'
+ exit_mode=0
+ '[' -z 1 ']'
+ '[' 0 -eq 0 ']'
+ test 1x '!=' 0x
+ test -n 'Failed to find site-packages/requests in /root'
+ LOG_ERROR 'Failed to find site-packages/requests in /root'
+ message='Failed to find site-packages/requests in /root'
+ python3 /root/mugen/libs/locallibs/mugen_log.py --level error --message 'Failed to find site-packages/requests in /root'
Thu Oct 19 23:46:36 2023 - ERROR - Failed to find site-packages/requests in /root
+ (( exec_result++ ))
+ LOG_ERROR 'oe_test_python_pip_install.sh line 34'
+ message='oe_test_python_pip_install.sh line 34'
+ python3 /root/mugen/libs/locallibs/mugen_log.py --level error --message 'oe_test_python_pip_install.sh line 34'
Thu Oct 19 23:46:37 2023 - ERROR - oe_test_python_pip_install.sh line 34
+ '[' 0 -eq 1 ']'
+ return 0
+ pip3 uninstall requests -y
WARNING: Skipping requests as it is not installed.
WARNING: Running pip as the 'root' user can result in broken permissions and conflicting behaviour with the system package manager. It is recommended to use a virtual environment instead: https://pip.pypa.io/warnings/venv
+ pip3 install --root /tmp requests
Collecting requests
  Using cached requests-2.31.0-py3-none-any.whl (62 kB)
Collecting charset-normalizer<4,>=2 (from requests)
  WARNING: Retrying (Retry(total=4, connect=None, read=None, redirect=None, status=None)) after connection broken by 'NewConnectionError('<pip._vendor.urllib3.connection.HTTPSConnection object at 0x3fb3530290>: Failed to establish a new connection: [Errno 101] Network is unreachable')': /packages/a3/dc/efab5b27839f04be4b8058c1eb85b7ab7dbc55ef8067250bea0518392756/charset_normalizer-3.3.0-py3-none-any.whl
  WARNING: Retrying (Retry(total=3, connect=None, read=None, redirect=None, status=None)) after connection broken by 'NewConnectionError('<pip._vendor.urllib3.connection.HTTPSConnection object at 0x3fb3530d50>: Failed to establish a new connection: [Errno 101] Network is unreachable')': /packages/a3/dc/efab5b27839f04be4b8058c1eb85b7ab7dbc55ef8067250bea0518392756/charset_normalizer-3.3.0-py3-none-any.whl
  Downloading charset_normalizer-3.3.0-py3-none-any.whl (48 kB)
     ━━━━━━━━━━━━━━━━━━━━━━━━━━━━━━━━━━━━━━━━ 48.2/48.2 kB 1.6 kB/s eta 0:00:00
Requirement already satisfied: idna<4,>=2.5 in /usr/lib/python3.11/site-packages (from requests) (3.4)
Collecting urllib3<3,>=1.21.1 (from requests)
  Downloading urllib3-2.0.7-py3-none-any.whl (124 kB)
     ━━━━━━━━━━━━━━━━━━━━━━━━━━━━━━━━━━━━━━━ 124.2/124.2 kB 3.5 kB/s eta 0:00:00
Collecting certifi>=2017.4.17 (from requests)
  Downloading certifi-2023.7.22-py3-none-any.whl (158 kB)
     ━━━━━━━━━━━━━━━━━━━━━━━━━━━━━━━━━━━━━━ 158.3/158.3 kB 19.2 kB/s eta 0:00:00
Installing collected packages: urllib3, charset-normalizer, certifi, requests
  WARNING: The script normalizer is installed in '/tmp/usr/local/bin' which is not on PATH.
  Consider adding this directory to PATH or, if you prefer to suppress this warning, use --no-warn-script-location.
Successfully installed certifi-2023.7.22 charset-normalizer-3.3.0 requests-2.31.0 urllib3-2.0.7
WARNING: Running pip as the 'root' user can result in broken permissions and conflicting behaviour with the system package manager. It is recommended to use a virtual environment instead: https://pip.pypa.io/warnings/venv
+ CHECK_RESULT 0 0 0 'Failed to execute pip3 install --root'
+ actual_result=0
+ expect_result=0
+ mode=0
+ error_log='Failed to execute pip3 install --root'
+ exit_mode=0
+ '[' -z 0 ']'
+ '[' 0 -eq 0 ']'
+ test 0x '!=' 0x
+ return 0
+ test -d /tmp/usr/local/lib/python3.11/site-packages/requests
+ CHECK_RESULT 0 0 0 'Failed to find site-packages/requests in /tmp'
+ actual_result=0
+ expect_result=0
+ mode=0
+ error_log='Failed to find site-packages/requests in /tmp'
+ exit_mode=0
+ '[' -z 0 ']'
+ '[' 0 -eq 0 ']'
+ test 0x '!=' 0x
+ return 0
+ rm -rf /tmp/usr
+ pip3 install --prefix /tmp requests
Collecting requests
  Using cached requests-2.31.0-py3-none-any.whl (62 kB)
Collecting charset-normalizer<4,>=2 (from requests)
  Using cached charset_normalizer-3.3.0-py3-none-any.whl (48 kB)
Requirement already satisfied: idna<4,>=2.5 in /usr/lib/python3.11/site-packages (from requests) (3.4)
WARNING: Retrying (Retry(total=4, connect=None, read=None, redirect=None, status=None)) after connection broken by 'ReadTimeoutError("HTTPSConnectionPool(host='pypi.org', port=443): Read timed out. (read timeout=15)")': /simple/urllib3/
Collecting urllib3<3,>=1.21.1 (from requests)
  Using cached urllib3-2.0.7-py3-none-any.whl (124 kB)
Collecting certifi>=2017.4.17 (from requests)
  Using cached certifi-2023.7.22-py3-none-any.whl (158 kB)
Installing collected packages: urllib3, charset-normalizer, certifi, requests
Successfully installed certifi-2023.7.22 charset-normalizer-3.3.0 requests-2.31.0 urllib3-2.0.7
WARNING: Running pip as the 'root' user can result in broken permissions and conflicting behaviour with the system package manager. It is recommended to use a virtual environment instead: https://pip.pypa.io/warnings/venv
+ CHECK_RESULT 0 0 0 'Failed to execute pip3 install --prefix'
+ actual_result=0
+ expect_result=0
+ mode=0
+ error_log='Failed to execute pip3 install --prefix'
+ exit_mode=0
+ '[' -z 0 ']'
+ '[' 0 -eq 0 ']'
+ test 0x '!=' 0x
+ return 0
+ test -d /tmp/lib/python3.11/site-packages/requests
+ CHECK_RESULT 0 0 0 'Failed to find requests in /tmp'
+ actual_result=0
+ expect_result=0
+ mode=0
+ error_log='Failed to find requests in /tmp'
+ exit_mode=0
+ '[' -z 0 ']'
+ '[' 0 -eq 0 ']'
+ test 0x '!=' 0x
+ return 0
+ pip3 list
+ grep charset-normalizer
+ CHECK_RESULT 1 0 0 'Failed to execute pip3 list'
+ actual_result=1
+ expect_result=0
+ mode=0
+ error_log='Failed to execute pip3 list'
+ exit_mode=0
+ '[' -z 1 ']'
+ '[' 0 -eq 0 ']'
+ test 1x '!=' 0x
+ test -n 'Failed to execute pip3 list'
+ LOG_ERROR 'Failed to execute pip3 list'
+ message='Failed to execute pip3 list'
+ python3 /root/mugen/libs/locallibs/mugen_log.py --level error --message 'Failed to execute pip3 list'
Thu Oct 19 23:50:41 2023 - ERROR - Failed to execute pip3 list
+ (( exec_result++ ))
+ LOG_ERROR 'oe_test_python_pip_install.sh line 46'
+ message='oe_test_python_pip_install.sh line 46'
+ python3 /root/mugen/libs/locallibs/mugen_log.py --level error --message 'oe_test_python_pip_install.sh line 46'
Thu Oct 19 23:50:41 2023 - ERROR - oe_test_python_pip_install.sh line 46
+ '[' 0 -eq 1 ']'
+ return 0
+ pip3 uninstall -y requests charset-normalizer
WARNING: Skipping requests as it is not installed.
WARNING: Skipping charset-normalizer as it is not installed.
WARNING: Running pip as the 'root' user can result in broken permissions and conflicting behaviour with the system package manager. It is recommended to use a virtual environment instead: https://pip.pypa.io/warnings/venv
+ pip3 install --no-deps requests
Collecting requests
  Using cached requests-2.31.0-py3-none-any.whl (62 kB)
Installing collected packages: requests
Successfully installed requests-2.31.0
WARNING: Running pip as the 'root' user can result in broken permissions and conflicting behaviour with the system package manager. It is recommended to use a virtual environment instead: https://pip.pypa.io/warnings/venv
+ CHECK_RESULT 0 0 0 'Failed to execute pip3 install --no-deps'
+ actual_result=0
+ expect_result=0
+ mode=0
+ error_log='Failed to execute pip3 install --no-deps'
+ exit_mode=0
+ '[' -z 0 ']'
+ '[' 0 -eq 0 ']'
+ test 0x '!=' 0x
+ return 0
+ pip3 list
+ grep charset-normalizer
+ CHECK_RESULT 1 0 1 'Succeed to execute pip3 list'
+ actual_result=1
+ expect_result=0
+ mode=1
+ error_log='Succeed to execute pip3 list'
+ exit_mode=0
+ '[' -z 1 ']'
+ '[' 1 -eq 0 ']'
+ test 1x == 0x
+ return 0
+ pip3 install --force-reinstall requests
+ grep Successfully
  WARNING: Retrying (Retry(total=4, connect=None, read=None, redirect=None, status=None)) after connection broken by 'NewConnectionError('<pip._vendor.urllib3.connection.HTTPSConnection object at 0x3f9bff95d0>: Failed to establish a new connection: [Errno 101] Network is unreachable')': /packages/fc/34/3030de6f1370931b9dbb4dad48f6ab1015ab1d32447850b9fc94e60097be/idna-3.4-py3-none-any.whl
WARNING: Running pip as the 'root' user can result in broken permissions and conflicting behaviour with the system package manager. It is recommended to use a virtual environment instead: https://pip.pypa.io/warnings/venv
      Successfully uninstalled requests-2.31.0
Successfully installed certifi-2023.7.22 charset-normalizer-3.3.0 idna-3.4 requests-2.31.0 urllib3-2.0.7
+ CHECK_RESULT 0 0 0 'Failed to execute pip3 install --force-reinstall'
+ actual_result=0
+ expect_result=0
+ mode=0
+ error_log='Failed to execute pip3 install --force-reinstall'
+ exit_mode=0
+ '[' -z 0 ']'
+ '[' 0 -eq 0 ']'
+ test 0x '!=' 0x
+ return 0
+ pip3 install --upgrade requests
+ grep already
WARNING: Running pip as the 'root' user can result in broken permissions and conflicting behaviour with the system package manager. It is recommended to use a virtual environment instead: https://pip.pypa.io/warnings/venv
Requirement already satisfied: requests in /usr/local/lib/python3.11/site-packages (2.31.0)
Requirement already satisfied: charset-normalizer<4,>=2 in /usr/local/lib/python3.11/site-packages (from requests) (3.3.0)
Requirement already satisfied: idna<4,>=2.5 in /usr/local/lib/python3.11/site-packages (from requests) (3.4)
Requirement already satisfied: urllib3<3,>=1.21.1 in /usr/local/lib/python3.11/site-packages (from requests) (2.0.7)
Requirement already satisfied: certifi>=2017.4.17 in /usr/local/lib/python3.11/site-packages (from requests) (2023.7.22)
+ CHECK_RESULT 0 0 0 'Failed to execute pip3 install --upgrade'
+ actual_result=0
+ expect_result=0
+ mode=0
+ error_log='Failed to execute pip3 install --upgrade'
+ exit_mode=0
+ '[' -z 0 ']'
+ '[' 0 -eq 0 ']'
+ test 0x '!=' 0x
+ return 0
+ pip3 uninstall -y requests
Found existing installation: requests 2.31.0
Uninstalling requests-2.31.0:
  Successfully uninstalled requests-2.31.0
WARNING: Running pip as the 'root' user can result in broken permissions and conflicting behaviour with the system package manager. It is recommended to use a virtual environment instead: https://pip.pypa.io/warnings/venv
+ pip3 install --upgrade requests
+ grep Successfully
WARNING: Running pip as the 'root' user can result in broken permissions and conflicting behaviour with the system package manager. It is recommended to use a virtual environment instead: https://pip.pypa.io/warnings/venv
Successfully installed requests-2.31.0
+ CHECK_RESULT 0 0 0 'Failed to repead execute pip3 install --upgrade'
+ actual_result=0
+ expect_result=0
+ mode=0
+ error_log='Failed to repead execute pip3 install --upgrade'
+ exit_mode=0
+ '[' -z 0 ']'
+ '[' 0 -eq 0 ']'
+ test 0x '!=' 0x
+ return 0
+ pip3 install --ignore-installed requests
+ grep 'Installing collected packages'
+ grep certifi
+ grep idna
+ grep charset-normalizer
+ grep urllib3
+ grep requests
WARNING: Running pip as the 'root' user can result in broken permissions and conflicting behaviour with the system package manager. It is recommended to use a virtual environment instead: https://pip.pypa.io/warnings/venv
Installing collected packages: urllib3, idna, charset-normalizer, certifi, requests
+ CHECK_RESULT 0 0 0 'Failed to execute pip3 install --ignore-installed'
+ actual_result=0
+ expect_result=0
+ mode=0
+ error_log='Failed to execute pip3 install --ignore-installed'
+ exit_mode=0
+ '[' -z 0 ']'
+ '[' 0 -eq 0 ']'
+ test 0x '!=' 0x
+ return 0
+ LOG_INFO 'End to run test.'
+ message='End to run test.'
+ python3 /root/mugen/libs/locallibs/mugen_log.py --level info --message 'End to run test.'
Thu Oct 19 23:52:57 2023 - INFO  - End to run test.
+ CASE_RESULT 0
+ case_re=0
+ test -z 3
+ test 3 -gt 0
+ LOG_ERROR 'failed to execute the case.'
+ message='failed to execute the case.'
+ python3 /root/mugen/libs/locallibs/mugen_log.py --level error --message 'failed to execute the case.'
Thu Oct 19 23:52:57 2023 - ERROR - failed to execute the case.
+ exit 3
+ post_test
+ LOG_INFO 'Start to restore the test environment.'
+ message='Start to restore the test environment.'
+ python3 /root/mugen/libs/locallibs/mugen_log.py --level info --message 'Start to restore the test environment.'
Thu Oct 19 23:52:58 2023 - INFO  - Start to restore the test environment.
+ rm -rf /tmp/lib /tmp/local
+ pip3 uninstall -y requests urllib3 idna charset-normalizer certifi
Found existing installation: requests 2.31.0
Uninstalling requests-2.31.0:
  Successfully uninstalled requests-2.31.0
Found existing installation: urllib3 2.0.7
Uninstalling urllib3-2.0.7:
  Successfully uninstalled urllib3-2.0.7
Found existing installation: idna 3.4
Uninstalling idna-3.4:
  Successfully uninstalled idna-3.4
Found existing installation: charset-normalizer 3.3.0
Uninstalling charset-normalizer-3.3.0:
  Successfully uninstalled charset-normalizer-3.3.0
Found existing installation: certifi 2023.7.22
Uninstalling certifi-2023.7.22:
  Successfully uninstalled certifi-2023.7.22
WARNING: Running pip as the 'root' user can result in broken permissions and conflicting behaviour with the system package manager. It is recommended to use a virtual environment instead: https://pip.pypa.io/warnings/venv
+ DNF_REMOVE
+ node=1
+ pkg_list=
+ mode=0
+ [[ -z '' ]]
+ [[ -z '' ]]
+ LOG_WARN 'no thing to do.'
+ message='no thing to do.'
+ python3 /root/mugen/libs/locallibs/mugen_log.py --level warn --message 'no thing to do.'
Thu Oct 19 23:53:05 2023 - WARN  - no thing to do.
+ return 0
+ LOG_INFO 'End to restore the test environment.'
+ message='End to restore the test environment.'
+ python3 /root/mugen/libs/locallibs/mugen_log.py --level info --message 'End to restore the test environment.'
Thu Oct 19 23:53:05 2023 - INFO  - End to restore the test environment.
