+ source /root/mugen/libs/locallibs/common_lib.sh
++ python3 --version
++ '[' 0 -eq 0 ']'
++ source /root/mugen/libs/locallibs/common_lib_python.sh
+ main
++ type -t post_test
+ '[' -n function ']'
+ trap post_test EXIT INT HUP TERM
+ rpm -qa
+ grep expect
++ type -t config_params
+ '[' -n '' ']'
++ type -t pre_test
+ '[' -n function ']'
+ pre_test
+ LOG_INFO 'Start environmental preparation.'
+ message='Start environmental preparation.'
+ python3 /root/mugen/libs/locallibs/mugen_log.py --level info --message 'Start environmental preparation.'
Wed Oct 11 09:42:21 2023 - INFO  - Start environmental preparation.
+ DNF_INSTALL 'openscap scap-security-guide'
+ pkgs='openscap scap-security-guide'
+ node=1
+ '[' -z '' ']'
+ tmpfile=
++ python3 /root/mugen/libs/locallibs/rpm_manage.py install --pkgs 'openscap scap-security-guide' --node 1 --tempfile ''
+ tmpfile2='Last metadata expiration check: 0:03:54 ago on Wed Oct 11 09:38:59 2023.
Error: 
 Problem 1: package openscap-1.3.7-1.oe2309.riscv64 from OS requires rpm-build, but none of the providers can be installed
  - conflicting requests
  - nothing provides patch needed by rpm-build-4.18.1-8.oe2309.riscv64 from OS
 Problem 2: package scap-security-guide-0.1.68-3.oe2309.noarch from OS requires openscap-scanner >= 1.2.5, but none of the providers can be installed
  - package openscap-1.3.7-1.oe2309.riscv64 from OS requires rpm-build, but none of the providers can be installed
  - conflicting requests
  - nothing provides patch needed by rpm-build-4.18.1-8.oe2309.riscv64 from OS
(try to add '\''--skip-broken'\'' to skip uninstallable packages or '\''--nobest'\'' to use not only best candidate packages)'
+ '[' -z '' ']'
+ tmpfile='Last metadata expiration check: 0:03:54 ago on Wed Oct 11 09:38:59 2023.
Error: 
 Problem 1: package openscap-1.3.7-1.oe2309.riscv64 from OS requires rpm-build, but none of the providers can be installed
  - conflicting requests
  - nothing provides patch needed by rpm-build-4.18.1-8.oe2309.riscv64 from OS
 Problem 2: package scap-security-guide-0.1.68-3.oe2309.noarch from OS requires openscap-scanner >= 1.2.5, but none of the providers can be installed
  - package openscap-1.3.7-1.oe2309.riscv64 from OS requires rpm-build, but none of the providers can be installed
  - conflicting requests
  - nothing provides patch needed by rpm-build-4.18.1-8.oe2309.riscv64 from OS
(try to add '\''--skip-broken'\'' to skip uninstallable packages or '\''--nobest'\'' to use not only best candidate packages)'
+ DNF_INSTALL 'openscap scap-security-guide' 2
+ pkgs='openscap scap-security-guide'
+ node=2
+ '[' -z 'Last metadata expiration check: 0:03:54 ago on Wed Oct 11 09:38:59 2023.
Error: 
 Problem 1: package openscap-1.3.7-1.oe2309.riscv64 from OS requires rpm-build, but none of the providers can be installed
  - conflicting requests
  - nothing provides patch needed by rpm-build-4.18.1-8.oe2309.riscv64 from OS
 Problem 2: package scap-security-guide-0.1.68-3.oe2309.noarch from OS requires openscap-scanner >= 1.2.5, but none of the providers can be installed
  - package openscap-1.3.7-1.oe2309.riscv64 from OS requires rpm-build, but none of the providers can be installed
  - conflicting requests
  - nothing provides patch needed by rpm-build-4.18.1-8.oe2309.riscv64 from OS
(try to add '\''--skip-broken'\'' to skip uninstallable packages or '\''--nobest'\'' to use not only best candidate packages)' ']'
++ python3 /root/mugen/libs/locallibs/rpm_manage.py install --pkgs 'openscap scap-security-guide' --node 2 --tempfile 'Last metadata expiration check: 0:03:54 ago on Wed Oct 11 09:38:59 2023.
Error: 
 Problem 1: package openscap-1.3.7-1.oe2309.riscv64 from OS requires rpm-build, but none of the providers can be installed
  - conflicting requests
  - nothing provides patch needed by rpm-build-4.18.1-8.oe2309.riscv64 from OS
 Problem 2: package scap-security-guide-0.1.68-3.oe2309.noarch from OS requires openscap-scanner >= 1.2.5, but none of the providers can be installed
  - package openscap-1.3.7-1.oe2309.riscv64 from OS requires rpm-build, but none of the providers can be installed
  - conflicting requests
  - nothing provides patch needed by rpm-build-4.18.1-8.oe2309.riscv64 from OS
(try to add '\''--skip-broken'\'' to skip uninstallable packages or '\''--nobest'\'' to use not only best candidate packages)'
Traceback (most recent call last):
  File "/root/mugen/libs/locallibs/rpm_manage.py", line 187, in <module>
    exitcode, output = rpm_install(args.pkgs, args.node, args.tempfile)
                       ^^^^^^^^^^^^^^^^^^^^^^^^^^^^^^^^^^^^^^^^^^^^^^^^
  File "/root/mugen/libs/locallibs/rpm_manage.py", line 66, in rpm_install
    conn = ssh_cmd.pssh_conn(
           ^^^^^^^^^^^^^^^^^^
  File "/root/mugen/libs/locallibs/ssh_cmd.py", line 53, in pssh_conn
    conn.connect(ip, port, user, password, timeout=timeout)
  File "/usr/lib/python3.11/site-packages/paramiko/client.py", line 377, in connect
    to_try = list(self._families_and_addresses(hostname, port))
             ^^^^^^^^^^^^^^^^^^^^^^^^^^^^^^^^^^^^^^^^^^^^^^^^^^
  File "/usr/lib/python3.11/site-packages/paramiko/client.py", line 202, in _families_and_addresses
    addrinfos = socket.getaddrinfo(
                ^^^^^^^^^^^^^^^^^^^
  File "/usr/lib64/python3.11/socket.py", line 962, in getaddrinfo
    for res in _socket.getaddrinfo(host, port, family, type, proto, flags):
               ^^^^^^^^^^^^^^^^^^^^^^^^^^^^^^^^^^^^^^^^^^^^^^^^^^^^^^^^^^^
socket.gaierror: [Errno -2] Name or service not known
+ tmpfile2=
+ '[' -z 'Last metadata expiration check: 0:03:54 ago on Wed Oct 11 09:38:59 2023.
Error: 
 Problem 1: package openscap-1.3.7-1.oe2309.riscv64 from OS requires rpm-build, but none of the providers can be installed
  - conflicting requests
  - nothing provides patch needed by rpm-build-4.18.1-8.oe2309.riscv64 from OS
 Problem 2: package scap-security-guide-0.1.68-3.oe2309.noarch from OS requires openscap-scanner >= 1.2.5, but none of the providers can be installed
  - package openscap-1.3.7-1.oe2309.riscv64 from OS requires rpm-build, but none of the providers can be installed
  - conflicting requests
  - nothing provides patch needed by rpm-build-4.18.1-8.oe2309.riscv64 from OS
(try to add '\''--skip-broken'\'' to skip uninstallable packages or '\''--nobest'\'' to use not only best candidate packages)' ']'
+ xccdf_path=/usr/share/xml/scap/ssg/content/ssg-ol8-xccdf.xml
+ LOG_INFO 'End of environmental preparation!'
+ message='End of environmental preparation!'
+ python3 /root/mugen/libs/locallibs/mugen_log.py --level info --message 'End of environmental preparation!'
Wed Oct 11 09:42:58 2023 - INFO  - End of environmental preparation!
++ type -t run_test
+ '[' -n function ']'
+ run_test
+ LOG_INFO 'Start executing testcase.'
+ message='Start executing testcase.'
+ python3 /root/mugen/libs/locallibs/mugen_log.py --level info --message 'Start executing testcase.'
Wed Oct 11 09:42:58 2023 - INFO  - Start executing testcase.
+ oscap info /usr/share/xml/scap/ssg/content/ssg-ol8-xccdf.xml
oe_test_assess_safety_compliance.sh: line 32: oscap: command not found
+ grep -rn 'Document type: XCCDF Checklist'
oe_test_assess_safety_compliance.sh:32:    oscap info $xccdf_path | grep -rn "Document type: XCCDF Checklist"
+ CHECK_RESULT 0
+ actual_result=0
+ expect_result=0
+ mode=0
+ error_log=
+ exit_mode=0
+ '[' -z 0 ']'
+ '[' 0 -eq 0 ']'
+ test 0x '!=' 0x
+ return 0
+ oscap info --profile ospp /usr/share/xml/scap/ssg/content/ssg-ol8-xccdf.xml
oe_test_assess_safety_compliance.sh: line 34: oscap: command not found
+ grep ospp
+ CHECK_RESULT 1
+ actual_result=1
+ expect_result=0
+ mode=0
+ error_log=
+ exit_mode=0
+ '[' -z 1 ']'
+ '[' 0 -eq 0 ']'
+ test 1x '!=' 0x
+ test -n ''
+ (( exec_result++ ))
+ LOG_ERROR 'oe_test_assess_safety_compliance.sh line 35'
+ message='oe_test_assess_safety_compliance.sh line 35'
+ python3 /root/mugen/libs/locallibs/mugen_log.py --level error --message 'oe_test_assess_safety_compliance.sh line 35'
Wed Oct 11 09:42:59 2023 - ERROR - oe_test_assess_safety_compliance.sh line 35
+ '[' 0 -eq 1 ']'
+ return 0
+ oscap xccdf eval --report /tmp/report.html --profile ospp /usr/share/xml/scap/ssg/content/ssg-ol8-xccdf.xml
oe_test_assess_safety_compliance.sh: line 36: oscap: command not found
+ CHECK_RESULT 127
+ actual_result=127
+ expect_result=0
+ mode=0
+ error_log=
+ exit_mode=0
+ '[' -z 127 ']'
+ '[' 0 -eq 0 ']'
+ test 127x '!=' 0x
+ test -n ''
+ (( exec_result++ ))
+ LOG_ERROR 'oe_test_assess_safety_compliance.sh line 37'
+ message='oe_test_assess_safety_compliance.sh line 37'
+ python3 /root/mugen/libs/locallibs/mugen_log.py --level error --message 'oe_test_assess_safety_compliance.sh line 37'
Wed Oct 11 09:43:00 2023 - ERROR - oe_test_assess_safety_compliance.sh line 37
+ '[' 0 -eq 1 ']'
+ return 0
+ grep OpenSCAP /tmp/report.html
grep: /tmp/report.html: No such file or directory
+ CHECK_RESULT 2
+ actual_result=2
+ expect_result=0
+ mode=0
+ error_log=
+ exit_mode=0
+ '[' -z 2 ']'
+ '[' 0 -eq 0 ']'
+ test 2x '!=' 0x
+ test -n ''
+ (( exec_result++ ))
+ LOG_ERROR 'oe_test_assess_safety_compliance.sh line 39'
+ message='oe_test_assess_safety_compliance.sh line 39'
+ python3 /root/mugen/libs/locallibs/mugen_log.py --level error --message 'oe_test_assess_safety_compliance.sh line 39'
Wed Oct 11 09:43:00 2023 - ERROR - oe_test_assess_safety_compliance.sh line 39
+ '[' 0 -eq 1 ']'
+ return 0
+ expect -c '
        set timeout 300
        spawn oscap-ssh @ 22 xccdf eval --report /tmp/remote_report.html /usr/share/xml/scap/ssg/content/ssg-ol8-xccdf.xml
        expect {
            "*yes/no*" {
                send "yes\r"
                exp_continue
            }
            "s password: " {
                send "\r"
                exp_continue
            }
            timeout
        }
    '
spawn oscap-ssh @ 22 xccdf eval --report /tmp/remote_report.html /usr/share/xml/scap/ssg/content/ssg-ol8-xccdf.xml
couldn't execute "oscap-ssh": no such file or directory
    while executing
"spawn oscap-ssh @ 22 xccdf eval --report /tmp/remote_report.html /usr/share/xml/scap/ssg/content/ssg-ol8-xccdf.xml"
+ grep OpenSCAP /tmp/remote_report.html
grep: /tmp/remote_report.html: No such file or directory
+ CHECK_RESULT 2
+ actual_result=2
+ expect_result=0
+ mode=0
+ error_log=
+ exit_mode=0
+ '[' -z 2 ']'
+ '[' 0 -eq 0 ']'
+ test 2x '!=' 0x
+ test -n ''
+ (( exec_result++ ))
+ LOG_ERROR 'oe_test_assess_safety_compliance.sh line 56'
+ message='oe_test_assess_safety_compliance.sh line 56'
+ python3 /root/mugen/libs/locallibs/mugen_log.py --level error --message 'oe_test_assess_safety_compliance.sh line 56'
Wed Oct 11 09:43:01 2023 - ERROR - oe_test_assess_safety_compliance.sh line 56
+ '[' 0 -eq 1 ']'
+ return 0
+ LOG_INFO 'Finish testcase execution.'
+ message='Finish testcase execution.'
+ python3 /root/mugen/libs/locallibs/mugen_log.py --level info --message 'Finish testcase execution.'
Wed Oct 11 09:43:02 2023 - INFO  - Finish testcase execution.
+ CASE_RESULT 0
+ case_re=0
+ test -z 4
+ test 4 -gt 0
+ LOG_ERROR 'failed to execute the case.'
+ message='failed to execute the case.'
+ python3 /root/mugen/libs/locallibs/mugen_log.py --level error --message 'failed to execute the case.'
Wed Oct 11 09:43:03 2023 - ERROR - failed to execute the case.
+ exit 4
+ post_test
+ LOG_INFO 'start environment cleanup.'
+ message='start environment cleanup.'
+ python3 /root/mugen/libs/locallibs/mugen_log.py --level info --message 'start environment cleanup.'
Wed Oct 11 09:43:03 2023 - INFO  - start environment cleanup.
+ DNF_REMOVE
+ node=1
+ pkg_list=
+ mode=0
+ [[ -z Last metadata expiration check: 0:03:54 ago on Wed Oct 11 09:38:59 2023.
Error: 
 Problem 1: package openscap-1.3.7-1.oe2309.riscv64 from OS requires rpm-build, but none of the providers can be installed
  - conflicting requests
  - nothing provides patch needed by rpm-build-4.18.1-8.oe2309.riscv64 from OS
 Problem 2: package scap-security-guide-0.1.68-3.oe2309.noarch from OS requires openscap-scanner >= 1.2.5, but none of the providers can be installed
  - package openscap-1.3.7-1.oe2309.riscv64 from OS requires rpm-build, but none of the providers can be installed
  - conflicting requests
  - nothing provides patch needed by rpm-build-4.18.1-8.oe2309.riscv64 from OS
(try to add '--skip-broken' to skip uninstallable packages or '--nobest' to use not only best candidate packages) ]]
+ '[' 0 -ne 0 ']'
+ '[' 1 == 0 ']'
+ python3 /root/mugen/libs/locallibs/rpm_manage.py remove --node 1 --pkgs '' --tempfile 'Last metadata expiration check: 0:03:54 ago on Wed Oct 11 09:38:59 2023.
Error: 
 Problem 1: package openscap-1.3.7-1.oe2309.riscv64 from OS requires rpm-build, but none of the providers can be installed
  - conflicting requests
  - nothing provides patch needed by rpm-build-4.18.1-8.oe2309.riscv64 from OS
 Problem 2: package scap-security-guide-0.1.68-3.oe2309.noarch from OS requires openscap-scanner >= 1.2.5, but none of the providers can be installed
  - package openscap-1.3.7-1.oe2309.riscv64 from OS requires rpm-build, but none of the providers can be installed
  - conflicting requests
  - nothing provides patch needed by rpm-build-4.18.1-8.oe2309.riscv64 from OS
(try to add '\''--skip-broken'\'' to skip uninstallable packages or '\''--nobest'\'' to use not only best candidate packages)'
Traceback (most recent call last):
  File "/root/mugen/libs/locallibs/rpm_manage.py", line 192, in <module>
    exitcode = rpm_remove(args.node, args.pkgs, args.tempfile)
               ^^^^^^^^^^^^^^^^^^^^^^^^^^^^^^^^^^^^^^^^^^^^^^^
  File "/root/mugen/libs/locallibs/rpm_manage.py", line 163, in rpm_remove
    with open(tmpfile, "r") as f:
         ^^^^^^^^^^^^^^^^^^
OSError: [Errno 36] File name too long: "Last metadata expiration check: 0:03:54 ago on Wed Oct 11 09:38:59 2023.\nError: \n Problem 1: package openscap-1.3.7-1.oe2309.riscv64 from OS requires rpm-build, but none of the providers can be installed\n  - conflicting requests\n  - nothing provides patch needed by rpm-build-4.18.1-8.oe2309.riscv64 from OS\n Problem 2: package scap-security-guide-0.1.68-3.oe2309.noarch from OS requires openscap-scanner >= 1.2.5, but none of the providers can be installed\n  - package openscap-1.3.7-1.oe2309.riscv64 from OS requires rpm-build, but none of the providers can be installed\n  - conflicting requests\n  - nothing provides patch needed by rpm-build-4.18.1-8.oe2309.riscv64 from OS\n(try to add '--skip-broken' to skip uninstallable packages or '--nobest' to use not only best candidate packages)"
+ '[' 0 -ne 0 ']'
+ DNF_REMOVE 2 'openscap scap-security-guide'
+ node=2
+ pkg_list='openscap scap-security-guide'
+ mode=0
+ [[ -z Last metadata expiration check: 0:03:54 ago on Wed Oct 11 09:38:59 2023.
Error: 
 Problem 1: package openscap-1.3.7-1.oe2309.riscv64 from OS requires rpm-build, but none of the providers can be installed
  - conflicting requests
  - nothing provides patch needed by rpm-build-4.18.1-8.oe2309.riscv64 from OS
 Problem 2: package scap-security-guide-0.1.68-3.oe2309.noarch from OS requires openscap-scanner >= 1.2.5, but none of the providers can be installed
  - package openscap-1.3.7-1.oe2309.riscv64 from OS requires rpm-build, but none of the providers can be installed
  - conflicting requests
  - nothing provides patch needed by rpm-build-4.18.1-8.oe2309.riscv64 from OS
(try to add '--skip-broken' to skip uninstallable packages or '--nobest' to use not only best candidate packages) ]]
+ '[' 0 -ne 0 ']'
+ '[' 2 == 0 ']'
+ python3 /root/mugen/libs/locallibs/rpm_manage.py remove --node 2 --pkgs 'openscap scap-security-guide' --tempfile 'Last metadata expiration check: 0:03:54 ago on Wed Oct 11 09:38:59 2023.
Error: 
 Problem 1: package openscap-1.3.7-1.oe2309.riscv64 from OS requires rpm-build, but none of the providers can be installed
  - conflicting requests
  - nothing provides patch needed by rpm-build-4.18.1-8.oe2309.riscv64 from OS
 Problem 2: package scap-security-guide-0.1.68-3.oe2309.noarch from OS requires openscap-scanner >= 1.2.5, but none of the providers can be installed
  - package openscap-1.3.7-1.oe2309.riscv64 from OS requires rpm-build, but none of the providers can be installed
  - conflicting requests
  - nothing provides patch needed by rpm-build-4.18.1-8.oe2309.riscv64 from OS
(try to add '\''--skip-broken'\'' to skip uninstallable packages or '\''--nobest'\'' to use not only best candidate packages)'
Traceback (most recent call last):
  File "/root/mugen/libs/locallibs/rpm_manage.py", line 192, in <module>
    exitcode = rpm_remove(args.node, args.pkgs, args.tempfile)
               ^^^^^^^^^^^^^^^^^^^^^^^^^^^^^^^^^^^^^^^^^^^^^^^
  File "/root/mugen/libs/locallibs/rpm_manage.py", line 153, in rpm_remove
    conn = ssh_cmd.pssh_conn(
           ^^^^^^^^^^^^^^^^^^
  File "/root/mugen/libs/locallibs/ssh_cmd.py", line 53, in pssh_conn
    conn.connect(ip, port, user, password, timeout=timeout)
  File "/usr/lib/python3.11/site-packages/paramiko/client.py", line 377, in connect
    to_try = list(self._families_and_addresses(hostname, port))
             ^^^^^^^^^^^^^^^^^^^^^^^^^^^^^^^^^^^^^^^^^^^^^^^^^^
  File "/usr/lib/python3.11/site-packages/paramiko/client.py", line 202, in _families_and_addresses
    addrinfos = socket.getaddrinfo(
                ^^^^^^^^^^^^^^^^^^^
  File "/usr/lib64/python3.11/socket.py", line 962, in getaddrinfo
    for res in _socket.getaddrinfo(host, port, family, type, proto, flags):
               ^^^^^^^^^^^^^^^^^^^^^^^^^^^^^^^^^^^^^^^^^^^^^^^^^^^^^^^^^^^
socket.gaierror: [Errno -2] Name or service not known
+ '[' 0 -ne 0 ']'
+ rm -rf /tmp/remote_report.html /tmp/report.html
+ LOG_INFO 'Finish environment cleanup!'
+ message='Finish environment cleanup!'
+ python3 /root/mugen/libs/locallibs/mugen_log.py --level info --message 'Finish environment cleanup!'
Wed Oct 11 09:43:10 2023 - INFO  - Finish environment cleanup!
