+ source ../common/common_lib.sh
++ source /root/mugen/libs/locallibs/common_lib.sh
+++ python3 --version
+++ '[' 0 -eq 0 ']'
+++ source /root/mugen/libs/locallibs/common_lib_python.sh
+ main
++ type -t post_test
+ '[' -n '' ']'
+ trap POST_TEST_DEFAULT EXIT INT HUP TERM
+ rpm -qa
+ grep expect
++ type -t config_params
+ '[' -n '' ']'
++ type -t pre_test
+ '[' -n '' ']'
++ type -t run_test
+ '[' -n function ']'
+ run_test
+ LOG_INFO 'Start testing...'
+ message='Start testing...'
+ python3 /root/mugen/libs/locallibs/mugen_log.py --level info --message 'Start testing...'
Tue Aug  8 01:12:45 2023 - INFO  - Start testing...
+ systemctl restart first-boot-complete.target
+ grep 'it is configured to refuse manual start/stop'
+ CHECK_RESULT 1 0 0 'Check first-boot-complete.target failed'
+ actual_result=1
+ expect_result=0
+ mode=0
+ error_log='Check first-boot-complete.target failed'
+ exit_mode=0
+ '[' -z 1 ']'
+ '[' 0 -eq 0 ']'
+ test 1x '!=' 0x
+ test -n 'Check first-boot-complete.target failed'
+ LOG_ERROR 'Check first-boot-complete.target failed'
+ message='Check first-boot-complete.target failed'
+ python3 /root/mugen/libs/locallibs/mugen_log.py --level error --message 'Check first-boot-complete.target failed'
Tue Aug  8 01:12:45 2023 - ERROR - Check first-boot-complete.target failed
+ (( exec_result++ ))
+ LOG_ERROR 'oe_test_target_first-boot-complete.sh line 25'
+ message='oe_test_target_first-boot-complete.sh line 25'
+ python3 /root/mugen/libs/locallibs/mugen_log.py --level error --message 'oe_test_target_first-boot-complete.sh line 25'
Tue Aug  8 01:12:46 2023 - ERROR - oe_test_target_first-boot-complete.sh line 25
+ '[' 0 -eq 1 ']'
+ return 0
+ systemctl stop first-boot-complete.target
systemctl: error while loading shared libraries: libsystemd-shared-253.so: cannot open shared object file: No such file or directory
+ CHECK_RESULT 127 0 0 'first-boot-complete.target stop failed'
+ actual_result=127
+ expect_result=0
+ mode=0
+ error_log='first-boot-complete.target stop failed'
+ exit_mode=0
+ '[' -z 127 ']'
+ '[' 0 -eq 0 ']'
+ test 127x '!=' 0x
+ test -n 'first-boot-complete.target stop failed'
+ LOG_ERROR 'first-boot-complete.target stop failed'
+ message='first-boot-complete.target stop failed'
+ python3 /root/mugen/libs/locallibs/mugen_log.py --level error --message 'first-boot-complete.target stop failed'
Tue Aug  8 01:12:46 2023 - ERROR - first-boot-complete.target stop failed
+ (( exec_result++ ))
+ LOG_ERROR 'oe_test_target_first-boot-complete.sh line 27'
+ message='oe_test_target_first-boot-complete.sh line 27'
+ python3 /root/mugen/libs/locallibs/mugen_log.py --level error --message 'oe_test_target_first-boot-complete.sh line 27'
Tue Aug  8 01:12:47 2023 - ERROR - oe_test_target_first-boot-complete.sh line 27
+ '[' 0 -eq 1 ']'
+ return 0
+ systemctl start first-boot-complete.target
+ grep 'it is configured to refuse manual start/stop'
+ CHECK_RESULT 1 0 0 'Check first-boot-complete.target failed'
+ actual_result=1
+ expect_result=0
+ mode=0
+ error_log='Check first-boot-complete.target failed'
+ exit_mode=0
+ '[' -z 1 ']'
+ '[' 0 -eq 0 ']'
+ test 1x '!=' 0x
+ test -n 'Check first-boot-complete.target failed'
+ LOG_ERROR 'Check first-boot-complete.target failed'
+ message='Check first-boot-complete.target failed'
+ python3 /root/mugen/libs/locallibs/mugen_log.py --level error --message 'Check first-boot-complete.target failed'
Tue Aug  8 01:12:47 2023 - ERROR - Check first-boot-complete.target failed
+ (( exec_result++ ))
+ LOG_ERROR 'oe_test_target_first-boot-complete.sh line 29'
+ message='oe_test_target_first-boot-complete.sh line 29'
+ python3 /root/mugen/libs/locallibs/mugen_log.py --level error --message 'oe_test_target_first-boot-complete.sh line 29'
Tue Aug  8 01:12:48 2023 - ERROR - oe_test_target_first-boot-complete.sh line 29
+ '[' 0 -eq 1 ']'
+ return 0
+ test_enabled first-boot-complete.target
+ service=first-boot-complete.target
++ systemctl is-enabled first-boot-complete.target
systemctl: error while loading shared libraries: libsystemd-shared-253.so: cannot open shared object file: No such file or directory
+ state=
+ '[' '' == enabled ']'
+ '[' '' == disabled ']'
+ '[' '' == masked ']'
+ '[' '' == static ']'
+ LOG_INFO 'Unit is indirect, ignoring.'
+ message='Unit is indirect, ignoring.'
+ python3 /root/mugen/libs/locallibs/mugen_log.py --level info --message 'Unit is indirect, ignoring.'
Tue Aug  8 01:12:49 2023 - INFO  - Unit is indirect, ignoring.
+ LOG_INFO 'Finish test!'
+ message='Finish test!'
+ python3 /root/mugen/libs/locallibs/mugen_log.py --level info --message 'Finish test!'
Tue Aug  8 01:12:49 2023 - INFO  - Finish test!
+ CASE_RESULT 0
+ case_re=0
+ test -z 3
+ test 3 -gt 0
+ LOG_ERROR 'failed to execute the case.'
+ message='failed to execute the case.'
+ python3 /root/mugen/libs/locallibs/mugen_log.py --level error --message 'failed to execute the case.'
Tue Aug  8 01:12:50 2023 - ERROR - failed to execute the case.
+ exit 3
+ POST_TEST_DEFAULT
+ LOG_INFO 'oe_test_target_first-boot-complete.sh post_test'
+ message='oe_test_target_first-boot-complete.sh post_test'
+ python3 /root/mugen/libs/locallibs/mugen_log.py --level info --message 'oe_test_target_first-boot-complete.sh post_test'
Tue Aug  8 01:12:50 2023 - INFO  - oe_test_target_first-boot-complete.sh post_test
