+ source /root/mugen/libs/locallibs/common_lib.sh
++ python3 --version
++ '[' 0 -eq 0 ']'
++ source /root/mugen/libs/locallibs/common_lib_python.sh
+ main
++ type -t post_test
+ '[' -n function ']'
+ trap post_test EXIT INT HUP TERM
+ rpm -qa
+ grep expect
++ type -t config_params
+ '[' -n '' ']'
++ type -t pre_test
+ '[' -n function ']'
+ pre_test
+ LOG_INFO 'Start environmental preparation.'
+ message='Start environmental preparation.'
+ python3 /root/mugen/libs/locallibs/mugen_log.py --level info --message 'Start environmental preparation.'
Thu Aug 31 14:42:07 2023 - INFO  - Start environmental preparation.
+ DNF_INSTALL pesign
+ pkgs=pesign
+ node=1
+ '[' -z '' ']'
+ tmpfile=
++ python3 /root/mugen/libs/locallibs/rpm_manage.py install --pkgs pesign --node 1 --tempfile ''
+ tmpfile2='Last metadata expiration check: 10:52:10 ago on Thu 31 Aug 2023 03:50:25 AM CST.
Dependencies resolved.
================================================================================
 Package            Architecture   Version                Repository       Size
================================================================================
Installing:
 pesign             riscv64        116-1.oe2309           mainline        162 k
Installing dependencies:
 efivar-libs        riscv64        38-1.oe2309            mainline        101 k
 nspr               riscv64        4.35.0-2.oe2309        mainline        128 k
 nss                riscv64        3.89.0-1.oe2309        mainline        683 k
 nss-softokn        riscv64        3.89.0-1.oe2309        mainline        753 k
 nss-util           riscv64        3.89.0-1.oe2309        mainline        533 k

Transaction Summary
================================================================================
Install  6 Packages

Total download size: 2.3 M
Installed size: 9.8 M
Downloading Packages:
(1/6): efivar-libs-38-1.oe2309.riscv64.rpm      122 kB/s | 101 kB     00:00    
(2/6): nspr-4.35.0-2.oe2309.riscv64.rpm         151 kB/s | 128 kB     00:00    
(3/6): nss-softokn-3.89.0-1.oe2309.riscv64.rpm  3.0 MB/s | 753 kB     00:00    
(4/6): nss-util-3.89.0-1.oe2309.riscv64.rpm     1.6 MB/s | 533 kB     00:00    
(5/6): pesign-116-1.oe2309.riscv64.rpm          1.7 MB/s | 162 kB     00:00    
[MIRROR] nss-3.89.0-1.oe2309.riscv64.rpm: Curl error (28): Timeout was reached for https://mirror.iscas.ac.cn/openeuler-sig-riscv/openEuler-RISC-V/testing/20230830/v0.2/repo/23.09/mainline/riscv64/nss-3.89.0-1.oe2309.riscv64.rpm [Operation too slow. Less than 1000 bytes/sec transferred the last 30 seconds]
[MIRROR] nss-3.89.0-1.oe2309.riscv64.rpm: Curl error (28): Timeout was reached for https://mirror.iscas.ac.cn/openeuler-sig-riscv/openEuler-RISC-V/testing/20230830/v0.2/repo/23.09/mainline/riscv64/nss-3.89.0-1.oe2309.riscv64.rpm [Operation too slow. Less than 1000 bytes/sec transferred the last 30 seconds]
[MIRROR] nss-3.89.0-1.oe2309.riscv64.rpm: Curl error (28): Timeout was reached for https://mirror.iscas.ac.cn/openeuler-sig-riscv/openEuler-RISC-V/testing/20230830/v0.2/repo/23.09/mainline/riscv64/nss-3.89.0-1.oe2309.riscv64.rpm [Operation too slow. Less than 1000 bytes/sec transferred the last 30 seconds]
[MIRROR] nss-3.89.0-1.oe2309.riscv64.rpm: Curl error (28): Timeout was reached for https://mirror.iscas.ac.cn/openeuler-sig-riscv/openEuler-RISC-V/testing/20230830/v0.2/repo/23.09/mainline/riscv64/nss-3.89.0-1.oe2309.riscv64.rpm [Operation too slow. Less than 1000 bytes/sec transferred the last 30 seconds]
[FAILED] nss-3.89.0-1.oe2309.riscv64.rpm: No more mirrors to try - All mirrors were already tried without success

The downloaded packages were saved in cache until the next successful transaction.
You can remove cached packages by executing '\''dnf clean packages'\''.
Error: Error downloading packages:
  nss-3.89.0-1.oe2309.riscv64: Cannot download, all mirrors were already tried without success'
+ '[' -z '' ']'
+ tmpfile='Last metadata expiration check: 10:52:10 ago on Thu 31 Aug 2023 03:50:25 AM CST.
Dependencies resolved.
================================================================================
 Package            Architecture   Version                Repository       Size
================================================================================
Installing:
 pesign             riscv64        116-1.oe2309           mainline        162 k
Installing dependencies:
 efivar-libs        riscv64        38-1.oe2309            mainline        101 k
 nspr               riscv64        4.35.0-2.oe2309        mainline        128 k
 nss                riscv64        3.89.0-1.oe2309        mainline        683 k
 nss-softokn        riscv64        3.89.0-1.oe2309        mainline        753 k
 nss-util           riscv64        3.89.0-1.oe2309        mainline        533 k

Transaction Summary
================================================================================
Install  6 Packages

Total download size: 2.3 M
Installed size: 9.8 M
Downloading Packages:
(1/6): efivar-libs-38-1.oe2309.riscv64.rpm      122 kB/s | 101 kB     00:00    
(2/6): nspr-4.35.0-2.oe2309.riscv64.rpm         151 kB/s | 128 kB     00:00    
(3/6): nss-softokn-3.89.0-1.oe2309.riscv64.rpm  3.0 MB/s | 753 kB     00:00    
(4/6): nss-util-3.89.0-1.oe2309.riscv64.rpm     1.6 MB/s | 533 kB     00:00    
(5/6): pesign-116-1.oe2309.riscv64.rpm          1.7 MB/s | 162 kB     00:00    
[MIRROR] nss-3.89.0-1.oe2309.riscv64.rpm: Curl error (28): Timeout was reached for https://mirror.iscas.ac.cn/openeuler-sig-riscv/openEuler-RISC-V/testing/20230830/v0.2/repo/23.09/mainline/riscv64/nss-3.89.0-1.oe2309.riscv64.rpm [Operation too slow. Less than 1000 bytes/sec transferred the last 30 seconds]
[MIRROR] nss-3.89.0-1.oe2309.riscv64.rpm: Curl error (28): Timeout was reached for https://mirror.iscas.ac.cn/openeuler-sig-riscv/openEuler-RISC-V/testing/20230830/v0.2/repo/23.09/mainline/riscv64/nss-3.89.0-1.oe2309.riscv64.rpm [Operation too slow. Less than 1000 bytes/sec transferred the last 30 seconds]
[MIRROR] nss-3.89.0-1.oe2309.riscv64.rpm: Curl error (28): Timeout was reached for https://mirror.iscas.ac.cn/openeuler-sig-riscv/openEuler-RISC-V/testing/20230830/v0.2/repo/23.09/mainline/riscv64/nss-3.89.0-1.oe2309.riscv64.rpm [Operation too slow. Less than 1000 bytes/sec transferred the last 30 seconds]
[MIRROR] nss-3.89.0-1.oe2309.riscv64.rpm: Curl error (28): Timeout was reached for https://mirror.iscas.ac.cn/openeuler-sig-riscv/openEuler-RISC-V/testing/20230830/v0.2/repo/23.09/mainline/riscv64/nss-3.89.0-1.oe2309.riscv64.rpm [Operation too slow. Less than 1000 bytes/sec transferred the last 30 seconds]
[FAILED] nss-3.89.0-1.oe2309.riscv64.rpm: No more mirrors to try - All mirrors were already tried without success

The downloaded packages were saved in cache until the next successful transaction.
You can remove cached packages by executing '\''dnf clean packages'\''.
Error: Error downloading packages:
  nss-3.89.0-1.oe2309.riscv64: Cannot download, all mirrors were already tried without success'
+ mkdir pesigntest
+ cd pesigntest
+ cp ../common/baidu.zip ./
+ cp ../common/grubx64.efi ./
+ unzip baidu.zip
Archive:  baidu.zip
   creating: baidu/
  inflating: baidu/cert9.db          
  inflating: baidu/key4.db           
  inflating: baidu/pkcs11.txt        
+ LOG_INFO 'End of environmental preparation!'
+ message='End of environmental preparation!'
+ python3 /root/mugen/libs/locallibs/mugen_log.py --level info --message 'End of environmental preparation!'
Thu Aug 31 14:44:44 2023 - INFO  - End of environmental preparation!
++ type -t run_test
+ '[' -n function ']'
+ run_test
+ LOG_INFO 'Start to run test.'
+ message='Start to run test.'
+ python3 /root/mugen/libs/locallibs/mugen_log.py --level info --message 'Start to run test.'
Thu Aug 31 14:44:45 2023 - INFO  - Start to run test.
+ pesign '-?'
+ grep 'Usage: pesign'
+ CHECK_RESULT 1 0 0 'Check pesign -?  failed'
+ actual_result=1
+ expect_result=0
+ mode=0
+ error_log='Check pesign -?  failed'
+ exit_mode=0
+ '[' -z 1 ']'
+ '[' 0 -eq 0 ']'
+ test 1x '!=' 0x
+ test -n 'Check pesign -?  failed'
+ LOG_ERROR 'Check pesign -?  failed'
+ message='Check pesign -?  failed'
+ python3 /root/mugen/libs/locallibs/mugen_log.py --level error --message 'Check pesign -?  failed'
Thu Aug 31 14:44:46 2023 - ERROR - Check pesign -?  failed
+ (( exec_result++ ))
+ LOG_ERROR 'oe_test_pesign_base_01.sh line 36'
+ message='oe_test_pesign_base_01.sh line 36'
+ python3 /root/mugen/libs/locallibs/mugen_log.py --level error --message 'oe_test_pesign_base_01.sh line 36'
Thu Aug 31 14:44:46 2023 - ERROR - oe_test_pesign_base_01.sh line 36
+ '[' 0 -eq 1 ']'
+ return 0
+ pesign --help
+ grep 'Usage: pesign'
+ CHECK_RESULT 1 0 0 'Check pesign --help  failed'
+ actual_result=1
+ expect_result=0
+ mode=0
+ error_log='Check pesign --help  failed'
+ exit_mode=0
+ '[' -z 1 ']'
+ '[' 0 -eq 0 ']'
+ test 1x '!=' 0x
+ test -n 'Check pesign --help  failed'
+ LOG_ERROR 'Check pesign --help  failed'
+ message='Check pesign --help  failed'
+ python3 /root/mugen/libs/locallibs/mugen_log.py --level error --message 'Check pesign --help  failed'
Thu Aug 31 14:44:47 2023 - ERROR - Check pesign --help  failed
+ (( exec_result++ ))
+ LOG_ERROR 'oe_test_pesign_base_01.sh line 38'
+ message='oe_test_pesign_base_01.sh line 38'
+ python3 /root/mugen/libs/locallibs/mugen_log.py --level error --message 'oe_test_pesign_base_01.sh line 38'
Thu Aug 31 14:44:48 2023 - ERROR - oe_test_pesign_base_01.sh line 38
+ '[' 0 -eq 1 ']'
+ return 0
+ pesign --usage
+ grep 'Usage: pesign'
+ CHECK_RESULT 1 0 0 'Check pesign --usage  failed'
+ actual_result=1
+ expect_result=0
+ mode=0
+ error_log='Check pesign --usage  failed'
+ exit_mode=0
+ '[' -z 1 ']'
+ '[' 0 -eq 0 ']'
+ test 1x '!=' 0x
+ test -n 'Check pesign --usage  failed'
+ LOG_ERROR 'Check pesign --usage  failed'
+ message='Check pesign --usage  failed'
+ python3 /root/mugen/libs/locallibs/mugen_log.py --level error --message 'Check pesign --usage  failed'
Thu Aug 31 14:44:48 2023 - ERROR - Check pesign --usage  failed
+ (( exec_result++ ))
+ LOG_ERROR 'oe_test_pesign_base_01.sh line 40'
+ message='oe_test_pesign_base_01.sh line 40'
+ python3 /root/mugen/libs/locallibs/mugen_log.py --level error --message 'oe_test_pesign_base_01.sh line 40'
Thu Aug 31 14:44:49 2023 - ERROR - oe_test_pesign_base_01.sh line 40
+ '[' 0 -eq 1 ']'
+ return 0
+ pesign -i grubx64.efi -o grubx64.efi.signed -c 'ALT Linux UEFI SB CA' -s -n ./baidu -t 'NSS Certificate DB' -a -v -p -P -N
oe_test_pesign_base_01.sh: line 41: pesign: command not found
+ CHECK_RESULT 127 0 0 'Check pesign -i -o -c -s -n -t -a -v -p -P -N failed'
+ actual_result=127
+ expect_result=0
+ mode=0
+ error_log='Check pesign -i -o -c -s -n -t -a -v -p -P -N failed'
+ exit_mode=0
+ '[' -z 127 ']'
+ '[' 0 -eq 0 ']'
+ test 127x '!=' 0x
+ test -n 'Check pesign -i -o -c -s -n -t -a -v -p -P -N failed'
+ LOG_ERROR 'Check pesign -i -o -c -s -n -t -a -v -p -P -N failed'
+ message='Check pesign -i -o -c -s -n -t -a -v -p -P -N failed'
+ python3 /root/mugen/libs/locallibs/mugen_log.py --level error --message 'Check pesign -i -o -c -s -n -t -a -v -p -P -N failed'
Thu Aug 31 14:44:49 2023 - ERROR - Check pesign -i -o -c -s -n -t -a -v -p -P -N failed
+ (( exec_result++ ))
+ LOG_ERROR 'oe_test_pesign_base_01.sh line 42'
+ message='oe_test_pesign_base_01.sh line 42'
+ python3 /root/mugen/libs/locallibs/mugen_log.py --level error --message 'oe_test_pesign_base_01.sh line 42'
Thu Aug 31 14:44:50 2023 - ERROR - oe_test_pesign_base_01.sh line 42
+ '[' 0 -eq 1 ']'
+ return 0
+ rm -rf grubx64.efi.signed
+ pesign --in=grubx64.efi --out=grubx64.efi.signed '--certificate=ALT Linux UEFI SB CA' --sign --certdir=./baidu -t 'NSS Certificate DB' '--nss-token=NSS Certificate DB' --ascii-armor --verbose --nopadding --nofork --nopadding
oe_test_pesign_base_01.sh: line 44: pesign: command not found
+ CHECK_RESULT 127 0 0 'Check pesign --in --out --certificate --sign --certdir -t --nss-token --ascii-armor --verbose --nopadding --nofork --nopadding failed'
+ actual_result=127
+ expect_result=0
+ mode=0
+ error_log='Check pesign --in --out --certificate --sign --certdir -t --nss-token --ascii-armor --verbose --nopadding --nofork --nopadding failed'
+ exit_mode=0
+ '[' -z 127 ']'
+ '[' 0 -eq 0 ']'
+ test 127x '!=' 0x
+ test -n 'Check pesign --in --out --certificate --sign --certdir -t --nss-token --ascii-armor --verbose --nopadding --nofork --nopadding failed'
+ LOG_ERROR 'Check pesign --in --out --certificate --sign --certdir -t --nss-token --ascii-armor --verbose --nopadding --nofork --nopadding failed'
+ message='Check pesign --in --out --certificate --sign --certdir -t --nss-token --ascii-armor --verbose --nopadding --nofork --nopadding failed'
+ python3 /root/mugen/libs/locallibs/mugen_log.py --level error --message 'Check pesign --in --out --certificate --sign --certdir -t --nss-token --ascii-armor --verbose --nopadding --nofork --nopadding failed'
Thu Aug 31 14:44:50 2023 - ERROR - Check pesign --in --out --certificate --sign --certdir -t --nss-token --ascii-armor --verbose --nopadding --nofork --nopadding failed
+ (( exec_result++ ))
+ LOG_ERROR 'oe_test_pesign_base_01.sh line 45'
+ message='oe_test_pesign_base_01.sh line 45'
+ python3 /root/mugen/libs/locallibs/mugen_log.py --level error --message 'oe_test_pesign_base_01.sh line 45'
Thu Aug 31 14:44:51 2023 - ERROR - oe_test_pesign_base_01.sh line 45
+ '[' 0 -eq 1 ']'
+ return 0
+ pesign -i grubx64.efi -n ./baidu -h -d sha256 -V
oe_test_pesign_base_01.sh: line 46: pesign: command not found
+ grep grubx64.efi
+ CHECK_RESULT 1 0 0 'Check pesign -h -d -V failed'
+ actual_result=1
+ expect_result=0
+ mode=0
+ error_log='Check pesign -h -d -V failed'
+ exit_mode=0
+ '[' -z 1 ']'
+ '[' 0 -eq 0 ']'
+ test 1x '!=' 0x
+ test -n 'Check pesign -h -d -V failed'
+ LOG_ERROR 'Check pesign -h -d -V failed'
+ message='Check pesign -h -d -V failed'
+ python3 /root/mugen/libs/locallibs/mugen_log.py --level error --message 'Check pesign -h -d -V failed'
Thu Aug 31 14:44:52 2023 - ERROR - Check pesign -h -d -V failed
+ (( exec_result++ ))
+ LOG_ERROR 'oe_test_pesign_base_01.sh line 47'
+ message='oe_test_pesign_base_01.sh line 47'
+ python3 /root/mugen/libs/locallibs/mugen_log.py --level error --message 'oe_test_pesign_base_01.sh line 47'
Thu Aug 31 14:44:52 2023 - ERROR - oe_test_pesign_base_01.sh line 47
+ '[' 0 -eq 1 ']'
+ return 0
+ pesign -i grubx64.efi -n ./baidu --hash --digest_type=sha256 --no-vendor-cert
oe_test_pesign_base_01.sh: line 48: pesign: command not found
+ grep grubx64.efi
+ CHECK_RESULT 1 0 0 'Check pesign --hash --digest_type --no-vendor-cert failed'
+ actual_result=1
+ expect_result=0
+ mode=0
+ error_log='Check pesign --hash --digest_type --no-vendor-cert failed'
+ exit_mode=0
+ '[' -z 1 ']'
+ '[' 0 -eq 0 ']'
+ test 1x '!=' 0x
+ test -n 'Check pesign --hash --digest_type --no-vendor-cert failed'
+ LOG_ERROR 'Check pesign --hash --digest_type --no-vendor-cert failed'
+ message='Check pesign --hash --digest_type --no-vendor-cert failed'
+ python3 /root/mugen/libs/locallibs/mugen_log.py --level error --message 'Check pesign --hash --digest_type --no-vendor-cert failed'
Thu Aug 31 14:44:53 2023 - ERROR - Check pesign --hash --digest_type --no-vendor-cert failed
+ (( exec_result++ ))
+ LOG_ERROR 'oe_test_pesign_base_01.sh line 49'
+ message='oe_test_pesign_base_01.sh line 49'
+ python3 /root/mugen/libs/locallibs/mugen_log.py --level error --message 'oe_test_pesign_base_01.sh line 49'
Thu Aug 31 14:44:53 2023 - ERROR - oe_test_pesign_base_01.sh line 49
+ '[' 0 -eq 1 ']'
+ return 0
+ pesign -u 'ALT UEFI SB CA 2013' -r -i grubx64.efi.signed -o out
oe_test_pesign_base_01.sh: line 50: pesign: command not found
+ CHECK_RESULT 127 0 0 'Check pesign -u failed'
+ actual_result=127
+ expect_result=0
+ mode=0
+ error_log='Check pesign -u failed'
+ exit_mode=0
+ '[' -z 127 ']'
+ '[' 0 -eq 0 ']'
+ test 127x '!=' 0x
+ test -n 'Check pesign -u failed'
+ LOG_ERROR 'Check pesign -u failed'
+ message='Check pesign -u failed'
+ python3 /root/mugen/libs/locallibs/mugen_log.py --level error --message 'Check pesign -u failed'
Thu Aug 31 14:44:54 2023 - ERROR - Check pesign -u failed
+ (( exec_result++ ))
+ LOG_ERROR 'oe_test_pesign_base_01.sh line 51'
+ message='oe_test_pesign_base_01.sh line 51'
+ python3 /root/mugen/libs/locallibs/mugen_log.py --level error --message 'oe_test_pesign_base_01.sh line 51'
Thu Aug 31 14:44:55 2023 - ERROR - oe_test_pesign_base_01.sh line 51
+ '[' 0 -eq 1 ']'
+ return 0
+ pesign '--signature-number=ALT UEFI SB CA 2013' --remove-signature -i grubx64.efi.signed -o out1
oe_test_pesign_base_01.sh: line 52: pesign: command not found
+ CHECK_RESULT 127 0 0 'Check pesign --signature-number failed'
+ actual_result=127
+ expect_result=0
+ mode=0
+ error_log='Check pesign --signature-number failed'
+ exit_mode=0
+ '[' -z 127 ']'
+ '[' 0 -eq 0 ']'
+ test 127x '!=' 0x
+ test -n 'Check pesign --signature-number failed'
+ LOG_ERROR 'Check pesign --signature-number failed'
+ message='Check pesign --signature-number failed'
+ python3 /root/mugen/libs/locallibs/mugen_log.py --level error --message 'Check pesign --signature-number failed'
Thu Aug 31 14:44:55 2023 - ERROR - Check pesign --signature-number failed
+ (( exec_result++ ))
+ LOG_ERROR 'oe_test_pesign_base_01.sh line 53'
+ message='oe_test_pesign_base_01.sh line 53'
+ python3 /root/mugen/libs/locallibs/mugen_log.py --level error --message 'oe_test_pesign_base_01.sh line 53'
Thu Aug 31 14:44:56 2023 - ERROR - oe_test_pesign_base_01.sh line 53
+ '[' 0 -eq 1 ']'
+ return 0
+ pesign -i grubx64.efi.signed -S
oe_test_pesign_base_01.sh: line 54: pesign: command not found
+ grep 'certificate address'
+ CHECK_RESULT 1 0 0 'Check pesign -i -S failed'
+ actual_result=1
+ expect_result=0
+ mode=0
+ error_log='Check pesign -i -S failed'
+ exit_mode=0
+ '[' -z 1 ']'
+ '[' 0 -eq 0 ']'
+ test 1x '!=' 0x
+ test -n 'Check pesign -i -S failed'
+ LOG_ERROR 'Check pesign -i -S failed'
+ message='Check pesign -i -S failed'
+ python3 /root/mugen/libs/locallibs/mugen_log.py --level error --message 'Check pesign -i -S failed'
Thu Aug 31 14:44:56 2023 - ERROR - Check pesign -i -S failed
+ (( exec_result++ ))
+ LOG_ERROR 'oe_test_pesign_base_01.sh line 55'
+ message='oe_test_pesign_base_01.sh line 55'
+ python3 /root/mugen/libs/locallibs/mugen_log.py --level error --message 'oe_test_pesign_base_01.sh line 55'
Thu Aug 31 14:44:57 2023 - ERROR - oe_test_pesign_base_01.sh line 55
+ '[' 0 -eq 1 ']'
+ return 0
+ LOG_INFO 'End to run test.'
+ message='End to run test.'
+ python3 /root/mugen/libs/locallibs/mugen_log.py --level info --message 'End to run test.'
Thu Aug 31 14:44:57 2023 - INFO  - End to run test.
+ CASE_RESULT 0
+ case_re=0
+ test -z 10
+ test 10 -gt 0
+ LOG_ERROR 'failed to execute the case.'
+ message='failed to execute the case.'
+ python3 /root/mugen/libs/locallibs/mugen_log.py --level error --message 'failed to execute the case.'
Thu Aug 31 14:44:58 2023 - ERROR - failed to execute the case.
+ exit 10
+ post_test
+ LOG_INFO 'Start to restore the test environment.'
+ message='Start to restore the test environment.'
+ python3 /root/mugen/libs/locallibs/mugen_log.py --level info --message 'Start to restore the test environment.'
Thu Aug 31 14:44:58 2023 - INFO  - Start to restore the test environment.
+ DNF_REMOVE
+ node=1
+ pkg_list=
+ mode=0
+ [[ -z Last metadata expiration check: 10:52:10 ago on Thu 31 Aug 2023 03:50:25 AM CST.
Dependencies resolved.
================================================================================
 Package            Architecture   Version                Repository       Size
================================================================================
Installing:
 pesign             riscv64        116-1.oe2309           mainline        162 k
Installing dependencies:
 efivar-libs        riscv64        38-1.oe2309            mainline        101 k
 nspr               riscv64        4.35.0-2.oe2309        mainline        128 k
 nss                riscv64        3.89.0-1.oe2309        mainline        683 k
 nss-softokn        riscv64        3.89.0-1.oe2309        mainline        753 k
 nss-util           riscv64        3.89.0-1.oe2309        mainline        533 k

Transaction Summary
================================================================================
Install  6 Packages

Total download size: 2.3 M
Installed size: 9.8 M
Downloading Packages:
(1/6): efivar-libs-38-1.oe2309.riscv64.rpm      122 kB/s | 101 kB     00:00    
(2/6): nspr-4.35.0-2.oe2309.riscv64.rpm         151 kB/s | 128 kB     00:00    
(3/6): nss-softokn-3.89.0-1.oe2309.riscv64.rpm  3.0 MB/s | 753 kB     00:00    
(4/6): nss-util-3.89.0-1.oe2309.riscv64.rpm     1.6 MB/s | 533 kB     00:00    
(5/6): pesign-116-1.oe2309.riscv64.rpm          1.7 MB/s | 162 kB     00:00    
[MIRROR] nss-3.89.0-1.oe2309.riscv64.rpm: Curl error (28): Timeout was reached for https://mirror.iscas.ac.cn/openeuler-sig-riscv/openEuler-RISC-V/testing/20230830/v0.2/repo/23.09/mainline/riscv64/nss-3.89.0-1.oe2309.riscv64.rpm [Operation too slow. Less than 1000 bytes/sec transferred the last 30 seconds]
[MIRROR] nss-3.89.0-1.oe2309.riscv64.rpm: Curl error (28): Timeout was reached for https://mirror.iscas.ac.cn/openeuler-sig-riscv/openEuler-RISC-V/testing/20230830/v0.2/repo/23.09/mainline/riscv64/nss-3.89.0-1.oe2309.riscv64.rpm [Operation too slow. Less than 1000 bytes/sec transferred the last 30 seconds]
[MIRROR] nss-3.89.0-1.oe2309.riscv64.rpm: Curl error (28): Timeout was reached for https://mirror.iscas.ac.cn/openeuler-sig-riscv/openEuler-RISC-V/testing/20230830/v0.2/repo/23.09/mainline/riscv64/nss-3.89.0-1.oe2309.riscv64.rpm [Operation too slow. Less than 1000 bytes/sec transferred the last 30 seconds]
[MIRROR] nss-3.89.0-1.oe2309.riscv64.rpm: Curl error (28): Timeout was reached for https://mirror.iscas.ac.cn/openeuler-sig-riscv/openEuler-RISC-V/testing/20230830/v0.2/repo/23.09/mainline/riscv64/nss-3.89.0-1.oe2309.riscv64.rpm [Operation too slow. Less than 1000 bytes/sec transferred the last 30 seconds]
[FAILED] nss-3.89.0-1.oe2309.riscv64.rpm: No more mirrors to try - All mirrors were already tried without success

The downloaded packages were saved in cache until the next successful transaction.
You can remove cached packages by executing 'dnf clean packages'.
Error: Error downloading packages:
  nss-3.89.0-1.oe2309.riscv64: Cannot download, all mirrors were already tried without success ]]
+ '[' 0 -ne 0 ']'
+ '[' 1 == 0 ']'
+ python3 /root/mugen/libs/locallibs/rpm_manage.py remove --node 1 --pkgs '' --tempfile 'Last metadata expiration check: 10:52:10 ago on Thu 31 Aug 2023 03:50:25 AM CST.
Dependencies resolved.
================================================================================
 Package            Architecture   Version                Repository       Size
================================================================================
Installing:
 pesign             riscv64        116-1.oe2309           mainline        162 k
Installing dependencies:
 efivar-libs        riscv64        38-1.oe2309            mainline        101 k
 nspr               riscv64        4.35.0-2.oe2309        mainline        128 k
 nss                riscv64        3.89.0-1.oe2309        mainline        683 k
 nss-softokn        riscv64        3.89.0-1.oe2309        mainline        753 k
 nss-util           riscv64        3.89.0-1.oe2309        mainline        533 k

Transaction Summary
================================================================================
Install  6 Packages

Total download size: 2.3 M
Installed size: 9.8 M
Downloading Packages:
(1/6): efivar-libs-38-1.oe2309.riscv64.rpm      122 kB/s | 101 kB     00:00    
(2/6): nspr-4.35.0-2.oe2309.riscv64.rpm         151 kB/s | 128 kB     00:00    
(3/6): nss-softokn-3.89.0-1.oe2309.riscv64.rpm  3.0 MB/s | 753 kB     00:00    
(4/6): nss-util-3.89.0-1.oe2309.riscv64.rpm     1.6 MB/s | 533 kB     00:00    
(5/6): pesign-116-1.oe2309.riscv64.rpm          1.7 MB/s | 162 kB     00:00    
[MIRROR] nss-3.89.0-1.oe2309.riscv64.rpm: Curl error (28): Timeout was reached for https://mirror.iscas.ac.cn/openeuler-sig-riscv/openEuler-RISC-V/testing/20230830/v0.2/repo/23.09/mainline/riscv64/nss-3.89.0-1.oe2309.riscv64.rpm [Operation too slow. Less than 1000 bytes/sec transferred the last 30 seconds]
[MIRROR] nss-3.89.0-1.oe2309.riscv64.rpm: Curl error (28): Timeout was reached for https://mirror.iscas.ac.cn/openeuler-sig-riscv/openEuler-RISC-V/testing/20230830/v0.2/repo/23.09/mainline/riscv64/nss-3.89.0-1.oe2309.riscv64.rpm [Operation too slow. Less than 1000 bytes/sec transferred the last 30 seconds]
[MIRROR] nss-3.89.0-1.oe2309.riscv64.rpm: Curl error (28): Timeout was reached for https://mirror.iscas.ac.cn/openeuler-sig-riscv/openEuler-RISC-V/testing/20230830/v0.2/repo/23.09/mainline/riscv64/nss-3.89.0-1.oe2309.riscv64.rpm [Operation too slow. Less than 1000 bytes/sec transferred the last 30 seconds]
[MIRROR] nss-3.89.0-1.oe2309.riscv64.rpm: Curl error (28): Timeout was reached for https://mirror.iscas.ac.cn/openeuler-sig-riscv/openEuler-RISC-V/testing/20230830/v0.2/repo/23.09/mainline/riscv64/nss-3.89.0-1.oe2309.riscv64.rpm [Operation too slow. Less than 1000 bytes/sec transferred the last 30 seconds]
[FAILED] nss-3.89.0-1.oe2309.riscv64.rpm: No more mirrors to try - All mirrors were already tried without success

The downloaded packages were saved in cache until the next successful transaction.
You can remove cached packages by executing '\''dnf clean packages'\''.
Error: Error downloading packages:
  nss-3.89.0-1.oe2309.riscv64: Cannot download, all mirrors were already tried without success'
Traceback (most recent call last):
  File "/root/mugen/libs/locallibs/rpm_manage.py", line 192, in <module>
    exitcode = rpm_remove(args.node, args.pkgs, args.tempfile)
               ^^^^^^^^^^^^^^^^^^^^^^^^^^^^^^^^^^^^^^^^^^^^^^^
  File "/root/mugen/libs/locallibs/rpm_manage.py", line 163, in rpm_remove
    with open(tmpfile, "r") as f:
         ^^^^^^^^^^^^^^^^^^
OSError: [Errno 36] File name too long: "Last metadata expiration check: 10:52:10 ago on Thu 31 Aug 2023 03:50:25 AM CST.\nDependencies resolved.\n================================================================================\n Package            Architecture   Version                Repository       Size\n================================================================================\nInstalling:\n pesign             riscv64        116-1.oe2309           mainline        162 k\nInstalling dependencies:\n efivar-libs        riscv64        38-1.oe2309            mainline        101 k\n nspr               riscv64        4.35.0-2.oe2309        mainline        128 k\n nss                riscv64        3.89.0-1.oe2309        mainline        683 k\n nss-softokn        riscv64        3.89.0-1.oe2309        mainline        753 k\n nss-util           riscv64        3.89.0-1.oe2309        mainline        533 k\n\nTransaction Summary\n================================================================================\nInstall  6 Packages\n\nTotal download size: 2.3 M\nInstalled size: 9.8 M\nDownloading Packages:\n(1/6): efivar-libs-38-1.oe2309.riscv64.rpm      122 kB/s | 101 kB     00:00    \n(2/6): nspr-4.35.0-2.oe2309.riscv64.rpm         151 kB/s | 128 kB     00:00    \n(3/6): nss-softokn-3.89.0-1.oe2309.riscv64.rpm  3.0 MB/s | 753 kB     00:00    \n(4/6): nss-util-3.89.0-1.oe2309.riscv64.rpm     1.6 MB/s | 533 kB     00:00    \n(5/6): pesign-116-1.oe2309.riscv64.rpm          1.7 MB/s | 162 kB     00:00    \n[MIRROR] nss-3.89.0-1.oe2309.riscv64.rpm: Curl error (28): Timeout was reached for https://mirror.iscas.ac.cn/openeuler-sig-riscv/openEuler-RISC-V/testing/20230830/v0.2/repo/23.09/mainline/riscv64/nss-3.89.0-1.oe2309.riscv64.rpm [Operation too slow. Less than 1000 bytes/sec transferred the last 30 seconds]\n[MIRROR] nss-3.89.0-1.oe2309.riscv64.rpm: Curl error (28): Timeout was reached for https://mirror.iscas.ac.cn/openeuler-sig-riscv/openEuler-RISC-V/testing/20230830/v0.2/repo/23.09/mainline/riscv64/nss-3.89.0-1.oe2309.riscv64.rpm [Operation too slow. Less than 1000 bytes/sec transferred the last 30 seconds]\n[MIRROR] nss-3.89.0-1.oe2309.riscv64.rpm: Curl error (28): Timeout was reached for https://mirror.iscas.ac.cn/openeuler-sig-riscv/openEuler-RISC-V/testing/20230830/v0.2/repo/23.09/mainline/riscv64/nss-3.89.0-1.oe2309.riscv64.rpm [Operation too slow. Less than 1000 bytes/sec transferred the last 30 seconds]\n[MIRROR] nss-3.89.0-1.oe2309.riscv64.rpm: Curl error (28): Timeout was reached for https://mirror.iscas.ac.cn/openeuler-sig-riscv/openEuler-RISC-V/testing/20230830/v0.2/repo/23.09/mainline/riscv64/nss-3.89.0-1.oe2309.riscv64.rpm [Operation too slow. Less than 1000 bytes/sec transferred the last 30 seconds]\n[FAILED] nss-3.89.0-1.oe2309.riscv64.rpm: No more mirrors to try - All mirrors were already tried without success\n\nThe downloaded packages were saved in cache until the next successful transaction.\nYou can remove cached packages by executing 'dnf clean packages'.\nError: Error downloading packages:\n  nss-3.89.0-1.oe2309.riscv64: Cannot download, all mirrors were already tried without success"
+ '[' 0 -ne 0 ']'
+ cd ..
+ rm -rf pesigntest
+ ps -ef
+ grep grubx64.efi
+ grep -v grep
+ awk '{print $2}'
+ xargs kill -9
kill: not enough arguments
+ LOG_INFO 'Finish restore the test environment.'
+ message='Finish restore the test environment.'
+ python3 /root/mugen/libs/locallibs/mugen_log.py --level info --message 'Finish restore the test environment.'
Thu Aug 31 14:45:02 2023 - INFO  - Finish restore the test environment.
