+ source /root/mugen/libs/locallibs/common_lib.sh
++ python3 --version
++ '[' 0 -eq 0 ']'
++ source /root/mugen/libs/locallibs/common_lib_python.sh
+ main
++ type -t post_test
+ '[' -n function ']'
+ trap post_test EXIT INT HUP TERM
+ rpm -qa
+ grep expect
++ type -t config_params
+ '[' -n '' ']'
++ type -t pre_test
+ '[' -n function ']'
+ pre_test
+ LOG_INFO 'Start to prepare the test environment.'
+ message='Start to prepare the test environment.'
+ python3 /root/mugen/libs/locallibs/mugen_log.py --level info --message 'Start to prepare the test environment.'
Wed Oct 11 09:50:56 2023 - INFO  - Start to prepare the test environment.
+ DNF_INSTALL iSulad
+ pkgs=iSulad
+ node=1
+ '[' -z '' ']'
+ tmpfile=
++ python3 /root/mugen/libs/locallibs/rpm_manage.py install --pkgs iSulad --node 1 --tempfile ''
+ tmpfile2='Last metadata expiration check: 0:18:49 ago on Wed Oct 11 09:32:36 2023.
Dependencies resolved.
================================================================================
 Package                Architecture Version                      Repo     Size
================================================================================
Installing:
 iSulad                 riscv64      2.1.3-7.oe2309               OS      2.9 M
Installing dependencies:
 abseil-cpp             riscv64      20230125.3-1.oe2309          OS      524 k
 grpc                   riscv64      1.54.2-2.oe2309              OS      5.1 M
 http-parser            riscv64      2.9.4-2.oe2309               OS       32 k
 lcr                    riscv64      2.1.2-6.oe2309               OS       42 k
 lib-shim-v2            riscv64      0.0.1-8.oe2309               OS      1.5 M
 libisula               riscv64      2.1.2-6.oe2309               OS      310 k
 libwebsockets          riscv64      4.3.2-1.oe2309               OS      263 k
 lxc                    riscv64      4.0.3-2022102422.oe2309      OS      180 k
 lxc-libs               riscv64      4.0.3-2022102422.oe2309      OS      417 k
 protobuf               riscv64      3.19.6-1.oe2309              OS      957 k
 protobuf-compiler      riscv64      3.19.6-1.oe2309              OS      850 k
 re2                    riscv64      20211101-3.oe2309            OS      163 k
 yajl                   riscv64      2.1.0-20.oe2309              OS       33 k

Transaction Summary
================================================================================
Install  14 Packages

Total download size: 13 M
Installed size: 53 M
Downloading Packages:
[MIRROR] abseil-cpp-20230125.3-1.oe2309.riscv64.rpm: Curl error (28): Timeout was reached for http://121.36.84.172/dailybuild/openEuler-23.09-RISC-V/openeuler-2023-10-09-15-03-12/OS/riscv64/Packages/abseil-cpp-20230125.3-1.oe2309.riscv64.rpm [Failed to connect to 121.36.84.172 port 80 after 30001 ms: Timeout was reached]
[MIRROR] grpc-1.54.2-2.oe2309.riscv64.rpm: Curl error (28): Timeout was reached for http://121.36.84.172/dailybuild/openEuler-23.09-RISC-V/openeuler-2023-10-09-15-03-12/OS/riscv64/Packages/grpc-1.54.2-2.oe2309.riscv64.rpm [Failed to connect to 121.36.84.172 port 80 after 30000 ms: Timeout was reached]
[MIRROR] http-parser-2.9.4-2.oe2309.riscv64.rpm: Curl error (28): Timeout was reached for http://121.36.84.172/dailybuild/openEuler-23.09-RISC-V/openeuler-2023-10-09-15-03-12/OS/riscv64/Packages/http-parser-2.9.4-2.oe2309.riscv64.rpm [Failed to connect to 121.36.84.172 port 80 after 30000 ms: Timeout was reached]
[MIRROR] abseil-cpp-20230125.3-1.oe2309.riscv64.rpm: Curl error (28): Timeout was reached for http://121.36.84.172/dailybuild/openEuler-23.09-RISC-V/openeuler-2023-10-09-15-03-12/OS/riscv64/Packages/abseil-cpp-20230125.3-1.oe2309.riscv64.rpm [Failed to connect to 121.36.84.172 port 80 after 30000 ms: Timeout was reached]
[FAILED] abseil-cpp-20230125.3-1.oe2309.riscv64.rpm: No more mirrors to try - All mirrors were already tried without success

The downloaded packages were saved in cache until the next successful transaction.
You can remove cached packages by executing '\''dnf clean packages'\''.
Error: Error downloading packages:
  abseil-cpp-20230125.3-1.oe2309.riscv64: Cannot download, all mirrors were already tried without success'
+ '[' -z '' ']'
+ tmpfile='Last metadata expiration check: 0:18:49 ago on Wed Oct 11 09:32:36 2023.
Dependencies resolved.
================================================================================
 Package                Architecture Version                      Repo     Size
================================================================================
Installing:
 iSulad                 riscv64      2.1.3-7.oe2309               OS      2.9 M
Installing dependencies:
 abseil-cpp             riscv64      20230125.3-1.oe2309          OS      524 k
 grpc                   riscv64      1.54.2-2.oe2309              OS      5.1 M
 http-parser            riscv64      2.9.4-2.oe2309               OS       32 k
 lcr                    riscv64      2.1.2-6.oe2309               OS       42 k
 lib-shim-v2            riscv64      0.0.1-8.oe2309               OS      1.5 M
 libisula               riscv64      2.1.2-6.oe2309               OS      310 k
 libwebsockets          riscv64      4.3.2-1.oe2309               OS      263 k
 lxc                    riscv64      4.0.3-2022102422.oe2309      OS      180 k
 lxc-libs               riscv64      4.0.3-2022102422.oe2309      OS      417 k
 protobuf               riscv64      3.19.6-1.oe2309              OS      957 k
 protobuf-compiler      riscv64      3.19.6-1.oe2309              OS      850 k
 re2                    riscv64      20211101-3.oe2309            OS      163 k
 yajl                   riscv64      2.1.0-20.oe2309              OS       33 k

Transaction Summary
================================================================================
Install  14 Packages

Total download size: 13 M
Installed size: 53 M
Downloading Packages:
[MIRROR] abseil-cpp-20230125.3-1.oe2309.riscv64.rpm: Curl error (28): Timeout was reached for http://121.36.84.172/dailybuild/openEuler-23.09-RISC-V/openeuler-2023-10-09-15-03-12/OS/riscv64/Packages/abseil-cpp-20230125.3-1.oe2309.riscv64.rpm [Failed to connect to 121.36.84.172 port 80 after 30001 ms: Timeout was reached]
[MIRROR] grpc-1.54.2-2.oe2309.riscv64.rpm: Curl error (28): Timeout was reached for http://121.36.84.172/dailybuild/openEuler-23.09-RISC-V/openeuler-2023-10-09-15-03-12/OS/riscv64/Packages/grpc-1.54.2-2.oe2309.riscv64.rpm [Failed to connect to 121.36.84.172 port 80 after 30000 ms: Timeout was reached]
[MIRROR] http-parser-2.9.4-2.oe2309.riscv64.rpm: Curl error (28): Timeout was reached for http://121.36.84.172/dailybuild/openEuler-23.09-RISC-V/openeuler-2023-10-09-15-03-12/OS/riscv64/Packages/http-parser-2.9.4-2.oe2309.riscv64.rpm [Failed to connect to 121.36.84.172 port 80 after 30000 ms: Timeout was reached]
[MIRROR] abseil-cpp-20230125.3-1.oe2309.riscv64.rpm: Curl error (28): Timeout was reached for http://121.36.84.172/dailybuild/openEuler-23.09-RISC-V/openeuler-2023-10-09-15-03-12/OS/riscv64/Packages/abseil-cpp-20230125.3-1.oe2309.riscv64.rpm [Failed to connect to 121.36.84.172 port 80 after 30000 ms: Timeout was reached]
[FAILED] abseil-cpp-20230125.3-1.oe2309.riscv64.rpm: No more mirrors to try - All mirrors were already tried without success

The downloaded packages were saved in cache until the next successful transaction.
You can remove cached packages by executing '\''dnf clean packages'\''.
Error: Error downloading packages:
  abseil-cpp-20230125.3-1.oe2309.riscv64: Cannot download, all mirrors were already tried without success'
+ cp /etc/isulad/daemon.json /etc/isulad/daemon.json.bak
cp: cannot stat '/etc/isulad/daemon.json': No such file or directory
+ sed -i '/registry-mirrors/a\"https:\/\/ariq8blp.mirror.aliyuncs.com\"' /etc/isulad/daemon.json
sed: can't read /etc/isulad/daemon.json: No such file or directory
+ systemctl restart isulad.service
Failed to restart isulad.service: Unit isulad.service not found.
+ isula pull busybox
oe_test_iSulad_container03.sh: line 28: isula: command not found
+ isula create -it busybox
oe_test_iSulad_container03.sh: line 29: isula: command not found
++ isula ps -a
oe_test_iSulad_container03.sh: line 30: isula: command not found
++ grep -vi NAMES
++ awk '{print $NF}'
+ container_id=
+ isula start ''
oe_test_iSulad_container03.sh: line 31: isula: command not found
+ LOG_INFO 'End to prepare the test environment.'
+ message='End to prepare the test environment.'
+ python3 /root/mugen/libs/locallibs/mugen_log.py --level info --message 'End to prepare the test environment.'
Wed Oct 11 09:52:27 2023 - INFO  - End to prepare the test environment.
++ type -t run_test
+ '[' -n function ']'
+ run_test
+ LOG_INFO 'Start to run test.'
+ message='Start to run test.'
+ python3 /root/mugen/libs/locallibs/mugen_log.py --level info --message 'Start to run test.'
Wed Oct 11 09:52:28 2023 - INFO  - Start to run test.
+ isula inspect -f '{{.State.Status}}' ''
oe_test_iSulad_container03.sh: line 37: isula: command not found
+ grep -i running
+ CHECK_RESULT 1 0 0 'Container startup failed'
+ actual_result=1
+ expect_result=0
+ mode=0
+ error_log='Container startup failed'
+ exit_mode=0
+ '[' -z 1 ']'
+ '[' 0 -eq 0 ']'
+ test 1x '!=' 0x
+ test -n 'Container startup failed'
+ LOG_ERROR 'Container startup failed'
+ message='Container startup failed'
+ python3 /root/mugen/libs/locallibs/mugen_log.py --level error --message 'Container startup failed'
Wed Oct 11 09:52:28 2023 - ERROR - Container startup failed
+ (( exec_result++ ))
+ LOG_ERROR 'oe_test_iSulad_container03.sh line 38'
+ message='oe_test_iSulad_container03.sh line 38'
+ python3 /root/mugen/libs/locallibs/mugen_log.py --level error --message 'oe_test_iSulad_container03.sh line 38'
Wed Oct 11 09:52:29 2023 - ERROR - oe_test_iSulad_container03.sh line 38
+ '[' 0 -eq 1 ']'
+ return 0
+ isula pause ''
oe_test_iSulad_container03.sh: line 39: isula: command not found
+ isula inspect -f '{{.State.Status}}' ''
oe_test_iSulad_container03.sh: line 40: isula: command not found
+ grep -i paused
+ CHECK_RESULT 1 0 0 'Container paused failed'
+ actual_result=1
+ expect_result=0
+ mode=0
+ error_log='Container paused failed'
+ exit_mode=0
+ '[' -z 1 ']'
+ '[' 0 -eq 0 ']'
+ test 1x '!=' 0x
+ test -n 'Container paused failed'
+ LOG_ERROR 'Container paused failed'
+ message='Container paused failed'
+ python3 /root/mugen/libs/locallibs/mugen_log.py --level error --message 'Container paused failed'
Wed Oct 11 09:52:29 2023 - ERROR - Container paused failed
+ (( exec_result++ ))
+ LOG_ERROR 'oe_test_iSulad_container03.sh line 41'
+ message='oe_test_iSulad_container03.sh line 41'
+ python3 /root/mugen/libs/locallibs/mugen_log.py --level error --message 'oe_test_iSulad_container03.sh line 41'
Wed Oct 11 09:52:30 2023 - ERROR - oe_test_iSulad_container03.sh line 41
+ '[' 0 -eq 1 ']'
+ return 0
+ isula unpause ''
oe_test_iSulad_container03.sh: line 42: isula: command not found
+ isula inspect -f '{{.State.Status}}' ''
oe_test_iSulad_container03.sh: line 43: isula: command not found
+ grep -i running
+ CHECK_RESULT 1 0 0 'Container startup failed'
+ actual_result=1
+ expect_result=0
+ mode=0
+ error_log='Container startup failed'
+ exit_mode=0
+ '[' -z 1 ']'
+ '[' 0 -eq 0 ']'
+ test 1x '!=' 0x
+ test -n 'Container startup failed'
+ LOG_ERROR 'Container startup failed'
+ message='Container startup failed'
+ python3 /root/mugen/libs/locallibs/mugen_log.py --level error --message 'Container startup failed'
Wed Oct 11 09:52:30 2023 - ERROR - Container startup failed
+ (( exec_result++ ))
+ LOG_ERROR 'oe_test_iSulad_container03.sh line 44'
+ message='oe_test_iSulad_container03.sh line 44'
+ python3 /root/mugen/libs/locallibs/mugen_log.py --level error --message 'oe_test_iSulad_container03.sh line 44'
Wed Oct 11 09:52:31 2023 - ERROR - oe_test_iSulad_container03.sh line 44
+ '[' 0 -eq 1 ']'
+ return 0
+ isula info
+ grep -i name
oe_test_iSulad_container03.sh: line 45: isula: command not found
+ CHECK_RESULT 1 0 0 'Query failed '
+ actual_result=1
+ expect_result=0
+ mode=0
+ error_log='Query failed '
+ exit_mode=0
+ '[' -z 1 ']'
+ '[' 0 -eq 0 ']'
+ test 1x '!=' 0x
+ test -n 'Query failed '
+ LOG_ERROR 'Query failed '
+ message='Query failed '
+ python3 /root/mugen/libs/locallibs/mugen_log.py --level error --message 'Query failed '
Wed Oct 11 09:52:32 2023 - ERROR - Query failed 
+ (( exec_result++ ))
+ LOG_ERROR 'oe_test_iSulad_container03.sh line 46'
+ message='oe_test_iSulad_container03.sh line 46'
+ python3 /root/mugen/libs/locallibs/mugen_log.py --level error --message 'oe_test_iSulad_container03.sh line 46'
Wed Oct 11 09:52:32 2023 - ERROR - oe_test_iSulad_container03.sh line 46
+ '[' 0 -eq 1 ']'
+ return 0
+ LOG_INFO 'End to run test.'
+ message='End to run test.'
+ python3 /root/mugen/libs/locallibs/mugen_log.py --level info --message 'End to run test.'
Wed Oct 11 09:52:33 2023 - INFO  - End to run test.
+ CASE_RESULT 0
+ case_re=0
+ test -z 4
+ test 4 -gt 0
+ LOG_ERROR 'failed to execute the case.'
+ message='failed to execute the case.'
+ python3 /root/mugen/libs/locallibs/mugen_log.py --level error --message 'failed to execute the case.'
Wed Oct 11 09:52:33 2023 - ERROR - failed to execute the case.
+ exit 4
+ post_test
+ LOG_INFO 'Start to restore the test environment.'
+ message='Start to restore the test environment.'
+ python3 /root/mugen/libs/locallibs/mugen_log.py --level info --message 'Start to restore the test environment.'
Wed Oct 11 09:52:34 2023 - INFO  - Start to restore the test environment.
+ isula ps -a
oe_test_iSulad_container03.sh: line 52: isula: command not found
+ grep -vi NAMES
+ awk '{print $NF}'
+ xargs -I '{}' isula stop '{}'
+ isula ps -a
oe_test_iSulad_container03.sh: line 53: isula: command not found
+ grep -vi NAMES
+ awk '{print $NF}'
+ xargs -I '{}' isula rm -f '{}'
+ isula rmi busybox
oe_test_iSulad_container03.sh: line 54: isula: command not found
+ mv -f /etc/isulad/daemon.json.bak /etc/isulad/daemon.json
mv: cannot stat '/etc/isulad/daemon.json.bak': No such file or directory
+ DNF_REMOVE
+ node=1
+ pkg_list=
+ mode=0
+ [[ -z Last metadata expiration check: 0:18:49 ago on Wed Oct 11 09:32:36 2023.
Dependencies resolved.
================================================================================
 Package                Architecture Version                      Repo     Size
================================================================================
Installing:
 iSulad                 riscv64      2.1.3-7.oe2309               OS      2.9 M
Installing dependencies:
 abseil-cpp             riscv64      20230125.3-1.oe2309          OS      524 k
 grpc                   riscv64      1.54.2-2.oe2309              OS      5.1 M
 http-parser            riscv64      2.9.4-2.oe2309               OS       32 k
 lcr                    riscv64      2.1.2-6.oe2309               OS       42 k
 lib-shim-v2            riscv64      0.0.1-8.oe2309               OS      1.5 M
 libisula               riscv64      2.1.2-6.oe2309               OS      310 k
 libwebsockets          riscv64      4.3.2-1.oe2309               OS      263 k
 lxc                    riscv64      4.0.3-2022102422.oe2309      OS      180 k
 lxc-libs               riscv64      4.0.3-2022102422.oe2309      OS      417 k
 protobuf               riscv64      3.19.6-1.oe2309              OS      957 k
 protobuf-compiler      riscv64      3.19.6-1.oe2309              OS      850 k
 re2                    riscv64      20211101-3.oe2309            OS      163 k
 yajl                   riscv64      2.1.0-20.oe2309              OS       33 k

Transaction Summary
================================================================================
Install  14 Packages

Total download size: 13 M
Installed size: 53 M
Downloading Packages:
[MIRROR] abseil-cpp-20230125.3-1.oe2309.riscv64.rpm: Curl error (28): Timeout was reached for http://121.36.84.172/dailybuild/openEuler-23.09-RISC-V/openeuler-2023-10-09-15-03-12/OS/riscv64/Packages/abseil-cpp-20230125.3-1.oe2309.riscv64.rpm [Failed to connect to 121.36.84.172 port 80 after 30001 ms: Timeout was reached]
[MIRROR] grpc-1.54.2-2.oe2309.riscv64.rpm: Curl error (28): Timeout was reached for http://121.36.84.172/dailybuild/openEuler-23.09-RISC-V/openeuler-2023-10-09-15-03-12/OS/riscv64/Packages/grpc-1.54.2-2.oe2309.riscv64.rpm [Failed to connect to 121.36.84.172 port 80 after 30000 ms: Timeout was reached]
[MIRROR] http-parser-2.9.4-2.oe2309.riscv64.rpm: Curl error (28): Timeout was reached for http://121.36.84.172/dailybuild/openEuler-23.09-RISC-V/openeuler-2023-10-09-15-03-12/OS/riscv64/Packages/http-parser-2.9.4-2.oe2309.riscv64.rpm [Failed to connect to 121.36.84.172 port 80 after 30000 ms: Timeout was reached]
[MIRROR] abseil-cpp-20230125.3-1.oe2309.riscv64.rpm: Curl error (28): Timeout was reached for http://121.36.84.172/dailybuild/openEuler-23.09-RISC-V/openeuler-2023-10-09-15-03-12/OS/riscv64/Packages/abseil-cpp-20230125.3-1.oe2309.riscv64.rpm [Failed to connect to 121.36.84.172 port 80 after 30000 ms: Timeout was reached]
[FAILED] abseil-cpp-20230125.3-1.oe2309.riscv64.rpm: No more mirrors to try - All mirrors were already tried without success

The downloaded packages were saved in cache until the next successful transaction.
You can remove cached packages by executing 'dnf clean packages'.
Error: Error downloading packages:
  abseil-cpp-20230125.3-1.oe2309.riscv64: Cannot download, all mirrors were already tried without success ]]
+ '[' 0 -ne 0 ']'
+ '[' 1 == 0 ']'
+ python3 /root/mugen/libs/locallibs/rpm_manage.py remove --node 1 --pkgs '' --tempfile 'Last metadata expiration check: 0:18:49 ago on Wed Oct 11 09:32:36 2023.
Dependencies resolved.
================================================================================
 Package                Architecture Version                      Repo     Size
================================================================================
Installing:
 iSulad                 riscv64      2.1.3-7.oe2309               OS      2.9 M
Installing dependencies:
 abseil-cpp             riscv64      20230125.3-1.oe2309          OS      524 k
 grpc                   riscv64      1.54.2-2.oe2309              OS      5.1 M
 http-parser            riscv64      2.9.4-2.oe2309               OS       32 k
 lcr                    riscv64      2.1.2-6.oe2309               OS       42 k
 lib-shim-v2            riscv64      0.0.1-8.oe2309               OS      1.5 M
 libisula               riscv64      2.1.2-6.oe2309               OS      310 k
 libwebsockets          riscv64      4.3.2-1.oe2309               OS      263 k
 lxc                    riscv64      4.0.3-2022102422.oe2309      OS      180 k
 lxc-libs               riscv64      4.0.3-2022102422.oe2309      OS      417 k
 protobuf               riscv64      3.19.6-1.oe2309              OS      957 k
 protobuf-compiler      riscv64      3.19.6-1.oe2309              OS      850 k
 re2                    riscv64      20211101-3.oe2309            OS      163 k
 yajl                   riscv64      2.1.0-20.oe2309              OS       33 k

Transaction Summary
================================================================================
Install  14 Packages

Total download size: 13 M
Installed size: 53 M
Downloading Packages:
[MIRROR] abseil-cpp-20230125.3-1.oe2309.riscv64.rpm: Curl error (28): Timeout was reached for http://121.36.84.172/dailybuild/openEuler-23.09-RISC-V/openeuler-2023-10-09-15-03-12/OS/riscv64/Packages/abseil-cpp-20230125.3-1.oe2309.riscv64.rpm [Failed to connect to 121.36.84.172 port 80 after 30001 ms: Timeout was reached]
[MIRROR] grpc-1.54.2-2.oe2309.riscv64.rpm: Curl error (28): Timeout was reached for http://121.36.84.172/dailybuild/openEuler-23.09-RISC-V/openeuler-2023-10-09-15-03-12/OS/riscv64/Packages/grpc-1.54.2-2.oe2309.riscv64.rpm [Failed to connect to 121.36.84.172 port 80 after 30000 ms: Timeout was reached]
[MIRROR] http-parser-2.9.4-2.oe2309.riscv64.rpm: Curl error (28): Timeout was reached for http://121.36.84.172/dailybuild/openEuler-23.09-RISC-V/openeuler-2023-10-09-15-03-12/OS/riscv64/Packages/http-parser-2.9.4-2.oe2309.riscv64.rpm [Failed to connect to 121.36.84.172 port 80 after 30000 ms: Timeout was reached]
[MIRROR] abseil-cpp-20230125.3-1.oe2309.riscv64.rpm: Curl error (28): Timeout was reached for http://121.36.84.172/dailybuild/openEuler-23.09-RISC-V/openeuler-2023-10-09-15-03-12/OS/riscv64/Packages/abseil-cpp-20230125.3-1.oe2309.riscv64.rpm [Failed to connect to 121.36.84.172 port 80 after 30000 ms: Timeout was reached]
[FAILED] abseil-cpp-20230125.3-1.oe2309.riscv64.rpm: No more mirrors to try - All mirrors were already tried without success

The downloaded packages were saved in cache until the next successful transaction.
You can remove cached packages by executing '\''dnf clean packages'\''.
Error: Error downloading packages:
  abseil-cpp-20230125.3-1.oe2309.riscv64: Cannot download, all mirrors were already tried without success'
Traceback (most recent call last):
  File "/root/mugen/libs/locallibs/rpm_manage.py", line 192, in <module>
    exitcode = rpm_remove(args.node, args.pkgs, args.tempfile)
               ^^^^^^^^^^^^^^^^^^^^^^^^^^^^^^^^^^^^^^^^^^^^^^^
  File "/root/mugen/libs/locallibs/rpm_manage.py", line 163, in rpm_remove
    with open(tmpfile, "r") as f:
         ^^^^^^^^^^^^^^^^^^
OSError: [Errno 36] File name too long: "Last metadata expiration check: 0:18:49 ago on Wed Oct 11 09:32:36 2023.\nDependencies resolved.\n================================================================================\n Package                Architecture Version                      Repo     Size\n================================================================================\nInstalling:\n iSulad                 riscv64      2.1.3-7.oe2309               OS      2.9 M\nInstalling dependencies:\n abseil-cpp             riscv64      20230125.3-1.oe2309          OS      524 k\n grpc                   riscv64      1.54.2-2.oe2309              OS      5.1 M\n http-parser            riscv64      2.9.4-2.oe2309               OS       32 k\n lcr                    riscv64      2.1.2-6.oe2309               OS       42 k\n lib-shim-v2            riscv64      0.0.1-8.oe2309               OS      1.5 M\n libisula               riscv64      2.1.2-6.oe2309               OS      310 k\n libwebsockets          riscv64      4.3.2-1.oe2309               OS      263 k\n lxc                    riscv64      4.0.3-2022102422.oe2309      OS      180 k\n lxc-libs               riscv64      4.0.3-2022102422.oe2309      OS      417 k\n protobuf               riscv64      3.19.6-1.oe2309              OS      957 k\n protobuf-compiler      riscv64      3.19.6-1.oe2309              OS      850 k\n re2                    riscv64      20211101-3.oe2309            OS      163 k\n yajl                   riscv64      2.1.0-20.oe2309              OS       33 k\n\nTransaction Summary\n================================================================================\nInstall  14 Packages\n\nTotal download size: 13 M\nInstalled size: 53 M\nDownloading Packages:\n[MIRROR] abseil-cpp-20230125.3-1.oe2309.riscv64.rpm: Curl error (28): Timeout was reached for http://121.36.84.172/dailybuild/openEuler-23.09-RISC-V/openeuler-2023-10-09-15-03-12/OS/riscv64/Packages/abseil-cpp-20230125.3-1.oe2309.riscv64.rpm [Failed to connect to 121.36.84.172 port 80 after 30001 ms: Timeout was reached]\n[MIRROR] grpc-1.54.2-2.oe2309.riscv64.rpm: Curl error (28): Timeout was reached for http://121.36.84.172/dailybuild/openEuler-23.09-RISC-V/openeuler-2023-10-09-15-03-12/OS/riscv64/Packages/grpc-1.54.2-2.oe2309.riscv64.rpm [Failed to connect to 121.36.84.172 port 80 after 30000 ms: Timeout was reached]\n[MIRROR] http-parser-2.9.4-2.oe2309.riscv64.rpm: Curl error (28): Timeout was reached for http://121.36.84.172/dailybuild/openEuler-23.09-RISC-V/openeuler-2023-10-09-15-03-12/OS/riscv64/Packages/http-parser-2.9.4-2.oe2309.riscv64.rpm [Failed to connect to 121.36.84.172 port 80 after 30000 ms: Timeout was reached]\n[MIRROR] abseil-cpp-20230125.3-1.oe2309.riscv64.rpm: Curl error (28): Timeout was reached for http://121.36.84.172/dailybuild/openEuler-23.09-RISC-V/openeuler-2023-10-09-15-03-12/OS/riscv64/Packages/abseil-cpp-20230125.3-1.oe2309.riscv64.rpm [Failed to connect to 121.36.84.172 port 80 after 30000 ms: Timeout was reached]\n[FAILED] abseil-cpp-20230125.3-1.oe2309.riscv64.rpm: No more mirrors to try - All mirrors were already tried without success\n\nThe downloaded packages were saved in cache until the next successful transaction.\nYou can remove cached packages by executing 'dnf clean packages'.\nError: Error downloading packages:\n  abseil-cpp-20230125.3-1.oe2309.riscv64: Cannot download, all mirrors were already tried without success"
+ '[' 0 -ne 0 ']'
+ LOG_INFO 'End to restore the test environment.'
+ message='End to restore the test environment.'
+ python3 /root/mugen/libs/locallibs/mugen_log.py --level info --message 'End to restore the test environment.'
Wed Oct 11 09:52:37 2023 - INFO  - End to restore the test environment.
