+ source /root/mugen/libs/locallibs/common_lib.sh
++ python3 --version
++ '[' 0 -eq 0 ']'
++ source /root/mugen/libs/locallibs/common_lib_python.sh
+ main
++ type -t post_test
+ '[' -n function ']'
+ trap post_test EXIT INT HUP TERM
+ rpm -qa
+ grep expect
++ type -t config_params
+ '[' -n '' ']'
++ type -t pre_test
+ '[' -n function ']'
+ pre_test
+ LOG_INFO 'Start to prepare the test environment.'
+ message='Start to prepare the test environment.'
+ python3 /root/mugen/libs/locallibs/mugen_log.py --level info --message 'Start to prepare the test environment.'
Thu Aug 31 21:52:51 2023 - INFO  - Start to prepare the test environment.
+ DNF_INSTALL 'audit-devel gcc'
+ pkgs='audit-devel gcc'
+ node=1
+ '[' -z '' ']'
+ tmpfile=
++ python3 /root/mugen/libs/locallibs/rpm_manage.py install --pkgs 'audit-devel gcc' --node 1 --tempfile ''
+ tmpfile2='Last metadata expiration check: 0:37:53 ago on Thu 31 Aug 2023 09:15:23 PM UTC.
Package gcc-12.3.1-8.oe2309.riscv64 is already installed.
Dependencies resolved.
================================================================================
 Package              Architecture Version                  Repository     Size
================================================================================
Installing:
 audit-devel          riscv64      1:3.1.1-1.oe2309         mainline      256 k
Installing dependencies:
 audit                riscv64      1:3.1.1-1.oe2309         mainline      194 k
 libcap-ng-devel      riscv64      0.8.3-1.oe2309           mainline       30 k

Transaction Summary
================================================================================
Install  3 Packages

Total download size: 480 k
Installed size: 2.6 M
Downloading Packages:
(1/3): audit-devel-3.1.1-1.oe2309.riscv64.rpm   349 kB/s | 256 kB     00:00    
(2/3): libcap-ng-devel-0.8.3-1.oe2309.riscv64.r  41 kB/s |  30 kB     00:00    
[MIRROR] audit-3.1.1-1.oe2309.riscv64.rpm: Curl error (28): Timeout was reached for https://mirror.iscas.ac.cn/openeuler-sig-riscv/openEuler-RISC-V/testing/20230830/v0.2/repo/23.09/mainline/riscv64/audit-3.1.1-1.oe2309.riscv64.rpm [Operation too slow. Less than 1000 bytes/sec transferred the last 30 seconds]
[MIRROR] audit-3.1.1-1.oe2309.riscv64.rpm: Curl error (28): Timeout was reached for https://mirror.iscas.ac.cn/openeuler-sig-riscv/openEuler-RISC-V/testing/20230830/v0.2/repo/23.09/mainline/riscv64/audit-3.1.1-1.oe2309.riscv64.rpm [Operation too slow. Less than 1000 bytes/sec transferred the last 30 seconds]
[MIRROR] audit-3.1.1-1.oe2309.riscv64.rpm: Curl error (28): Timeout was reached for https://mirror.iscas.ac.cn/openeuler-sig-riscv/openEuler-RISC-V/testing/20230830/v0.2/repo/23.09/mainline/riscv64/audit-3.1.1-1.oe2309.riscv64.rpm [Operation too slow. Less than 1000 bytes/sec transferred the last 30 seconds]
[MIRROR] audit-3.1.1-1.oe2309.riscv64.rpm: Curl error (28): Timeout was reached for https://mirror.iscas.ac.cn/openeuler-sig-riscv/openEuler-RISC-V/testing/20230830/v0.2/repo/23.09/mainline/riscv64/audit-3.1.1-1.oe2309.riscv64.rpm [Operation too slow. Less than 1000 bytes/sec transferred the last 30 seconds]
[FAILED] audit-3.1.1-1.oe2309.riscv64.rpm: No more mirrors to try - All mirrors were already tried without success

The downloaded packages were saved in cache until the next successful transaction.
You can remove cached packages by executing '\''dnf clean packages'\''.
Error: Error downloading packages:
  audit-1:3.1.1-1.oe2309.riscv64: Cannot download, all mirrors were already tried without success'
+ '[' -z '' ']'
+ tmpfile='Last metadata expiration check: 0:37:53 ago on Thu 31 Aug 2023 09:15:23 PM UTC.
Package gcc-12.3.1-8.oe2309.riscv64 is already installed.
Dependencies resolved.
================================================================================
 Package              Architecture Version                  Repository     Size
================================================================================
Installing:
 audit-devel          riscv64      1:3.1.1-1.oe2309         mainline      256 k
Installing dependencies:
 audit                riscv64      1:3.1.1-1.oe2309         mainline      194 k
 libcap-ng-devel      riscv64      0.8.3-1.oe2309           mainline       30 k

Transaction Summary
================================================================================
Install  3 Packages

Total download size: 480 k
Installed size: 2.6 M
Downloading Packages:
(1/3): audit-devel-3.1.1-1.oe2309.riscv64.rpm   349 kB/s | 256 kB     00:00    
(2/3): libcap-ng-devel-0.8.3-1.oe2309.riscv64.r  41 kB/s |  30 kB     00:00    
[MIRROR] audit-3.1.1-1.oe2309.riscv64.rpm: Curl error (28): Timeout was reached for https://mirror.iscas.ac.cn/openeuler-sig-riscv/openEuler-RISC-V/testing/20230830/v0.2/repo/23.09/mainline/riscv64/audit-3.1.1-1.oe2309.riscv64.rpm [Operation too slow. Less than 1000 bytes/sec transferred the last 30 seconds]
[MIRROR] audit-3.1.1-1.oe2309.riscv64.rpm: Curl error (28): Timeout was reached for https://mirror.iscas.ac.cn/openeuler-sig-riscv/openEuler-RISC-V/testing/20230830/v0.2/repo/23.09/mainline/riscv64/audit-3.1.1-1.oe2309.riscv64.rpm [Operation too slow. Less than 1000 bytes/sec transferred the last 30 seconds]
[MIRROR] audit-3.1.1-1.oe2309.riscv64.rpm: Curl error (28): Timeout was reached for https://mirror.iscas.ac.cn/openeuler-sig-riscv/openEuler-RISC-V/testing/20230830/v0.2/repo/23.09/mainline/riscv64/audit-3.1.1-1.oe2309.riscv64.rpm [Operation too slow. Less than 1000 bytes/sec transferred the last 30 seconds]
[MIRROR] audit-3.1.1-1.oe2309.riscv64.rpm: Curl error (28): Timeout was reached for https://mirror.iscas.ac.cn/openeuler-sig-riscv/openEuler-RISC-V/testing/20230830/v0.2/repo/23.09/mainline/riscv64/audit-3.1.1-1.oe2309.riscv64.rpm [Operation too slow. Less than 1000 bytes/sec transferred the last 30 seconds]
[FAILED] audit-3.1.1-1.oe2309.riscv64.rpm: No more mirrors to try - All mirrors were already tried without success

The downloaded packages were saved in cache until the next successful transaction.
You can remove cached packages by executing '\''dnf clean packages'\''.
Error: Error downloading packages:
  audit-1:3.1.1-1.oe2309.riscv64: Cannot download, all mirrors were already tried without success'
+ auditctl rate_limit=0
oe_test_audit_fixed_memory_02.sh: line 24: auditctl: command not found
+ auditctl backlog_wait_time=0
oe_test_audit_fixed_memory_02.sh: line 25: auditctl: command not found
+ echo '
    #include<stdio.h>
#include<libaudit.h>

int main(int argc, char** atgv) {
        int ret;
        int fd = audit_open();
        while(1) {
                audit_log_user_command(fd, AUDIT_USYS_CONFIG, "command", "tty", 1);
        }
        return 0;

}'
+ chmod +777 ./test.c
+ LOG_INFO 'End to prepare the test environment.'
+ message='End to prepare the test environment.'
+ python3 /root/mugen/libs/locallibs/mugen_log.py --level info --message 'End to prepare the test environment.'
Thu Aug 31 21:55:25 2023 - INFO  - End to prepare the test environment.
++ type -t run_test
+ '[' -n function ']'
+ run_test
+ LOG_INFO 'Start to run test.'
+ message='Start to run test.'
+ python3 /root/mugen/libs/locallibs/mugen_log.py --level info --message 'Start to run test.'
Thu Aug 31 21:55:26 2023 - INFO  - Start to run test.
+ gcc -laudit test.c
test.c:3:9: fatal error: libaudit.h: No such file or directory
    3 | #include<libaudit.h>
      |         ^~~~~~~~~~~~
compilation terminated.
+ '[' -e a.out ']'
+ CHECK_RESULT 1 0 0 'Get a.out: failed!'
+ actual_result=1
+ expect_result=0
+ mode=0
+ error_log='Get a.out: failed!'
+ exit_mode=0
+ '[' -z 1 ']'
+ '[' 0 -eq 0 ']'
+ test 1x '!=' 0x
+ test -n 'Get a.out: failed!'
+ LOG_ERROR 'Get a.out: failed!'
+ message='Get a.out: failed!'
+ python3 /root/mugen/libs/locallibs/mugen_log.py --level error --message 'Get a.out: failed!'
Thu Aug 31 21:55:27 2023 - ERROR - Get a.out: failed!
+ (( exec_result++ ))
+ LOG_ERROR 'oe_test_audit_fixed_memory_02.sh line 47'
+ message='oe_test_audit_fixed_memory_02.sh line 47'
+ python3 /root/mugen/libs/locallibs/mugen_log.py --level error --message 'oe_test_audit_fixed_memory_02.sh line 47'
Thu Aug 31 21:55:27 2023 - ERROR - oe_test_audit_fixed_memory_02.sh line 47
+ '[' 0 -eq 1 ']'
+ return 0
+ df -h /
+ grep overlay
+ SLEEP_WAIT 3
+ wait_time=3
+ cmd=
+ mode=1
+ python3 /root/mugen/libs/locallibs/sleep_wait.py --time 3 --cmd '' --mode 1
+ ./a.out
oe_test_audit_fixed_memory_02.sh: line 49: ./a.out: No such file or directory
+ auditctl -s
oe_test_audit_fixed_memory_02.sh: line 51: auditctl: command not found
+ grep -w backlog
+ CHECK_RESULT 1 0 0 'Get backlog: failed!'
+ actual_result=1
+ expect_result=0
+ mode=0
+ error_log='Get backlog: failed!'
+ exit_mode=0
+ '[' -z 1 ']'
+ '[' 0 -eq 0 ']'
+ test 1x '!=' 0x
+ test -n 'Get backlog: failed!'
+ LOG_ERROR 'Get backlog: failed!'
+ message='Get backlog: failed!'
+ python3 /root/mugen/libs/locallibs/mugen_log.py --level error --message 'Get backlog: failed!'
Thu Aug 31 21:55:31 2023 - ERROR - Get backlog: failed!
+ (( exec_result++ ))
+ LOG_ERROR 'oe_test_audit_fixed_memory_02.sh line 52'
+ message='oe_test_audit_fixed_memory_02.sh line 52'
+ python3 /root/mugen/libs/locallibs/mugen_log.py --level error --message 'oe_test_audit_fixed_memory_02.sh line 52'
Thu Aug 31 21:55:32 2023 - ERROR - oe_test_audit_fixed_memory_02.sh line 52
+ '[' 0 -eq 1 ']'
+ return 0
+ LOG_INFO 'End to run test.'
+ message='End to run test.'
+ python3 /root/mugen/libs/locallibs/mugen_log.py --level info --message 'End to run test.'
Thu Aug 31 21:55:33 2023 - INFO  - End to run test.
+ CASE_RESULT 0
+ case_re=0
+ test -z 2
+ test 2 -gt 0
+ LOG_ERROR 'failed to execute the case.'
+ message='failed to execute the case.'
+ python3 /root/mugen/libs/locallibs/mugen_log.py --level error --message 'failed to execute the case.'
Thu Aug 31 21:55:33 2023 - ERROR - failed to execute the case.
+ exit 2
+ post_test
+ LOG_INFO 'Start to restore the test environment.'
+ message='Start to restore the test environment.'
+ python3 /root/mugen/libs/locallibs/mugen_log.py --level info --message 'Start to restore the test environment.'
Thu Aug 31 21:55:34 2023 - INFO  - Start to restore the test environment.
+ rm -rf test.c a.out
++ pgrep -f ./a.out
+ kill -9 ''
oe_test_audit_fixed_memory_02.sh: line 60: kill: `': not a pid or valid job spec
+ DNF_REMOVE
+ node=1
+ pkg_list=
+ mode=0
+ [[ -z Last metadata expiration check: 0:37:53 ago on Thu 31 Aug 2023 09:15:23 PM UTC.
Package gcc-12.3.1-8.oe2309.riscv64 is already installed.
Dependencies resolved.
================================================================================
 Package              Architecture Version                  Repository     Size
================================================================================
Installing:
 audit-devel          riscv64      1:3.1.1-1.oe2309         mainline      256 k
Installing dependencies:
 audit                riscv64      1:3.1.1-1.oe2309         mainline      194 k
 libcap-ng-devel      riscv64      0.8.3-1.oe2309           mainline       30 k

Transaction Summary
================================================================================
Install  3 Packages

Total download size: 480 k
Installed size: 2.6 M
Downloading Packages:
(1/3): audit-devel-3.1.1-1.oe2309.riscv64.rpm   349 kB/s | 256 kB     00:00    
(2/3): libcap-ng-devel-0.8.3-1.oe2309.riscv64.r  41 kB/s |  30 kB     00:00    
[MIRROR] audit-3.1.1-1.oe2309.riscv64.rpm: Curl error (28): Timeout was reached for https://mirror.iscas.ac.cn/openeuler-sig-riscv/openEuler-RISC-V/testing/20230830/v0.2/repo/23.09/mainline/riscv64/audit-3.1.1-1.oe2309.riscv64.rpm [Operation too slow. Less than 1000 bytes/sec transferred the last 30 seconds]
[MIRROR] audit-3.1.1-1.oe2309.riscv64.rpm: Curl error (28): Timeout was reached for https://mirror.iscas.ac.cn/openeuler-sig-riscv/openEuler-RISC-V/testing/20230830/v0.2/repo/23.09/mainline/riscv64/audit-3.1.1-1.oe2309.riscv64.rpm [Operation too slow. Less than 1000 bytes/sec transferred the last 30 seconds]
[MIRROR] audit-3.1.1-1.oe2309.riscv64.rpm: Curl error (28): Timeout was reached for https://mirror.iscas.ac.cn/openeuler-sig-riscv/openEuler-RISC-V/testing/20230830/v0.2/repo/23.09/mainline/riscv64/audit-3.1.1-1.oe2309.riscv64.rpm [Operation too slow. Less than 1000 bytes/sec transferred the last 30 seconds]
[MIRROR] audit-3.1.1-1.oe2309.riscv64.rpm: Curl error (28): Timeout was reached for https://mirror.iscas.ac.cn/openeuler-sig-riscv/openEuler-RISC-V/testing/20230830/v0.2/repo/23.09/mainline/riscv64/audit-3.1.1-1.oe2309.riscv64.rpm [Operation too slow. Less than 1000 bytes/sec transferred the last 30 seconds]
[FAILED] audit-3.1.1-1.oe2309.riscv64.rpm: No more mirrors to try - All mirrors were already tried without success

The downloaded packages were saved in cache until the next successful transaction.
You can remove cached packages by executing 'dnf clean packages'.
Error: Error downloading packages:
  audit-1:3.1.1-1.oe2309.riscv64: Cannot download, all mirrors were already tried without success ]]
+ '[' 0 -ne 0 ']'
+ '[' 1 == 0 ']'
+ python3 /root/mugen/libs/locallibs/rpm_manage.py remove --node 1 --pkgs '' --tempfile 'Last metadata expiration check: 0:37:53 ago on Thu 31 Aug 2023 09:15:23 PM UTC.
Package gcc-12.3.1-8.oe2309.riscv64 is already installed.
Dependencies resolved.
================================================================================
 Package              Architecture Version                  Repository     Size
================================================================================
Installing:
 audit-devel          riscv64      1:3.1.1-1.oe2309         mainline      256 k
Installing dependencies:
 audit                riscv64      1:3.1.1-1.oe2309         mainline      194 k
 libcap-ng-devel      riscv64      0.8.3-1.oe2309           mainline       30 k

Transaction Summary
================================================================================
Install  3 Packages

Total download size: 480 k
Installed size: 2.6 M
Downloading Packages:
(1/3): audit-devel-3.1.1-1.oe2309.riscv64.rpm   349 kB/s | 256 kB     00:00    
(2/3): libcap-ng-devel-0.8.3-1.oe2309.riscv64.r  41 kB/s |  30 kB     00:00    
[MIRROR] audit-3.1.1-1.oe2309.riscv64.rpm: Curl error (28): Timeout was reached for https://mirror.iscas.ac.cn/openeuler-sig-riscv/openEuler-RISC-V/testing/20230830/v0.2/repo/23.09/mainline/riscv64/audit-3.1.1-1.oe2309.riscv64.rpm [Operation too slow. Less than 1000 bytes/sec transferred the last 30 seconds]
[MIRROR] audit-3.1.1-1.oe2309.riscv64.rpm: Curl error (28): Timeout was reached for https://mirror.iscas.ac.cn/openeuler-sig-riscv/openEuler-RISC-V/testing/20230830/v0.2/repo/23.09/mainline/riscv64/audit-3.1.1-1.oe2309.riscv64.rpm [Operation too slow. Less than 1000 bytes/sec transferred the last 30 seconds]
[MIRROR] audit-3.1.1-1.oe2309.riscv64.rpm: Curl error (28): Timeout was reached for https://mirror.iscas.ac.cn/openeuler-sig-riscv/openEuler-RISC-V/testing/20230830/v0.2/repo/23.09/mainline/riscv64/audit-3.1.1-1.oe2309.riscv64.rpm [Operation too slow. Less than 1000 bytes/sec transferred the last 30 seconds]
[MIRROR] audit-3.1.1-1.oe2309.riscv64.rpm: Curl error (28): Timeout was reached for https://mirror.iscas.ac.cn/openeuler-sig-riscv/openEuler-RISC-V/testing/20230830/v0.2/repo/23.09/mainline/riscv64/audit-3.1.1-1.oe2309.riscv64.rpm [Operation too slow. Less than 1000 bytes/sec transferred the last 30 seconds]
[FAILED] audit-3.1.1-1.oe2309.riscv64.rpm: No more mirrors to try - All mirrors were already tried without success

The downloaded packages were saved in cache until the next successful transaction.
You can remove cached packages by executing '\''dnf clean packages'\''.
Error: Error downloading packages:
  audit-1:3.1.1-1.oe2309.riscv64: Cannot download, all mirrors were already tried without success'
Traceback (most recent call last):
  File "/root/mugen/libs/locallibs/rpm_manage.py", line 192, in <module>
    exitcode = rpm_remove(args.node, args.pkgs, args.tempfile)
               ^^^^^^^^^^^^^^^^^^^^^^^^^^^^^^^^^^^^^^^^^^^^^^^
  File "/root/mugen/libs/locallibs/rpm_manage.py", line 163, in rpm_remove
    with open(tmpfile, "r") as f:
         ^^^^^^^^^^^^^^^^^^
OSError: [Errno 36] File name too long: "Last metadata expiration check: 0:37:53 ago on Thu 31 Aug 2023 09:15:23 PM UTC.\nPackage gcc-12.3.1-8.oe2309.riscv64 is already installed.\nDependencies resolved.\n================================================================================\n Package              Architecture Version                  Repository     Size\n================================================================================\nInstalling:\n audit-devel          riscv64      1:3.1.1-1.oe2309         mainline      256 k\nInstalling dependencies:\n audit                riscv64      1:3.1.1-1.oe2309         mainline      194 k\n libcap-ng-devel      riscv64      0.8.3-1.oe2309           mainline       30 k\n\nTransaction Summary\n================================================================================\nInstall  3 Packages\n\nTotal download size: 480 k\nInstalled size: 2.6 M\nDownloading Packages:\n(1/3): audit-devel-3.1.1-1.oe2309.riscv64.rpm   349 kB/s | 256 kB     00:00    \n(2/3): libcap-ng-devel-0.8.3-1.oe2309.riscv64.r  41 kB/s |  30 kB     00:00    \n[MIRROR] audit-3.1.1-1.oe2309.riscv64.rpm: Curl error (28): Timeout was reached for https://mirror.iscas.ac.cn/openeuler-sig-riscv/openEuler-RISC-V/testing/20230830/v0.2/repo/23.09/mainline/riscv64/audit-3.1.1-1.oe2309.riscv64.rpm [Operation too slow. Less than 1000 bytes/sec transferred the last 30 seconds]\n[MIRROR] audit-3.1.1-1.oe2309.riscv64.rpm: Curl error (28): Timeout was reached for https://mirror.iscas.ac.cn/openeuler-sig-riscv/openEuler-RISC-V/testing/20230830/v0.2/repo/23.09/mainline/riscv64/audit-3.1.1-1.oe2309.riscv64.rpm [Operation too slow. Less than 1000 bytes/sec transferred the last 30 seconds]\n[MIRROR] audit-3.1.1-1.oe2309.riscv64.rpm: Curl error (28): Timeout was reached for https://mirror.iscas.ac.cn/openeuler-sig-riscv/openEuler-RISC-V/testing/20230830/v0.2/repo/23.09/mainline/riscv64/audit-3.1.1-1.oe2309.riscv64.rpm [Operation too slow. Less than 1000 bytes/sec transferred the last 30 seconds]\n[MIRROR] audit-3.1.1-1.oe2309.riscv64.rpm: Curl error (28): Timeout was reached for https://mirror.iscas.ac.cn/openeuler-sig-riscv/openEuler-RISC-V/testing/20230830/v0.2/repo/23.09/mainline/riscv64/audit-3.1.1-1.oe2309.riscv64.rpm [Operation too slow. Less than 1000 bytes/sec transferred the last 30 seconds]\n[FAILED] audit-3.1.1-1.oe2309.riscv64.rpm: No more mirrors to try - All mirrors were already tried without success\n\nThe downloaded packages were saved in cache until the next successful transaction.\nYou can remove cached packages by executing 'dnf clean packages'.\nError: Error downloading packages:\n  audit-1:3.1.1-1.oe2309.riscv64: Cannot download, all mirrors were already tried without success"
+ '[' 0 -ne 0 ']'
+ LOG_INFO 'End to restore the test environment.'
+ message='End to restore the test environment.'
+ python3 /root/mugen/libs/locallibs/mugen_log.py --level info --message 'End to restore the test environment.'
Thu Aug 31 21:55:37 2023 - INFO  - End to restore the test environment.
