+ source ../common/common_lib.sh
++ source /root/mugen/libs/locallibs/common_lib.sh
+++ python3 --version
+++ '[' 0 -eq 0 ']'
+++ source /root/mugen/libs/locallibs/common_lib_python.sh
+ main
++ type -t post_test
+ '[' -n function ']'
+ trap post_test EXIT INT HUP TERM
+ rpm -qa
+ grep expect
+ source ../common/common_lib.sh
++ source /root/mugen/libs/locallibs/common_lib.sh
+++ python3 --version
+++ '[' 0 -eq 0 ']'
+++ source /root/mugen/libs/locallibs/common_lib_python.sh
+ main
++ type -t post_test
+ '[' -n function ']'
+ trap post_test EXIT INT HUP TERM
+ rpm -qa
+ grep expect
++ type -t config_params
+ '[' -n '' ']'
++ type -t pre_test
+ '[' -n function ']'
+ pre_test
+ LOG_INFO 'Start environmental preparation.'
+ message='Start environmental preparation.'
+ python3 /root/mugen/libs/locallibs/mugen_log.py --level info --message 'Start environmental preparation.'
++ type -t config_params
+ '[' -n '' ']'
++ type -t pre_test
+ '[' -n function ']'
+ pre_test
+ LOG_INFO 'Start environmental preparation.'
+ message='Start environmental preparation.'
+ python3 /root/mugen/libs/locallibs/mugen_log.py --level info --message 'Start environmental preparation.'
Wed Sep 27 14:30:15 2023 - INFO  - Start environmental preparation.
Wed Sep 27 14:30:15 2023 - INFO  - Start environmental preparation.
+ DNF_INSTALL 'gcc libunistring libunistring-devel'
+ pkgs='gcc libunistring libunistring-devel'
+ node=1
+ '[' -z '' ']'
+ tmpfile=
++ python3 /root/mugen/libs/locallibs/rpm_manage.py install --pkgs 'gcc libunistring libunistring-devel' --node 1 --tempfile ''
+ DNF_INSTALL 'gcc libunistring libunistring-devel'
+ pkgs='gcc libunistring libunistring-devel'
+ node=1
+ '[' -z '' ']'
+ tmpfile=
++ python3 /root/mugen/libs/locallibs/rpm_manage.py install --pkgs 'gcc libunistring libunistring-devel' --node 1 --tempfile ''
+ tmpfile2=/tmp/tmpasgftsii
+ '[' -z '' ']'
+ tmpfile=/tmp/tmpasgftsii
+ LOG_INFO 'End of environmental preparation!'
+ message='End of environmental preparation!'
+ python3 /root/mugen/libs/locallibs/mugen_log.py --level info --message 'End of environmental preparation!'
Wed Sep 27 14:30:33 2023 - INFO  - End of environmental preparation!
++ type -t run_test
+ '[' -n function ']'
+ run_test
+ LOG_INFO 'Start testing...'
+ message='Start testing...'
+ python3 /root/mugen/libs/locallibs/mugen_log.py --level info --message 'Start testing...'
Wed Sep 27 14:30:33 2023 - INFO  - Start testing...
+ rm -rf a.out log
+ gcc -std=c11 -pedantic -lunistring libunistring_test.c
+ CHECK_RESULT 0 0 0 'compile libunistring_test.c failed'
+ actual_result=0
+ expect_result=0
+ mode=0
+ error_log='compile libunistring_test.c failed'
+ exit_mode=0
+ '[' -z 0 ']'
+ '[' 0 -eq 0 ']'
+ test 0x '!=' 0x
+ return 0
+ ls a.out
a.out
+ CHECK_RESULT 0 0 0 'compile a.out failed'
+ actual_result=0
+ expect_result=0
+ mode=0
+ error_log='compile a.out failed'
+ exit_mode=0
+ '[' -z 0 ']'
+ '[' 0 -eq 0 ']'
+ test 0x '!=' 0x
+ return 0
+ ./a.out
+ grep 0000001000101 log
0000001000101
+ CHECK_RESULT 0 0 0 'compile a.out failed'
+ actual_result=0
+ expect_result=0
+ mode=0
+ error_log='compile a.out failed'
+ exit_mode=0
+ '[' -z 0 ']'
+ '[' 0 -eq 0 ']'
+ test 0x '!=' 0x
+ return 0
+ LOG_INFO 'Finish test!'
+ message='Finish test!'
+ python3 /root/mugen/libs/locallibs/mugen_log.py --level info --message 'Finish test!'
Wed Sep 27 14:30:33 2023 - INFO  - Finish test!
+ CASE_RESULT 0
+ case_re=0
+ test -z ''
+ test 0 -eq 0
+ LOG_INFO 'succeed to execute the case.'
+ message='succeed to execute the case.'
+ python3 /root/mugen/libs/locallibs/mugen_log.py --level info --message 'succeed to execute the case.'
Wed Sep 27 14:30:33 2023 - INFO  - succeed to execute the case.
+ exec_result=
+ exit 0
+ post_test
+ LOG_INFO 'start environment cleanup.'
+ message='start environment cleanup.'
+ python3 /root/mugen/libs/locallibs/mugen_log.py --level info --message 'start environment cleanup.'
Wed Sep 27 14:30:33 2023 - INFO  - start environment cleanup.
+ rm -rf a.out log
+ DNF_REMOVE
+ node=1
+ pkg_list=
+ mode=0
+ [[ -z /tmp/tmpasgftsii ]]
+ '[' 0 -ne 0 ']'
+ '[' 1 == 0 ']'
+ python3 /root/mugen/libs/locallibs/rpm_manage.py remove --node 1 --pkgs '' --tempfile /tmp/tmpasgftsii
+ tmpfile2='Last metadata expiration check: 0:35:51 ago on Wed 27 Sep 2023 01:54:26 PM UTC.
Package libunistring-1.1-2.oe2309.x86_64 is already installed.
Dependencies resolved.
================================================================================
 Package               Arch      Version                    Repository     Size
================================================================================
Installing:
 gcc                   x86_64    12.3.1-16.oe2309           OS             33 M
 libunistring-devel    x86_64    1.1-2.oe2309               everything    100 k
Installing dependencies:
 binutils              x86_64    2.40-3.oe2309              OS            7.2 M
 binutils-gold         x86_64    2.40-3.oe2309              OS            1.4 M
 cpp                   x86_64    12.3.1-16.oe2309           OS             11 M
 glibc-devel           x86_64    2.38-8.oe2309              OS            2.0 M
 isl                   x86_64    0.24-2.oe2309              OS            651 k
 kernel-headers        x86_64    6.4.0-10.1.0.20.oe2309     OS            1.5 M
 libmpc                x86_64    1.3.1-1.oe2309             OS             65 k
 libxcrypt-devel       x86_64    4.4.36-1.oe2309            OS            107 k

Transaction Summary
================================================================================
Install  10 Packages

Total download size: 57 M
Installed size: 183 M
Downloading Packages:
Waiting for process with pid 1148 to finish.
[SKIPPED] binutils-2.40-3.oe2309.x86_64.rpm: Already downloaded                
[SKIPPED] binutils-gold-2.40-3.oe2309.x86_64.rpm: Already downloaded           
[SKIPPED] cpp-12.3.1-16.oe2309.x86_64.rpm: Already downloaded                  
[SKIPPED] gcc-12.3.1-16.oe2309.x86_64.rpm: Already downloaded                  
[SKIPPED] glibc-devel-2.38-8.oe2309.x86_64.rpm: Already downloaded             
[SKIPPED] isl-0.24-2.oe2309.x86_64.rpm: Already downloaded                     
[SKIPPED] kernel-headers-6.4.0-10.1.0.20.oe2309.x86_64.rpm: Already downloaded 
[SKIPPED] libmpc-1.3.1-1.oe2309.x86_64.rpm: Already downloaded                 
[SKIPPED] libxcrypt-devel-4.4.36-1.oe2309.x86_64.rpm: Already downloaded       
[SKIPPED] libunistring-devel-1.1-2.oe2309.x86_64.rpm: Already downloaded       
Running transaction check
Waiting for process with pid 1148 to finish.
[Errno 2] No such file or directory: '\''/var/cache/dnf/OS-4a3d3fcc2c92d920/packages/binutils-2.40-3.oe2309.x86_64.rpm'\''
The downloaded packages were saved in cache until the next successful transaction.
You can remove cached packages by executing '\''dnf clean packages'\''.'
+ '[' -z '' ']'
+ tmpfile='Last metadata expiration check: 0:35:51 ago on Wed 27 Sep 2023 01:54:26 PM UTC.
Package libunistring-1.1-2.oe2309.x86_64 is already installed.
Dependencies resolved.
================================================================================
 Package               Arch      Version                    Repository     Size
================================================================================
Installing:
 gcc                   x86_64    12.3.1-16.oe2309           OS             33 M
 libunistring-devel    x86_64    1.1-2.oe2309               everything    100 k
Installing dependencies:
 binutils              x86_64    2.40-3.oe2309              OS            7.2 M
 binutils-gold         x86_64    2.40-3.oe2309              OS            1.4 M
 cpp                   x86_64    12.3.1-16.oe2309           OS             11 M
 glibc-devel           x86_64    2.38-8.oe2309              OS            2.0 M
 isl                   x86_64    0.24-2.oe2309              OS            651 k
 kernel-headers        x86_64    6.4.0-10.1.0.20.oe2309     OS            1.5 M
 libmpc                x86_64    1.3.1-1.oe2309             OS             65 k
 libxcrypt-devel       x86_64    4.4.36-1.oe2309            OS            107 k

Transaction Summary
================================================================================
Install  10 Packages

Total download size: 57 M
Installed size: 183 M
Downloading Packages:
Waiting for process with pid 1148 to finish.
[SKIPPED] binutils-2.40-3.oe2309.x86_64.rpm: Already downloaded                
[SKIPPED] binutils-gold-2.40-3.oe2309.x86_64.rpm: Already downloaded           
[SKIPPED] cpp-12.3.1-16.oe2309.x86_64.rpm: Already downloaded                  
[SKIPPED] gcc-12.3.1-16.oe2309.x86_64.rpm: Already downloaded                  
[SKIPPED] glibc-devel-2.38-8.oe2309.x86_64.rpm: Already downloaded             
[SKIPPED] isl-0.24-2.oe2309.x86_64.rpm: Already downloaded                     
[SKIPPED] kernel-headers-6.4.0-10.1.0.20.oe2309.x86_64.rpm: Already downloaded 
[SKIPPED] libmpc-1.3.1-1.oe2309.x86_64.rpm: Already downloaded                 
[SKIPPED] libxcrypt-devel-4.4.36-1.oe2309.x86_64.rpm: Already downloaded       
[SKIPPED] libunistring-devel-1.1-2.oe2309.x86_64.rpm: Already downloaded       
Running transaction check
Waiting for process with pid 1148 to finish.
[Errno 2] No such file or directory: '\''/var/cache/dnf/OS-4a3d3fcc2c92d920/packages/binutils-2.40-3.oe2309.x86_64.rpm'\''
The downloaded packages were saved in cache until the next successful transaction.
You can remove cached packages by executing '\''dnf clean packages'\''.'
+ LOG_INFO 'End of environmental preparation!'
+ message='End of environmental preparation!'
+ python3 /root/mugen/libs/locallibs/mugen_log.py --level info --message 'End of environmental preparation!'
Wed Sep 27 14:30:34 2023 - INFO  - End of environmental preparation!
++ type -t run_test
+ '[' -n function ']'
+ run_test
+ LOG_INFO 'Start testing...'
+ message='Start testing...'
+ python3 /root/mugen/libs/locallibs/mugen_log.py --level info --message 'Start testing...'
Wed Sep 27 14:30:34 2023 - INFO  - Start testing...
+ rm -rf a.out log
+ gcc -std=c11 -pedantic -lunistring libunistring_test.c
gcc: fatal error: ‘-fuse-linker-plugin’, but liblto_plugin.so not found
compilation terminated.
+ CHECK_RESULT 1 0 0 'compile libunistring_test.c failed'
+ actual_result=1
+ expect_result=0
+ mode=0
+ error_log='compile libunistring_test.c failed'
+ exit_mode=0
+ '[' -z 1 ']'
+ '[' 0 -eq 0 ']'
+ test 1x '!=' 0x
+ test -n 'compile libunistring_test.c failed'
+ LOG_ERROR 'compile libunistring_test.c failed'
+ message='compile libunistring_test.c failed'
+ python3 /root/mugen/libs/locallibs/mugen_log.py --level error --message 'compile libunistring_test.c failed'
Wed Sep 27 14:30:34 2023 - ERROR - compile libunistring_test.c failed
+ (( exec_result++ ))
+ LOG_ERROR 'oe_test_libunistring.sh line 32'
+ message='oe_test_libunistring.sh line 32'
+ python3 /root/mugen/libs/locallibs/mugen_log.py --level error --message 'oe_test_libunistring.sh line 32'
Wed Sep 27 14:30:34 2023 - ERROR - oe_test_libunistring.sh line 32
+ '[' 0 -eq 1 ']'
+ return 0
+ ls a.out
ls: cannot access 'a.out': No such file or directory
+ CHECK_RESULT 2 0 0 'compile a.out failed'
+ actual_result=2
+ expect_result=0
+ mode=0
+ error_log='compile a.out failed'
+ exit_mode=0
+ '[' -z 2 ']'
+ '[' 0 -eq 0 ']'
+ test 2x '!=' 0x
+ test -n 'compile a.out failed'
+ LOG_ERROR 'compile a.out failed'
+ message='compile a.out failed'
+ python3 /root/mugen/libs/locallibs/mugen_log.py --level error --message 'compile a.out failed'
Wed Sep 27 14:30:34 2023 - ERROR - compile a.out failed
+ (( exec_result++ ))
+ LOG_ERROR 'oe_test_libunistring.sh line 34'
+ message='oe_test_libunistring.sh line 34'
+ python3 /root/mugen/libs/locallibs/mugen_log.py --level error --message 'oe_test_libunistring.sh line 34'
Wed Sep 27 14:30:34 2023 - ERROR - oe_test_libunistring.sh line 34
+ '[' 0 -eq 1 ']'
+ return 0
+ ./a.out
+ grep 0000001000101 log
+ CHECK_RESULT 1 0 0 'compile a.out failed'
+ actual_result=1
+ expect_result=0
+ mode=0
+ error_log='compile a.out failed'
+ exit_mode=0
+ '[' -z 1 ']'
+ '[' 0 -eq 0 ']'
+ test 1x '!=' 0x
+ test -n 'compile a.out failed'
+ LOG_ERROR 'compile a.out failed'
+ message='compile a.out failed'
+ python3 /root/mugen/libs/locallibs/mugen_log.py --level error --message 'compile a.out failed'
Wed Sep 27 14:30:34 2023 - ERROR - compile a.out failed
+ (( exec_result++ ))
+ LOG_ERROR 'oe_test_libunistring.sh line 37'
+ message='oe_test_libunistring.sh line 37'
+ python3 /root/mugen/libs/locallibs/mugen_log.py --level error --message 'oe_test_libunistring.sh line 37'
Wed Sep 27 14:30:34 2023 - ERROR - oe_test_libunistring.sh line 37
+ '[' 0 -eq 1 ']'
+ return 0
+ LOG_INFO 'Finish test!'
+ message='Finish test!'
+ python3 /root/mugen/libs/locallibs/mugen_log.py --level info --message 'Finish test!'
Wed Sep 27 14:30:34 2023 - INFO  - Finish test!
+ CASE_RESULT 0
+ case_re=0
+ test -z 3
+ test 3 -gt 0
+ LOG_ERROR 'failed to execute the case.'
+ message='failed to execute the case.'
+ python3 /root/mugen/libs/locallibs/mugen_log.py --level error --message 'failed to execute the case.'
Wed Sep 27 14:30:34 2023 - ERROR - failed to execute the case.
+ exit 3
+ post_test
+ LOG_INFO 'start environment cleanup.'
+ message='start environment cleanup.'
+ python3 /root/mugen/libs/locallibs/mugen_log.py --level info --message 'start environment cleanup.'
Wed Sep 27 14:30:34 2023 - INFO  - start environment cleanup.
+ rm -rf a.out log
+ DNF_REMOVE
+ node=1
+ pkg_list=
+ mode=0
+ [[ -z Last metadata expiration check: 0:35:51 ago on Wed 27 Sep 2023 01:54:26 PM UTC.
Package libunistring-1.1-2.oe2309.x86_64 is already installed.
Dependencies resolved.
================================================================================
 Package               Arch      Version                    Repository     Size
================================================================================
Installing:
 gcc                   x86_64    12.3.1-16.oe2309           OS             33 M
 libunistring-devel    x86_64    1.1-2.oe2309               everything    100 k
Installing dependencies:
 binutils              x86_64    2.40-3.oe2309              OS            7.2 M
 binutils-gold         x86_64    2.40-3.oe2309              OS            1.4 M
 cpp                   x86_64    12.3.1-16.oe2309           OS             11 M
 glibc-devel           x86_64    2.38-8.oe2309              OS            2.0 M
 isl                   x86_64    0.24-2.oe2309              OS            651 k
 kernel-headers        x86_64    6.4.0-10.1.0.20.oe2309     OS            1.5 M
 libmpc                x86_64    1.3.1-1.oe2309             OS             65 k
 libxcrypt-devel       x86_64    4.4.36-1.oe2309            OS            107 k

Transaction Summary
================================================================================
Install  10 Packages

Total download size: 57 M
Installed size: 183 M
Downloading Packages:
Waiting for process with pid 1148 to finish.
[SKIPPED] binutils-2.40-3.oe2309.x86_64.rpm: Already downloaded                
[SKIPPED] binutils-gold-2.40-3.oe2309.x86_64.rpm: Already downloaded           
[SKIPPED] cpp-12.3.1-16.oe2309.x86_64.rpm: Already downloaded                  
[SKIPPED] gcc-12.3.1-16.oe2309.x86_64.rpm: Already downloaded                  
[SKIPPED] glibc-devel-2.38-8.oe2309.x86_64.rpm: Already downloaded             
[SKIPPED] isl-0.24-2.oe2309.x86_64.rpm: Already downloaded                     
[SKIPPED] kernel-headers-6.4.0-10.1.0.20.oe2309.x86_64.rpm: Already downloaded 
[SKIPPED] libmpc-1.3.1-1.oe2309.x86_64.rpm: Already downloaded                 
[SKIPPED] libxcrypt-devel-4.4.36-1.oe2309.x86_64.rpm: Already downloaded       
[SKIPPED] libunistring-devel-1.1-2.oe2309.x86_64.rpm: Already downloaded       
Running transaction check
Waiting for process with pid 1148 to finish.
[Errno 2] No such file or directory: '/var/cache/dnf/OS-4a3d3fcc2c92d920/packages/binutils-2.40-3.oe2309.x86_64.rpm'
The downloaded packages were saved in cache until the next successful transaction.
You can remove cached packages by executing 'dnf clean packages'. ]]
+ '[' 0 -ne 0 ']'
+ '[' 1 == 0 ']'
+ python3 /root/mugen/libs/locallibs/rpm_manage.py remove --node 1 --pkgs '' --tempfile 'Last metadata expiration check: 0:35:51 ago on Wed 27 Sep 2023 01:54:26 PM UTC.
Package libunistring-1.1-2.oe2309.x86_64 is already installed.
Dependencies resolved.
================================================================================
 Package               Arch      Version                    Repository     Size
================================================================================
Installing:
 gcc                   x86_64    12.3.1-16.oe2309           OS             33 M
 libunistring-devel    x86_64    1.1-2.oe2309               everything    100 k
Installing dependencies:
 binutils              x86_64    2.40-3.oe2309              OS            7.2 M
 binutils-gold         x86_64    2.40-3.oe2309              OS            1.4 M
 cpp                   x86_64    12.3.1-16.oe2309           OS             11 M
 glibc-devel           x86_64    2.38-8.oe2309              OS            2.0 M
 isl                   x86_64    0.24-2.oe2309              OS            651 k
 kernel-headers        x86_64    6.4.0-10.1.0.20.oe2309     OS            1.5 M
 libmpc                x86_64    1.3.1-1.oe2309             OS             65 k
 libxcrypt-devel       x86_64    4.4.36-1.oe2309            OS            107 k

Transaction Summary
================================================================================
Install  10 Packages

Total download size: 57 M
Installed size: 183 M
Downloading Packages:
Waiting for process with pid 1148 to finish.
[SKIPPED] binutils-2.40-3.oe2309.x86_64.rpm: Already downloaded                
[SKIPPED] binutils-gold-2.40-3.oe2309.x86_64.rpm: Already downloaded           
[SKIPPED] cpp-12.3.1-16.oe2309.x86_64.rpm: Already downloaded                  
[SKIPPED] gcc-12.3.1-16.oe2309.x86_64.rpm: Already downloaded                  
[SKIPPED] glibc-devel-2.38-8.oe2309.x86_64.rpm: Already downloaded             
[SKIPPED] isl-0.24-2.oe2309.x86_64.rpm: Already downloaded                     
[SKIPPED] kernel-headers-6.4.0-10.1.0.20.oe2309.x86_64.rpm: Already downloaded 
[SKIPPED] libmpc-1.3.1-1.oe2309.x86_64.rpm: Already downloaded                 
[SKIPPED] libxcrypt-devel-4.4.36-1.oe2309.x86_64.rpm: Already downloaded       
[SKIPPED] libunistring-devel-1.1-2.oe2309.x86_64.rpm: Already downloaded       
Running transaction check
Waiting for process with pid 1148 to finish.
[Errno 2] No such file or directory: '\''/var/cache/dnf/OS-4a3d3fcc2c92d920/packages/binutils-2.40-3.oe2309.x86_64.rpm'\''
The downloaded packages were saved in cache until the next successful transaction.
You can remove cached packages by executing '\''dnf clean packages'\''.'
Traceback (most recent call last):
  File "/root/mugen/libs/locallibs/rpm_manage.py", line 192, in <module>
    exitcode = rpm_remove(args.node, args.pkgs, args.tempfile)
               ^^^^^^^^^^^^^^^^^^^^^^^^^^^^^^^^^^^^^^^^^^^^^^^
  File "/root/mugen/libs/locallibs/rpm_manage.py", line 163, in rpm_remove
    with open(tmpfile, "r") as f:
         ^^^^^^^^^^^^^^^^^^
OSError: [Errno 36] File name too long: "Last metadata expiration check: 0:35:51 ago on Wed 27 Sep 2023 01:54:26 PM UTC.\nPackage libunistring-1.1-2.oe2309.x86_64 is already installed.\nDependencies resolved.\n================================================================================\n Package               Arch      Version                    Repository     Size\n================================================================================\nInstalling:\n gcc                   x86_64    12.3.1-16.oe2309           OS             33 M\n libunistring-devel    x86_64    1.1-2.oe2309               everything    100 k\nInstalling dependencies:\n binutils              x86_64    2.40-3.oe2309              OS            7.2 M\n binutils-gold         x86_64    2.40-3.oe2309              OS            1.4 M\n cpp                   x86_64    12.3.1-16.oe2309           OS             11 M\n glibc-devel           x86_64    2.38-8.oe2309              OS            2.0 M\n isl                   x86_64    0.24-2.oe2309              OS            651 k\n kernel-headers        x86_64    6.4.0-10.1.0.20.oe2309     OS            1.5 M\n libmpc                x86_64    1.3.1-1.oe2309             OS             65 k\n libxcrypt-devel       x86_64    4.4.36-1.oe2309            OS            107 k\n\nTransaction Summary\n================================================================================\nInstall  10 Packages\n\nTotal download size: 57 M\nInstalled size: 183 M\nDownloading Packages:\nWaiting for process with pid 1148 to finish.\n[SKIPPED] binutils-2.40-3.oe2309.x86_64.rpm: Already downloaded                \n[SKIPPED] binutils-gold-2.40-3.oe2309.x86_64.rpm: Already downloaded           \n[SKIPPED] cpp-12.3.1-16.oe2309.x86_64.rpm: Already downloaded                  \n[SKIPPED] gcc-12.3.1-16.oe2309.x86_64.rpm: Already downloaded                  \n[SKIPPED] glibc-devel-2.38-8.oe2309.x86_64.rpm: Already downloaded             \n[SKIPPED] isl-0.24-2.oe2309.x86_64.rpm: Already downloaded                     \n[SKIPPED] kernel-headers-6.4.0-10.1.0.20.oe2309.x86_64.rpm: Already downloaded \n[SKIPPED] libmpc-1.3.1-1.oe2309.x86_64.rpm: Already downloaded                 \n[SKIPPED] libxcrypt-devel-4.4.36-1.oe2309.x86_64.rpm: Already downloaded       \n[SKIPPED] libunistring-devel-1.1-2.oe2309.x86_64.rpm: Already downloaded       \nRunning transaction check\nWaiting for process with pid 1148 to finish.\n[Errno 2] No such file or directory: '/var/cache/dnf/OS-4a3d3fcc2c92d920/packages/binutils-2.40-3.oe2309.x86_64.rpm'\nThe downloaded packages were saved in cache until the next successful transaction.\nYou can remove cached packages by executing 'dnf clean packages'."
+ '[' 0 -ne 0 ']'
+ LOG_INFO 'Finish environment cleanup!'
+ message='Finish environment cleanup!'
+ python3 /root/mugen/libs/locallibs/mugen_log.py --level info --message 'Finish environment cleanup!'
Wed Sep 27 14:30:34 2023 - INFO  - Finish environment cleanup!
+ '[' 0 -ne 0 ']'
+ LOG_INFO 'Finish environment cleanup!'
+ message='Finish environment cleanup!'
+ python3 /root/mugen/libs/locallibs/mugen_log.py --level info --message 'Finish environment cleanup!'
Wed Sep 27 14:30:34 2023 - INFO  - Finish environment cleanup!
