+ source /root/mugen/libs/locallibs/common_lib.sh
++ python3 --version
++ '[' 0 -eq 0 ']'
++ source /root/mugen/libs/locallibs/common_lib_python.sh
+ main
++ type -t post_test
+ '[' -n function ']'
+ trap post_test EXIT INT HUP TERM
+ rpm -qa
+ grep expect
++ type -t config_params
+ '[' -n '' ']'
++ type -t pre_test
+ '[' -n '' ']'
++ type -t run_test
+ '[' -n function ']'
+ run_test
+ LOG_INFO 'Start to run test.'
+ message='Start to run test.'
+ python3 /root/mugen/libs/locallibs/mugen_log.py --level info --message 'Start to run test.'
Tue Sep  5 09:43:28 2023 - INFO  - Start to run test.
++ P_SSH_CMD --node 2 --cmd 'firewall-cmd --state'
++ python3 /root/mugen/libs/locallibs/ssh_cmd.py --node 2 --cmd 'firewall-cmd --state'
+ CHECK_RESULT 'bash: line 1: firewall-cmd: command not found' running 0 'firewalld.service not running'
+ actual_result='bash: line 1: firewall-cmd: command not found'
+ expect_result=running
+ mode=0
+ error_log='firewalld.service not running'
+ exit_mode=0
+ '[' -z 'bash: line 1: firewall-cmd: command not found' ']'
+ '[' 0 -eq 0 ']'
+ test 'bash: line 1: firewall-cmd: command not foundx' '!=' runningx
+ test -n 'firewalld.service not running'
+ LOG_ERROR 'firewalld.service not running'
+ message='firewalld.service not running'
+ python3 /root/mugen/libs/locallibs/mugen_log.py --level error --message 'firewalld.service not running'
Tue Sep  5 09:44:06 2023 - ERROR - firewalld.service not running
+ (( exec_result++ ))
+ LOG_ERROR 'oe_test_firewalld_permanent_rules_in_effect.sh line 23'
+ message='oe_test_firewalld_permanent_rules_in_effect.sh line 23'
+ python3 /root/mugen/libs/locallibs/mugen_log.py --level error --message 'oe_test_firewalld_permanent_rules_in_effect.sh line 23'
Tue Sep  5 09:44:07 2023 - ERROR - oe_test_firewalld_permanent_rules_in_effect.sh line 23
+ '[' 0 -eq 1 ']'
+ return 0
+ RichRule='rule family="ipv6" port port="11" protocol="tcp" mark set=11/11'
+ P_SSH_CMD --node 2 --cmd 'firewall-cmd --remove-rich-rule='\''rule family="ipv6" port port="11" protocol="tcp" mark set=11/11'\'''
+ python3 /root/mugen/libs/locallibs/ssh_cmd.py --node 2 --cmd 'firewall-cmd --remove-rich-rule='\''rule family="ipv6" port port="11" protocol="tcp" mark set=11/11'\'''
Exception (client): Error reading SSH protocol banner
Traceback (most recent call last):
  File "/usr/lib/python3.11/site-packages/paramiko/transport.py", line 2292, in _check_banner
    buf = self.packetizer.readline(timeout)
          ^^^^^^^^^^^^^^^^^^^^^^^^^^^^^^^^^
  File "/usr/lib/python3.11/site-packages/paramiko/packet.py", line 374, in readline
    buf += self._read_timeout(timeout)
           ^^^^^^^^^^^^^^^^^^^^^^^^^^^
  File "/usr/lib/python3.11/site-packages/paramiko/packet.py", line 611, in _read_timeout
    raise socket.timeout()
TimeoutError

During handling of the above exception, another exception occurred:

Traceback (most recent call last):
  File "/usr/lib/python3.11/site-packages/paramiko/transport.py", line 2113, in run
    self._check_banner()
  File "/usr/lib/python3.11/site-packages/paramiko/transport.py", line 2296, in _check_banner
    raise SSHException(
paramiko.ssh_exception.SSHException: Error reading SSH protocol banner

Tue Sep  5 09:44:25 2023 - ERROR - Failed to connect the remote machine:10.0.0.6.
Tue Sep  5 09:44:25 2023 - ERROR - Error reading SSH protocol banner

+ P_SSH_CMD --node 2 --cmd 'firewall-cmd --permanent --remove-rich-rule='\''rule family="ipv6" port port="11" protocol="tcp" mark set=11/11'\'''
+ python3 /root/mugen/libs/locallibs/ssh_cmd.py --node 2 --cmd 'firewall-cmd --permanent --remove-rich-rule='\''rule family="ipv6" port port="11" protocol="tcp" mark set=11/11'\'''
bash: line 1: firewall-cmd: command not found
++ P_SSH_CMD --node 2 --cmd 'firewall-cmd --list-rich-rules'
++ grep -v '^$'
++ python3 /root/mugen/libs/locallibs/ssh_cmd.py --node 2 --cmd 'firewall-cmd --list-rich-rules'
+ CHECK_RESULT 'bash: line 1: firewall-cmd: command not found' '' 0 'default runtime firewall rich rule check fail'
+ actual_result='bash: line 1: firewall-cmd: command not found'
+ expect_result=
+ mode=0
+ error_log='default runtime firewall rich rule check fail'
+ exit_mode=0
+ '[' -z 'bash: line 1: firewall-cmd: command not found' ']'
+ '[' 0 -eq 0 ']'
+ test 'bash: line 1: firewall-cmd: command not foundx' '!=' x
+ test -n 'default runtime firewall rich rule check fail'
+ LOG_ERROR 'default runtime firewall rich rule check fail'
+ message='default runtime firewall rich rule check fail'
+ python3 /root/mugen/libs/locallibs/mugen_log.py --level error --message 'default runtime firewall rich rule check fail'
Tue Sep  5 09:44:37 2023 - ERROR - default runtime firewall rich rule check fail
+ (( exec_result++ ))
+ LOG_ERROR 'oe_test_firewalld_permanent_rules_in_effect.sh line 27'
+ message='oe_test_firewalld_permanent_rules_in_effect.sh line 27'
+ python3 /root/mugen/libs/locallibs/mugen_log.py --level error --message 'oe_test_firewalld_permanent_rules_in_effect.sh line 27'
Tue Sep  5 09:44:38 2023 - ERROR - oe_test_firewalld_permanent_rules_in_effect.sh line 27
+ '[' 0 -eq 1 ']'
+ return 0
++ P_SSH_CMD --node 2 --cmd 'firewall-cmd --permanent --list-rich-rules'
++ python3 /root/mugen/libs/locallibs/ssh_cmd.py --node 2 --cmd 'firewall-cmd --permanent --list-rich-rules'
++ grep -v '^$'
+ CHECK_RESULT 'bash: line 1: firewall-cmd: command not found' '' 0 'default permanent firewall rich rule check fail'
+ actual_result='bash: line 1: firewall-cmd: command not found'
+ expect_result=
+ mode=0
+ error_log='default permanent firewall rich rule check fail'
+ exit_mode=0
+ '[' -z 'bash: line 1: firewall-cmd: command not found' ']'
+ '[' 0 -eq 0 ']'
+ test 'bash: line 1: firewall-cmd: command not foundx' '!=' x
+ test -n 'default permanent firewall rich rule check fail'
+ LOG_ERROR 'default permanent firewall rich rule check fail'
+ message='default permanent firewall rich rule check fail'
+ python3 /root/mugen/libs/locallibs/mugen_log.py --level error --message 'default permanent firewall rich rule check fail'
Tue Sep  5 09:46:36 2023 - ERROR - default permanent firewall rich rule check fail
+ (( exec_result++ ))
+ LOG_ERROR 'oe_test_firewalld_permanent_rules_in_effect.sh line 28'
+ message='oe_test_firewalld_permanent_rules_in_effect.sh line 28'
+ python3 /root/mugen/libs/locallibs/mugen_log.py --level error --message 'oe_test_firewalld_permanent_rules_in_effect.sh line 28'
Tue Sep  5 09:46:37 2023 - ERROR - oe_test_firewalld_permanent_rules_in_effect.sh line 28
+ '[' 0 -eq 1 ']'
+ return 0
+ P_SSH_CMD --node 2 --cmd 'firewall-cmd --permanent --add-rich-rule='\''rule family="ipv6" port port="11" protocol="tcp" mark set=11/11'\'''
+ python3 /root/mugen/libs/locallibs/ssh_cmd.py --node 2 --cmd 'firewall-cmd --permanent --add-rich-rule='\''rule family="ipv6" port port="11" protocol="tcp" mark set=11/11'\'''
bash: line 1: firewall-cmd: command not found
++ P_SSH_CMD --node 2 --cmd 'firewall-cmd --list-rich-rules'
++ python3 /root/mugen/libs/locallibs/ssh_cmd.py --node 2 --cmd 'firewall-cmd --list-rich-rules'
++ grep -v '^$'
+ CHECK_RESULT 'bash: line 1: firewall-cmd: command not found' '' 0 'add permanent firewall rich rule, runtime firewall rich rule check fail'
+ actual_result='bash: line 1: firewall-cmd: command not found'
+ expect_result=
+ mode=0
+ error_log='add permanent firewall rich rule, runtime firewall rich rule check fail'
+ exit_mode=0
+ '[' -z 'bash: line 1: firewall-cmd: command not found' ']'
+ '[' 0 -eq 0 ']'
+ test 'bash: line 1: firewall-cmd: command not foundx' '!=' x
+ test -n 'add permanent firewall rich rule, runtime firewall rich rule check fail'
+ LOG_ERROR 'add permanent firewall rich rule, runtime firewall rich rule check fail'
+ message='add permanent firewall rich rule, runtime firewall rich rule check fail'
+ python3 /root/mugen/libs/locallibs/mugen_log.py --level error --message 'add permanent firewall rich rule, runtime firewall rich rule check fail'
Tue Sep  5 09:46:50 2023 - ERROR - add permanent firewall rich rule, runtime firewall rich rule check fail
+ (( exec_result++ ))
+ LOG_ERROR 'oe_test_firewalld_permanent_rules_in_effect.sh line 31'
+ message='oe_test_firewalld_permanent_rules_in_effect.sh line 31'
+ python3 /root/mugen/libs/locallibs/mugen_log.py --level error --message 'oe_test_firewalld_permanent_rules_in_effect.sh line 31'
Tue Sep  5 09:46:51 2023 - ERROR - oe_test_firewalld_permanent_rules_in_effect.sh line 31
+ '[' 0 -eq 1 ']'
+ return 0
++ P_SSH_CMD --node 2 --cmd 'firewall-cmd --permanent --list-rich-rules'
++ python3 /root/mugen/libs/locallibs/ssh_cmd.py --node 2 --cmd 'firewall-cmd --permanent --list-rich-rules'
++ grep -v '^$'
+ CHECK_RESULT 'bash: line 1: firewall-cmd: command not found' 'rule family="ipv6" port port="11" protocol="tcp" mark set=11/11' 0 'add permanent firewall rich rule, permanent firewall rich rule check fail'
+ actual_result='bash: line 1: firewall-cmd: command not found'
+ expect_result='rule family="ipv6" port port="11" protocol="tcp" mark set=11/11'
+ mode=0
+ error_log='add permanent firewall rich rule, permanent firewall rich rule check fail'
+ exit_mode=0
+ '[' -z 'bash: line 1: firewall-cmd: command not found' ']'
+ '[' 0 -eq 0 ']'
+ test 'bash: line 1: firewall-cmd: command not foundx' '!=' 'rule family="ipv6" port port="11" protocol="tcp" mark set=11/11x'
+ test -n 'add permanent firewall rich rule, permanent firewall rich rule check fail'
+ LOG_ERROR 'add permanent firewall rich rule, permanent firewall rich rule check fail'
+ message='add permanent firewall rich rule, permanent firewall rich rule check fail'
+ python3 /root/mugen/libs/locallibs/mugen_log.py --level error --message 'add permanent firewall rich rule, permanent firewall rich rule check fail'
Tue Sep  5 09:46:57 2023 - ERROR - add permanent firewall rich rule, permanent firewall rich rule check fail
+ (( exec_result++ ))
+ LOG_ERROR 'oe_test_firewalld_permanent_rules_in_effect.sh line 32'
+ message='oe_test_firewalld_permanent_rules_in_effect.sh line 32'
+ python3 /root/mugen/libs/locallibs/mugen_log.py --level error --message 'oe_test_firewalld_permanent_rules_in_effect.sh line 32'
Tue Sep  5 09:46:58 2023 - ERROR - oe_test_firewalld_permanent_rules_in_effect.sh line 32
+ '[' 0 -eq 1 ']'
+ return 0
+ REMOTE_REBOOT 2 15
+ node=2
+ waittime=15
+ '[' 15x '!=' x ']'
+ python3 /root/mugen/libs/locallibs/remote_reboot.py reboot --node 2 --waittime 15
Tue Sep  5 09:47:06 2023 - WARN  - Failed to connect the remote machine:10.0.0.6.
Tue Sep  5 09:47:06 2023 - WARN  - [Errno None] Unable to connect to port 22 on 10.0.0.6
+ sleep 30
++ P_SSH_CMD --node 2 --cmd 'firewall-cmd --list-rich-rules'
++ python3 /root/mugen/libs/locallibs/ssh_cmd.py --node 2 --cmd 'firewall-cmd --list-rich-rules'
++ grep -v '^$'
+ CHECK_RESULT 'bash: line 1: firewall-cmd: command not found' 'rule family="ipv6" port port="11" protocol="tcp" mark set=11/11' 0 'after reboot, runtime firewall rich rule check fail'
+ actual_result='bash: line 1: firewall-cmd: command not found'
+ expect_result='rule family="ipv6" port port="11" protocol="tcp" mark set=11/11'
+ mode=0
+ error_log='after reboot, runtime firewall rich rule check fail'
+ exit_mode=0
+ '[' -z 'bash: line 1: firewall-cmd: command not found' ']'
+ '[' 0 -eq 0 ']'
+ test 'bash: line 1: firewall-cmd: command not foundx' '!=' 'rule family="ipv6" port port="11" protocol="tcp" mark set=11/11x'
+ test -n 'after reboot, runtime firewall rich rule check fail'
+ LOG_ERROR 'after reboot, runtime firewall rich rule check fail'
+ message='after reboot, runtime firewall rich rule check fail'
+ python3 /root/mugen/libs/locallibs/mugen_log.py --level error --message 'after reboot, runtime firewall rich rule check fail'
Tue Sep  5 09:48:19 2023 - ERROR - after reboot, runtime firewall rich rule check fail
+ (( exec_result++ ))
+ LOG_ERROR 'oe_test_firewalld_permanent_rules_in_effect.sh line 36'
+ message='oe_test_firewalld_permanent_rules_in_effect.sh line 36'
+ python3 /root/mugen/libs/locallibs/mugen_log.py --level error --message 'oe_test_firewalld_permanent_rules_in_effect.sh line 36'
Tue Sep  5 09:48:20 2023 - ERROR - oe_test_firewalld_permanent_rules_in_effect.sh line 36
+ '[' 0 -eq 1 ']'
+ return 0
++ P_SSH_CMD --node 2 --cmd 'firewall-cmd --permanent --list-rich-rules'
++ grep -v '^$'
++ python3 /root/mugen/libs/locallibs/ssh_cmd.py --node 2 --cmd 'firewall-cmd --permanent --list-rich-rules'
+ CHECK_RESULT 'bash: line 1: firewall-cmd: command not found' 'rule family="ipv6" port port="11" protocol="tcp" mark set=11/11' 0 'after reboot, permanent firewall rich rule check fail'
+ actual_result='bash: line 1: firewall-cmd: command not found'
+ expect_result='rule family="ipv6" port port="11" protocol="tcp" mark set=11/11'
+ mode=0
+ error_log='after reboot, permanent firewall rich rule check fail'
+ exit_mode=0
+ '[' -z 'bash: line 1: firewall-cmd: command not found' ']'
+ '[' 0 -eq 0 ']'
+ test 'bash: line 1: firewall-cmd: command not foundx' '!=' 'rule family="ipv6" port port="11" protocol="tcp" mark set=11/11x'
+ test -n 'after reboot, permanent firewall rich rule check fail'
+ LOG_ERROR 'after reboot, permanent firewall rich rule check fail'
+ message='after reboot, permanent firewall rich rule check fail'
+ python3 /root/mugen/libs/locallibs/mugen_log.py --level error --message 'after reboot, permanent firewall rich rule check fail'
Tue Sep  5 09:48:27 2023 - ERROR - after reboot, permanent firewall rich rule check fail
+ (( exec_result++ ))
+ LOG_ERROR 'oe_test_firewalld_permanent_rules_in_effect.sh line 37'
+ message='oe_test_firewalld_permanent_rules_in_effect.sh line 37'
+ python3 /root/mugen/libs/locallibs/mugen_log.py --level error --message 'oe_test_firewalld_permanent_rules_in_effect.sh line 37'
Tue Sep  5 09:48:27 2023 - ERROR - oe_test_firewalld_permanent_rules_in_effect.sh line 37
+ '[' 0 -eq 1 ']'
+ return 0
+ LOG_INFO 'End to run test.'
+ message='End to run test.'
+ python3 /root/mugen/libs/locallibs/mugen_log.py --level info --message 'End to run test.'
Tue Sep  5 09:48:28 2023 - INFO  - End to run test.
+ CASE_RESULT 0
+ case_re=0
+ test -z 7
+ test 7 -gt 0
+ LOG_ERROR 'failed to execute the case.'
+ message='failed to execute the case.'
+ python3 /root/mugen/libs/locallibs/mugen_log.py --level error --message 'failed to execute the case.'
Tue Sep  5 09:48:29 2023 - ERROR - failed to execute the case.
+ exit 7
+ post_test
+ LOG_INFO 'Start to restore the test environment.'
+ message='Start to restore the test environment.'
+ python3 /root/mugen/libs/locallibs/mugen_log.py --level info --message 'Start to restore the test environment.'
Tue Sep  5 09:48:29 2023 - INFO  - Start to restore the test environment.
+ P_SSH_CMD --node 2 --cmd 'firewall-cmd --remove-rich-rule='\''rule family="ipv6" port port="11" protocol="tcp" mark set=11/11'\'''
+ python3 /root/mugen/libs/locallibs/ssh_cmd.py --node 2 --cmd 'firewall-cmd --remove-rich-rule='\''rule family="ipv6" port port="11" protocol="tcp" mark set=11/11'\'''
bash: line 1: firewall-cmd: command not found
+ P_SSH_CMD --node 2 --cmd 'firewall-cmd --permanent --remove-rich-rule='\''rule family="ipv6" port port="11" protocol="tcp" mark set=11/11'\'''
+ python3 /root/mugen/libs/locallibs/ssh_cmd.py --node 2 --cmd 'firewall-cmd --permanent --remove-rich-rule='\''rule family="ipv6" port port="11" protocol="tcp" mark set=11/11'\'''
bash: line 1: firewall-cmd: command not found
+ LOG_INFO 'End to restore the test environment.'
+ message='End to restore the test environment.'
+ python3 /root/mugen/libs/locallibs/mugen_log.py --level info --message 'End to restore the test environment.'
Tue Sep  5 09:48:42 2023 - INFO  - End to restore the test environment.
