+ source ../common/common_lib.sh
++ source /root/mugen/libs/locallibs/common_lib.sh
+++ python3 --version
+++ '[' 0 -eq 0 ']'
+++ source /root/mugen/libs/locallibs/common_lib_python.sh
+ main
++ type -t post_test
+ '[' -n '' ']'
+ trap POST_TEST_DEFAULT EXIT INT HUP TERM
+ rpm -qa
+ grep expect
++ type -t config_params
+ '[' -n '' ']'
++ type -t pre_test
+ '[' -n '' ']'
++ type -t run_test
+ '[' -n function ']'
+ run_test
+ LOG_INFO 'Start to run test.'
+ message='Start to run test.'
+ python3 /root/mugen/libs/locallibs/mugen_log.py --level info --message 'Start to run test.'
Tue Aug  8 01:05:59 2023 - INFO  - Start to run test.
+ LOG_INFO 'A special target unit that is pulled in by suspend.target, hibernate.target and hybrid-sleep.target and may be used to hook units into the sleep state logic.'
+ message='A special target unit that is pulled in by suspend.target, hibernate.target and hybrid-sleep.target and may be used to hook units into the sleep state logic.'
+ python3 /root/mugen/libs/locallibs/mugen_log.py --level info --message 'A special target unit that is pulled in by suspend.target, hibernate.target and hybrid-sleep.target and may be used to hook units into the sleep state logic.'
Tue Aug  8 01:06:00 2023 - INFO  - A special target unit that is pulled in by suspend.target, hibernate.target and hybrid-sleep.target and may be used to hook units into the sleep state logic.
+ test_oneshot sleep.target 'inactive (dead)'
+ service=sleep.target
+ status='inactive (dead)'
+ grep Active
+ systemctl status sleep.target
+ grep -v 'inactive (dead)'
systemctl: error while loading shared libraries: libsystemd-shared-253.so: cannot open shared object file: No such file or directory
+ CHECK_RESULT 1 0 1 'There is an error for the status of sleep.target'
+ actual_result=1
+ expect_result=0
+ mode=1
+ error_log='There is an error for the status of sleep.target'
+ exit_mode=0
+ '[' -z 1 ']'
+ '[' 1 -eq 0 ']'
+ test 1x == 0x
+ return 0
+ test_enabled sleep.target
+ service=sleep.target
++ systemctl is-enabled sleep.target
systemctl: error while loading shared libraries: libsystemd-shared-253.so: cannot open shared object file: No such file or directory
+ state=
+ '[' '' == enabled ']'
+ '[' '' == disabled ']'
+ '[' '' == masked ']'
+ '[' '' == static ']'
+ LOG_INFO 'Unit is indirect, ignoring.'
+ message='Unit is indirect, ignoring.'
+ python3 /root/mugen/libs/locallibs/mugen_log.py --level info --message 'Unit is indirect, ignoring.'
Tue Aug  8 01:06:00 2023 - INFO  - Unit is indirect, ignoring.
+ journalctl -u sleep.target
+ grep -i 'fail\|error'
+ grep -v -i 'DEBUG\|INFO\|WARNING'
+ CHECK_RESULT 1 0 1 'There is an error message for the log of sleep.target'
+ actual_result=1
+ expect_result=0
+ mode=1
+ error_log='There is an error message for the log of sleep.target'
+ exit_mode=0
+ '[' -z 1 ']'
+ '[' 1 -eq 0 ']'
+ test 1x == 0x
+ return 0
+ LOG_INFO 'End of the test.'
+ message='End of the test.'
+ python3 /root/mugen/libs/locallibs/mugen_log.py --level info --message 'End of the test.'
Tue Aug  8 01:06:01 2023 - INFO  - End of the test.
+ CASE_RESULT 0
+ case_re=0
+ test -z ''
+ test 0 -eq 0
+ LOG_INFO 'succeed to execute the case.'
+ message='succeed to execute the case.'
+ python3 /root/mugen/libs/locallibs/mugen_log.py --level info --message 'succeed to execute the case.'
Tue Aug  8 01:06:01 2023 - INFO  - succeed to execute the case.
+ exec_result=
+ exit 0
+ POST_TEST_DEFAULT
+ LOG_INFO 'oe_test_target_sleep.sh post_test'
+ message='oe_test_target_sleep.sh post_test'
+ python3 /root/mugen/libs/locallibs/mugen_log.py --level info --message 'oe_test_target_sleep.sh post_test'
Tue Aug  8 01:06:02 2023 - INFO  - oe_test_target_sleep.sh post_test
