+ source ../common/common_lib.sh
++ source /root/mugen/libs/locallibs/common_lib.sh
+++ python3 --version
+++ '[' 0 -eq 0 ']'
+++ source /root/mugen/libs/locallibs/common_lib_python.sh
+ main
++ type -t post_test
+ '[' -n function ']'
+ trap post_test EXIT INT HUP TERM
+ rpm -qa
+ grep expect
++ type -t config_params
+ '[' -n '' ']'
++ type -t pre_test
+ '[' -n function ']'
+ pre_test
+ LOG_INFO 'Start environmental preparation.'
+ message='Start environmental preparation.'
+ python3 /root/mugen/libs/locallibs/mugen_log.py --level info --message 'Start environmental preparation.'
Sat Oct  7 15:06:17 2023 - INFO  - Start environmental preparation.
+ P_SSH_CMD --cmd 'dnf install -y network-scripts' --node 2
+ python3 /root/mugen/libs/locallibs/ssh_cmd.py --cmd 'dnf install -y network-scripts' --node 2
Sat Oct  7 15:06:18 2023 - ERROR - Failed to connect the remote machine:127.0.0.1.
Sat Oct  7 15:06:18 2023 - ERROR - Bad authentication type; allowed types: ['publickey', 'gssapi-with-mic']

+ service=network.service
++ date '+%Y-%m-%d %T'
+ log_time='2023-10-07 15:06:18'
+ LOG_INFO 'End of environmental preparation!'
+ message='End of environmental preparation!'
+ python3 /root/mugen/libs/locallibs/mugen_log.py --level info --message 'End of environmental preparation!'
Sat Oct  7 15:06:18 2023 - INFO  - End of environmental preparation!
++ type -t run_test
+ '[' -n function ']'
+ run_test
+ LOG_INFO 'Start testing...'
+ message='Start testing...'
+ python3 /root/mugen/libs/locallibs/mugen_log.py --level info --message 'Start testing...'
Sat Oct  7 15:06:18 2023 - INFO  - Start testing...
+ P_SSH_CMD --cmd 'systemctl restart network.service' --node 2
+ python3 /root/mugen/libs/locallibs/ssh_cmd.py --cmd 'systemctl restart network.service' --node 2
Exception (client): Error reading SSH protocol banner
Traceback (most recent call last):
  File "/usr/lib/python3.11/site-packages/paramiko/transport.py", line 2292, in _check_banner
    buf = self.packetizer.readline(timeout)
          ^^^^^^^^^^^^^^^^^^^^^^^^^^^^^^^^^
  File "/usr/lib/python3.11/site-packages/paramiko/packet.py", line 374, in readline
    buf += self._read_timeout(timeout)
           ^^^^^^^^^^^^^^^^^^^^^^^^^^^
  File "/usr/lib/python3.11/site-packages/paramiko/packet.py", line 603, in _read_timeout
    raise EOFError()
EOFError

During handling of the above exception, another exception occurred:

Traceback (most recent call last):
  File "/usr/lib/python3.11/site-packages/paramiko/transport.py", line 2113, in run
    self._check_banner()
  File "/usr/lib/python3.11/site-packages/paramiko/transport.py", line 2296, in _check_banner
    raise SSHException(
paramiko.ssh_exception.SSHException: Error reading SSH protocol banner

Sat Oct  7 15:06:18 2023 - ERROR - Failed to connect the remote machine:127.0.0.1.
Sat Oct  7 15:06:18 2023 - ERROR - Error reading SSH protocol banner

+ CHECK_RESULT 7 0 0 'network.service restart failed'
+ actual_result=7
+ expect_result=0
+ mode=0
+ error_log='network.service restart failed'
+ exit_mode=0
+ '[' -z 7 ']'
+ '[' 0 -eq 0 ']'
+ test 7x '!=' 0x
+ test -n 'network.service restart failed'
+ LOG_ERROR 'network.service restart failed'
+ message='network.service restart failed'
+ python3 /root/mugen/libs/locallibs/mugen_log.py --level error --message 'network.service restart failed'
Sat Oct  7 15:06:18 2023 - ERROR - network.service restart failed
+ (( exec_result++ ))
+ LOG_ERROR 'oe_test_service_network.sh line 33'
+ message='oe_test_service_network.sh line 33'
+ python3 /root/mugen/libs/locallibs/mugen_log.py --level error --message 'oe_test_service_network.sh line 33'
Sat Oct  7 15:06:18 2023 - ERROR - oe_test_service_network.sh line 33
+ '[' 0 -eq 1 ']'
+ return 0
+ SLEEP_WAIT 5
+ wait_time=5
+ cmd=
+ mode=1
+ python3 /root/mugen/libs/locallibs/sleep_wait.py --time 5 --cmd '' --mode 1
+ P_SSH_CMD --cmd 'systemctl status network.service | grep '\''Active: active'\''' --node 2
+ python3 /root/mugen/libs/locallibs/ssh_cmd.py --cmd 'systemctl status network.service | grep '\''Active: active'\''' --node 2
Sat Oct  7 15:06:23 2023 - ERROR - Failed to connect the remote machine:127.0.0.1.
Sat Oct  7 15:06:23 2023 - ERROR - Bad authentication type; allowed types: ['publickey', 'gssapi-with-mic']

+ CHECK_RESULT 7 0 0 'network.service restart failed'
+ actual_result=7
+ expect_result=0
+ mode=0
+ error_log='network.service restart failed'
+ exit_mode=0
+ '[' -z 7 ']'
+ '[' 0 -eq 0 ']'
+ test 7x '!=' 0x
+ test -n 'network.service restart failed'
+ LOG_ERROR 'network.service restart failed'
+ message='network.service restart failed'
+ python3 /root/mugen/libs/locallibs/mugen_log.py --level error --message 'network.service restart failed'
Sat Oct  7 15:06:23 2023 - ERROR - network.service restart failed
+ (( exec_result++ ))
+ LOG_ERROR 'oe_test_service_network.sh line 36'
+ message='oe_test_service_network.sh line 36'
+ python3 /root/mugen/libs/locallibs/mugen_log.py --level error --message 'oe_test_service_network.sh line 36'
Sat Oct  7 15:06:23 2023 - ERROR - oe_test_service_network.sh line 36
+ '[' 0 -eq 1 ']'
+ return 0
+ P_SSH_CMD --cmd 'journalct --since '\''2023-10-07 15:06:18'\'' -u network.service | grep -i '\''fail\|error'\'' | grep -v -i '\''DEBUG\|INFO\|WARNING'\''' --node 2
+ python3 /root/mugen/libs/locallibs/ssh_cmd.py --cmd 'journalct --since '\''2023-10-07 15:06:18'\'' -u network.service | grep -i '\''fail\|error'\'' | grep -v -i '\''DEBUG\|INFO\|WARNING'\''' --node 2
Sat Oct  7 15:06:23 2023 - ERROR - Failed to connect the remote machine:127.0.0.1.
Sat Oct  7 15:06:23 2023 - ERROR - Bad authentication type; allowed types: ['publickey', 'gssapi-with-mic']

+ CHECK_RESULT 7 0 1 'There is an error message for the log of network.service'
+ actual_result=7
+ expect_result=0
+ mode=1
+ error_log='There is an error message for the log of network.service'
+ exit_mode=0
+ '[' -z 7 ']'
+ '[' 1 -eq 0 ']'
+ test 7x == 0x
+ return 0
+ P_SSH_CMD --cmd 'systemctl start network.service
    systemctl reload network.service 2>&1 | grep '\''Job type reload is not applicable'\''' --node 2
+ python3 /root/mugen/libs/locallibs/ssh_cmd.py --cmd 'systemctl start network.service
    systemctl reload network.service 2>&1 | grep '\''Job type reload is not applicable'\''' --node 2
Exception (client): Error reading SSH protocol banner
Traceback (most recent call last):
  File "/usr/lib/python3.11/site-packages/paramiko/transport.py", line 2292, in _check_banner
    buf = self.packetizer.readline(timeout)
          ^^^^^^^^^^^^^^^^^^^^^^^^^^^^^^^^^
  File "/usr/lib/python3.11/site-packages/paramiko/packet.py", line 374, in readline
    buf += self._read_timeout(timeout)
           ^^^^^^^^^^^^^^^^^^^^^^^^^^^
  File "/usr/lib/python3.11/site-packages/paramiko/packet.py", line 603, in _read_timeout
    raise EOFError()
EOFError

During handling of the above exception, another exception occurred:

Traceback (most recent call last):
  File "/usr/lib/python3.11/site-packages/paramiko/transport.py", line 2113, in run
    self._check_banner()
  File "/usr/lib/python3.11/site-packages/paramiko/transport.py", line 2296, in _check_banner
    raise SSHException(
paramiko.ssh_exception.SSHException: Error reading SSH protocol banner

Sat Oct  7 15:06:23 2023 - ERROR - Failed to connect the remote machine:127.0.0.1.
Sat Oct  7 15:06:23 2023 - ERROR - Error reading SSH protocol banner

+ CHECK_RESULT 7 0 0 'Job type reload is not applicable for unit network.service'
+ actual_result=7
+ expect_result=0
+ mode=0
+ error_log='Job type reload is not applicable for unit network.service'
+ exit_mode=0
+ '[' -z 7 ']'
+ '[' 0 -eq 0 ']'
+ test 7x '!=' 0x
+ test -n 'Job type reload is not applicable for unit network.service'
+ LOG_ERROR 'Job type reload is not applicable for unit network.service'
+ message='Job type reload is not applicable for unit network.service'
+ python3 /root/mugen/libs/locallibs/mugen_log.py --level error --message 'Job type reload is not applicable for unit network.service'
Sat Oct  7 15:06:23 2023 - ERROR - Job type reload is not applicable for unit network.service
+ (( exec_result++ ))
+ LOG_ERROR 'oe_test_service_network.sh line 41'
+ message='oe_test_service_network.sh line 41'
+ python3 /root/mugen/libs/locallibs/mugen_log.py --level error --message 'oe_test_service_network.sh line 41'
Sat Oct  7 15:06:23 2023 - ERROR - oe_test_service_network.sh line 41
+ '[' 0 -eq 1 ']'
+ return 0
+ LOG_INFO 'Finish test!'
+ message='Finish test!'
+ python3 /root/mugen/libs/locallibs/mugen_log.py --level info --message 'Finish test!'
Sat Oct  7 15:06:23 2023 - INFO  - Finish test!
+ CASE_RESULT 0
+ case_re=0
+ test -z 3
+ test 3 -gt 0
+ LOG_ERROR 'failed to execute the case.'
+ message='failed to execute the case.'
+ python3 /root/mugen/libs/locallibs/mugen_log.py --level error --message 'failed to execute the case.'
Sat Oct  7 15:06:23 2023 - ERROR - failed to execute the case.
+ exit 3
+ post_test
+ LOG_INFO 'start environment cleanup.'
+ message='start environment cleanup.'
+ python3 /root/mugen/libs/locallibs/mugen_log.py --level info --message 'start environment cleanup.'
Sat Oct  7 15:06:23 2023 - INFO  - start environment cleanup.
+ P_SSH_CMD --cmd 'dnf remove -y network-scripts' --node 2
+ python3 /root/mugen/libs/locallibs/ssh_cmd.py --cmd 'dnf remove -y network-scripts' --node 2
Exception (client): Error reading SSH protocol banner
Traceback (most recent call last):
  File "/usr/lib/python3.11/site-packages/paramiko/transport.py", line 2292, in _check_banner
    buf = self.packetizer.readline(timeout)
          ^^^^^^^^^^^^^^^^^^^^^^^^^^^^^^^^^
  File "/usr/lib/python3.11/site-packages/paramiko/packet.py", line 374, in readline
    buf += self._read_timeout(timeout)
           ^^^^^^^^^^^^^^^^^^^^^^^^^^^
  File "/usr/lib/python3.11/site-packages/paramiko/packet.py", line 603, in _read_timeout
    raise EOFError()
EOFError

During handling of the above exception, another exception occurred:

Traceback (most recent call last):
  File "/usr/lib/python3.11/site-packages/paramiko/transport.py", line 2113, in run
    self._check_banner()
  File "/usr/lib/python3.11/site-packages/paramiko/transport.py", line 2296, in _check_banner
    raise SSHException(
paramiko.ssh_exception.SSHException: Error reading SSH protocol banner

Sat Oct  7 15:06:23 2023 - ERROR - Failed to connect the remote machine:127.0.0.1.
Sat Oct  7 15:06:23 2023 - ERROR - Error reading SSH protocol banner

+ LOG_INFO 'Finish environment cleanup!'
+ message='Finish environment cleanup!'
+ python3 /root/mugen/libs/locallibs/mugen_log.py --level info --message 'Finish environment cleanup!'
Sat Oct  7 15:06:23 2023 - INFO  - Finish environment cleanup!
